2025-12-15 13:14:31 [[Test worker]] INFO  - Starting AwsSessionDeleteTaskletTest using Java 25.0.1 with PID 35852 (started by fuyutotoda in C:\Users\fuyutotoda\Local_Works\SMCC\app-batch\app-batch\springboot)
2025-12-15 13:14:31 [[Test worker]] INFO  - The following 1 profile is active: "test-session-delete"
2025-12-15 13:14:33 [[Test worker]] WARN  - Skipping MapperFactoryBean with name 'batchesMapper' and 'jp.co.shinsoubatch.infrastructure.mapper.BatchesMapper' mapperInterface. Bean already defined with the same name!
2025-12-15 13:14:33 [[Test worker]] WARN  - Skipping MapperFactoryBean with name 'brandCategoriesMapper' and 'jp.co.shinsoubatch.infrastructure.mapper.BrandCategoriesMapper' mapperInterface. Bean already defined with the same name!
2025-12-15 13:14:33 [[Test worker]] WARN  - Skipping MapperFactoryBean with name 'brandMissionsMapper' and 'jp.co.shinsoubatch.infrastructure.mapper.BrandMissionsMapper' mapperInterface. Bean already defined with the same name!
2025-12-15 13:14:33 [[Test worker]] WARN  - Skipping MapperFactoryBean with name 'brandsMapper' and 'jp.co.shinsoubatch.infrastructure.mapper.BrandsMapper' mapperInterface. Bean already defined with the same name!
2025-12-15 13:14:33 [[Test worker]] WARN  - Skipping MapperFactoryBean with name 'capturedCouponsMapper' and 'jp.co.shinsoubatch.infrastructure.mapper.CapturedCouponsMapper' mapperInterface. Bean already defined with the same name!
2025-12-15 13:14:33 [[Test worker]] WARN  - Skipping MapperFactoryBean with name 'cardcodesMapper' and 'jp.co.shinsoubatch.infrastructure.mapper.CardcodesMapper' mapperInterface. Bean already defined with the same name!
2025-12-15 13:14:33 [[Test worker]] WARN  - Skipping MapperFactoryBean with name 'couponAttentionTextsMapper' and 'jp.co.shinsoubatch.infrastructure.mapper.CouponAttentionTextsMapper' mapperInterface. Bean already defined with the same name!
2025-12-15 13:14:33 [[Test worker]] WARN  - Skipping MapperFactoryBean with name 'couponsMapper' and 'jp.co.shinsoubatch.infrastructure.mapper.CouponsMapper' mapperInterface. Bean already defined with the same name!
2025-12-15 13:14:33 [[Test worker]] WARN  - Skipping MapperFactoryBean with name 'couponUrlsMapper' and 'jp.co.shinsoubatch.infrastructure.mapper.CouponUrlsMapper' mapperInterface. Bean already defined with the same name!
2025-12-15 13:14:33 [[Test worker]] WARN  - Skipping MapperFactoryBean with name 'favoriteBrandsMapper' and 'jp.co.shinsoubatch.infrastructure.mapper.FavoriteBrandsMapper' mapperInterface. Bean already defined with the same name!
2025-12-15 13:14:33 [[Test worker]] WARN  - Skipping MapperFactoryBean with name 'featureCouponsMapper' and 'jp.co.shinsoubatch.infrastructure.mapper.FeatureCouponsMapper' mapperInterface. Bean already defined with the same name!
2025-12-15 13:14:33 [[Test worker]] WARN  - Skipping MapperFactoryBean with name 'featureMembersMapper' and 'jp.co.shinsoubatch.infrastructure.mapper.FeatureMembersMapper' mapperInterface. Bean already defined with the same name!
2025-12-15 13:14:33 [[Test worker]] WARN  - Skipping MapperFactoryBean with name 'featuresMapper' and 'jp.co.shinsoubatch.infrastructure.mapper.FeaturesMapper' mapperInterface. Bean already defined with the same name!
2025-12-15 13:14:33 [[Test worker]] WARN  - Skipping MapperFactoryBean with name 'flywaySchemaHistoryMapper' and 'jp.co.shinsoubatch.infrastructure.mapper.FlywaySchemaHistoryMapper' mapperInterface. Bean already defined with the same name!
2025-12-15 13:14:33 [[Test worker]] WARN  - Skipping MapperFactoryBean with name 'latestVersionsMapper' and 'jp.co.shinsoubatch.infrastructure.mapper.LatestVersionsMapper' mapperInterface. Bean already defined with the same name!
2025-12-15 13:14:33 [[Test worker]] WARN  - Skipping MapperFactoryBean with name 'membersMapper' and 'jp.co.shinsoubatch.infrastructure.mapper.MembersMapper' mapperInterface. Bean already defined with the same name!
2025-12-15 13:14:33 [[Test worker]] WARN  - Skipping MapperFactoryBean with name 'notificationsMapper' and 'jp.co.shinsoubatch.infrastructure.mapper.NotificationsMapper' mapperInterface. Bean already defined with the same name!
2025-12-15 13:14:33 [[Test worker]] WARN  - Skipping MapperFactoryBean with name 'recommendedCouponsMapper' and 'jp.co.shinsoubatch.infrastructure.mapper.RecommendedCouponsMapper' mapperInterface. Bean already defined with the same name!
2025-12-15 13:14:33 [[Test worker]] WARN  - Skipping MapperFactoryBean with name 'serviceCommonTextsMapper' and 'jp.co.shinsoubatch.infrastructure.mapper.ServiceCommonTextsMapper' mapperInterface. Bean already defined with the same name!
2025-12-15 13:14:33 [[Test worker]] WARN  - Skipping MapperFactoryBean with name 'sessionsMapper' and 'jp.co.shinsoubatch.infrastructure.mapper.SessionsMapper' mapperInterface. Bean already defined with the same name!
2025-12-15 13:14:33 [[Test worker]] WARN  - Skipping MapperFactoryBean with name 'specialCouponsMapper' and 'jp.co.shinsoubatch.infrastructure.mapper.SpecialCouponsMapper' mapperInterface. Bean already defined with the same name!
2025-12-15 13:14:33 [[Test worker]] WARN  - Skipping MapperFactoryBean with name 'userAgreementsMapper' and 'jp.co.shinsoubatch.infrastructure.mapper.UserAgreementsMapper' mapperInterface. Bean already defined with the same name!
2025-12-15 13:14:33 [[Test worker]] WARN  - Skipping MapperFactoryBean with name 'vmissionAggregateMapper' and 'jp.co.shinsoubatch.infrastructure.mapper.VmissionAggregateMapper' mapperInterface. Bean already defined with the same name!
2025-12-15 13:14:33 [[Test worker]] WARN  - Skipping MapperFactoryBean with name 'vmissionMembersMapper' and 'jp.co.shinsoubatch.infrastructure.mapper.VmissionMembersMapper' mapperInterface. Bean already defined with the same name!
2025-12-15 13:14:33 [[Test worker]] WARN  - Skipping MapperFactoryBean with name 'vmissionMonthlyAggregationCompletionMapper' and 'jp.co.shinsoubatch.infrastructure.mapper.VmissionMonthlyAggregationCompletionMapper' mapperInterface. Bean already defined with the same name!
2025-12-15 13:14:33 [[Test worker]] WARN  - Skipping MapperFactoryBean with name 'vmissionProgressMapper' and 'jp.co.shinsoubatch.infrastructure.mapper.VmissionProgressMapper' mapperInterface. Bean already defined with the same name!
2025-12-15 13:14:33 [[Test worker]] WARN  - No MyBatis mapper was found in '[jp.co.shinsoubatch.infrastructure.mapper]' package. Please check your configuration.
2025-12-15 13:14:34 [[Test worker]] INFO  - HikariPool-1 - Starting...
2025-12-15 13:14:34 [[Test worker]] INFO  - HikariPool-1 - Added connection org.postgresql.jdbc.PgConnection@233f52f8
2025-12-15 13:14:34 [[Test worker]] INFO  - HikariPool-1 - Start completed.
2025-12-15 13:14:40 [[Test worker]] INFO  - Started AwsSessionDeleteTaskletTest in 9.755 seconds (process running for 13.318)
2025-12-15 13:14:42 [[Test worker]] INFO  - [BATCH006 - 新送客サイトセッション削除バッチ] - [AwsSessionDeleteTasklet.java(86)] --- 削除対象: sessions 閾値の最終アクセス日時: 2025-12-10 00:00:00
2025-12-15 13:14:42 [[Test worker]] INFO  - [BATCH006 - 新送客サイトセッション削除バッチ] - [AwsSessionDeleteTasklet.java(91)] --- 削除対象の件数の取得開始
2025-12-15 13:14:42 [[Test worker]] INFO  - [BATCH006 - 新送客サイトセッション削除バッチ] - [AwsSessionDeleteTasklet.java(93)] --- 削除対象の件数: 2
2025-12-15 13:14:42 [[Test worker]] INFO  - [BATCH006 - 新送客サイトセッション削除バッチ] - [AwsSessionDeleteTasklet.java(116)] --- 削除処理を実行します
2025-12-15 13:14:42 [[Test worker]] INFO  - [BATCH006 - 新送客サイトセッション削除バッチ] - [AwsSessionDeleteTasklet.java(156)] --- 削除要求: 3, 実際に削除した件数: 2
2025-12-15 13:14:42 [[Test worker]] INFO  - [BATCH006 - 新送客サイトセッション削除バッチ] - [AwsSessionDeleteTasklet.java(123)] --- 削除処理を実行しました。 削除件数: {0}
2025-12-15 13:14:43 [[Test worker]] INFO  - [BATCH006 - 新送客サイトセッション削除バッチ] - [AwsSessionDeleteTasklet.java(86)] --- 削除対象: sessions 閾値の最終アクセス日時: 1990-01-01 00:00:00
2025-12-15 13:14:43 [[Test worker]] INFO  - [BATCH006 - 新送客サイトセッション削除バッチ] - [AwsSessionDeleteTasklet.java(91)] --- 削除対象の件数の取得開始
2025-12-15 13:14:43 [[Test worker]] INFO  - [BATCH006 - 新送客サイトセッション削除バッチ] - [AwsSessionDeleteTasklet.java(93)] --- 削除対象の件数: 0
2025-12-15 13:14:43 [[Test worker]] INFO  - [BATCH006 - 新送客サイトセッション削除バッチ] - [AwsSessionDeleteTasklet.java(106)] --- 削除対象の件数が0件です。 削除対象: sessions 閾値の最終アクセス日時: 1990-01-01 00:00:00
2025-12-15 13:14:43 [[Test worker]] INFO  - [BATCH006 - 新送客サイトセッション削除バッチ] - [AwsSessionDeleteTasklet.java(86)] --- 削除対象: sessions 閾値の最終アクセス日時: 2025-12-10 00:00:00
2025-12-15 13:14:43 [[Test worker]] INFO  - [BATCH006 - 新送客サイトセッション削除バッチ] - [AwsSessionDeleteTasklet.java(91)] --- 削除対象の件数の取得開始
2025-12-15 13:14:43 [[Test worker]] ERROR - [BATCH006 - 新送客サイトセッション削除バッチ] - [AwsSessionDeleteTasklet.java(99)] --- データベースからの削除対象件数の取得に失敗しました。 理由: テスト - データベースアクセスに失敗
org.springframework.dao.DataAccessResourceFailureException: テスト - データベースアクセスに失敗
	at jp.co.shinsoubatch.application.tasklet.AwsSessionDeleteTasklet.execute(AwsSessionDeleteTasklet.java:92)
	at java.base/jdk.internal.reflect.DirectMethodHandleAccessor.invoke(DirectMethodHandleAccessor.java:104)
	at java.base/java.lang.reflect.Method.invoke(Method.java:565)
	at org.springframework.aop.support.AopUtils.invokeJoinpointUsingReflection(AopUtils.java:360)
	at org.springframework.aop.framework.ReflectiveMethodInvocation.invokeJoinpoint(ReflectiveMethodInvocation.java:196)
	at org.springframework.aop.framework.ReflectiveMethodInvocation.proceed(ReflectiveMethodInvocation.java:163)
	at org.springframework.aop.support.DelegatingIntroductionInterceptor.doProceed(DelegatingIntroductionInterceptor.java:137)
	at org.springframework.aop.support.DelegatingIntroductionInterceptor.invoke(DelegatingIntroductionInterceptor.java:124)
	at org.springframework.aop.framework.ReflectiveMethodInvocation.proceed(ReflectiveMethodInvocation.java:184)
	at org.springframework.aop.framework.CglibAopProxy$DynamicAdvisedInterceptor.intercept(CglibAopProxy.java:728)
	at jp.co.shinsoubatch.application.tasklet.AwsSessionDeleteTasklet$$SpringCGLIB$$0.execute(<generated>)
	at jp.co.shinsoubatch.application.tasklet.AwsSessionDeleteTaskletTest.lambda$test_awsSessionDeleteTasklet_003$0(AwsSessionDeleteTaskletTest.java:180)
	at org.junit.jupiter.api.AssertThrows.assertThrows(AssertThrows.java:53)
	at org.junit.jupiter.api.AssertThrows.assertThrows(AssertThrows.java:35)
	at org.junit.jupiter.api.Assertions.assertThrows(Assertions.java:3128)
	at jp.co.shinsoubatch.application.tasklet.AwsSessionDeleteTaskletTest.test_awsSessionDeleteTasklet_003(AwsSessionDeleteTaskletTest.java:179)
	at java.base/jdk.internal.reflect.DirectMethodHandleAccessor.invoke(DirectMethodHandleAccessor.java:104)
	at java.base/java.lang.reflect.Method.invoke(Method.java:565)
	at org.junit.platform.commons.util.ReflectionUtils.invokeMethod(ReflectionUtils.java:775)
	at org.junit.platform.commons.support.ReflectionSupport.invokeMethod(ReflectionSupport.java:479)
	at org.junit.jupiter.engine.execution.MethodInvocation.proceed(MethodInvocation.java:60)
	at org.junit.jupiter.engine.execution.InvocationInterceptorChain$ValidatingInvocation.proceed(InvocationInterceptorChain.java:131)
	at org.junit.jupiter.engine.extension.TimeoutExtension.intercept(TimeoutExtension.java:161)
	at org.junit.jupiter.engine.extension.TimeoutExtension.interceptTestableMethod(TimeoutExtension.java:152)
	at org.junit.jupiter.engine.extension.TimeoutExtension.interceptTestMethod(TimeoutExtension.java:91)
	at org.junit.jupiter.engine.execution.InterceptingExecutableInvoker$ReflectiveInterceptorCall.lambda$ofVoidMethod$0(InterceptingExecutableInvoker.java:112)
	at org.junit.jupiter.engine.execution.InterceptingExecutableInvoker.lambda$invoke$0(InterceptingExecutableInvoker.java:94)
	at org.junit.jupiter.engine.execution.InvocationInterceptorChain$InterceptedInvocation.proceed(InvocationInterceptorChain.java:106)
	at org.junit.jupiter.engine.execution.InvocationInterceptorChain.proceed(InvocationInterceptorChain.java:64)
	at org.junit.jupiter.engine.execution.InvocationInterceptorChain.chainAndInvoke(InvocationInterceptorChain.java:45)
	at org.junit.jupiter.engine.execution.InvocationInterceptorChain.invoke(InvocationInterceptorChain.java:37)
	at org.junit.jupiter.engine.execution.InterceptingExecutableInvoker.invoke(InterceptingExecutableInvoker.java:93)
	at org.junit.jupiter.engine.execution.InterceptingExecutableInvoker.invoke(InterceptingExecutableInvoker.java:87)
	at org.junit.jupiter.engine.descriptor.TestMethodTestDescriptor.lambda$invokeTestMethod$7(TestMethodTestDescriptor.java:216)
	at org.junit.platform.engine.support.hierarchical.ThrowableCollector.execute(ThrowableCollector.java:73)
	at org.junit.jupiter.engine.descriptor.TestMethodTestDescriptor.invokeTestMethod(TestMethodTestDescriptor.java:212)
	at org.junit.jupiter.engine.descriptor.TestMethodTestDescriptor.execute(TestMethodTestDescriptor.java:137)
	at org.junit.jupiter.engine.descriptor.TestMethodTestDescriptor.execute(TestMethodTestDescriptor.java:69)
	at org.junit.platform.engine.support.hierarchical.NodeTestTask.lambda$executeRecursively$6(NodeTestTask.java:156)
	at org.junit.platform.engine.support.hierarchical.ThrowableCollector.execute(ThrowableCollector.java:73)
	at org.junit.platform.engine.support.hierarchical.NodeTestTask.lambda$executeRecursively$8(NodeTestTask.java:146)
	at org.junit.platform.engine.support.hierarchical.Node.around(Node.java:137)
	at org.junit.platform.engine.support.hierarchical.NodeTestTask.lambda$executeRecursively$9(NodeTestTask.java:144)
	at org.junit.platform.engine.support.hierarchical.ThrowableCollector.execute(ThrowableCollector.java:73)
	at org.junit.platform.engine.support.hierarchical.NodeTestTask.executeRecursively(NodeTestTask.java:143)
	at org.junit.platform.engine.support.hierarchical.NodeTestTask.execute(NodeTestTask.java:100)
	at java.base/java.util.ArrayList.forEach(ArrayList.java:1604)
	at org.junit.platform.engine.support.hierarchical.SameThreadHierarchicalTestExecutorService.invokeAll(SameThreadHierarchicalTestExecutorService.java:41)
	at org.junit.platform.engine.support.hierarchical.NodeTestTask.lambda$executeRecursively$6(NodeTestTask.java:160)
	at org.junit.platform.engine.support.hierarchical.ThrowableCollector.execute(ThrowableCollector.java:73)
	at org.junit.platform.engine.support.hierarchical.NodeTestTask.lambda$executeRecursively$8(NodeTestTask.java:146)
	at org.junit.platform.engine.support.hierarchical.Node.around(Node.java:137)
	at org.junit.platform.engine.support.hierarchical.NodeTestTask.lambda$executeRecursively$9(NodeTestTask.java:144)
	at org.junit.platform.engine.support.hierarchical.ThrowableCollector.execute(ThrowableCollector.java:73)
	at org.junit.platform.engine.support.hierarchical.NodeTestTask.executeRecursively(NodeTestTask.java:143)
	at org.junit.platform.engine.support.hierarchical.NodeTestTask.execute(NodeTestTask.java:100)
	at java.base/java.util.ArrayList.forEach(ArrayList.java:1604)
	at org.junit.platform.engine.support.hierarchical.SameThreadHierarchicalTestExecutorService.invokeAll(SameThreadHierarchicalTestExecutorService.java:41)
	at org.junit.platform.engine.support.hierarchical.NodeTestTask.lambda$executeRecursively$6(NodeTestTask.java:160)
	at org.junit.platform.engine.support.hierarchical.ThrowableCollector.execute(ThrowableCollector.java:73)
	at org.junit.platform.engine.support.hierarchical.NodeTestTask.lambda$executeRecursively$8(NodeTestTask.java:146)
	at org.junit.platform.engine.support.hierarchical.Node.around(Node.java:137)
	at org.junit.platform.engine.support.hierarchical.NodeTestTask.lambda$executeRecursively$9(NodeTestTask.java:144)
	at org.junit.platform.engine.support.hierarchical.ThrowableCollector.execute(ThrowableCollector.java:73)
	at org.junit.platform.engine.support.hierarchical.NodeTestTask.executeRecursively(NodeTestTask.java:143)
	at org.junit.platform.engine.support.hierarchical.NodeTestTask.execute(NodeTestTask.java:100)
	at org.junit.platform.engine.support.hierarchical.SameThreadHierarchicalTestExecutorService.submit(SameThreadHierarchicalTestExecutorService.java:35)
	at org.junit.platform.engine.support.hierarchical.HierarchicalTestExecutor.execute(HierarchicalTestExecutor.java:57)
	at org.junit.platform.engine.support.hierarchical.HierarchicalTestEngine.execute(HierarchicalTestEngine.java:54)
	at org.junit.platform.launcher.core.EngineExecutionOrchestrator.execute(EngineExecutionOrchestrator.java:201)
	at org.junit.platform.launcher.core.EngineExecutionOrchestrator.execute(EngineExecutionOrchestrator.java:170)
	at org.junit.platform.launcher.core.EngineExecutionOrchestrator.execute(EngineExecutionOrchestrator.java:94)
	at org.junit.platform.launcher.core.EngineExecutionOrchestrator.lambda$execute$0(EngineExecutionOrchestrator.java:59)
	at org.junit.platform.launcher.core.EngineExecutionOrchestrator.withInterceptedStreams(EngineExecutionOrchestrator.java:142)
	at org.junit.platform.launcher.core.EngineExecutionOrchestrator.execute(EngineExecutionOrchestrator.java:58)
	at org.junit.platform.launcher.core.DefaultLauncher.execute(DefaultLauncher.java:103)
	at org.junit.platform.launcher.core.DefaultLauncher.execute(DefaultLauncher.java:85)
	at org.junit.platform.launcher.core.DelegatingLauncher.execute(DelegatingLauncher.java:47)
	at org.junit.platform.launcher.core.InterceptingLauncher.lambda$execute$1(InterceptingLauncher.java:39)
	at org.junit.platform.launcher.core.ClasspathAlignmentCheckingLauncherInterceptor.intercept(ClasspathAlignmentCheckingLauncherInterceptor.java:25)
	at org.junit.platform.launcher.core.InterceptingLauncher.execute(InterceptingLauncher.java:38)
	at org.junit.platform.launcher.core.DelegatingLauncher.execute(DelegatingLauncher.java:47)
	at org.gradle.api.internal.tasks.testing.junitplatform.JUnitPlatformTestClassProcessor$CollectAllTestClassesExecutor.processAllTestClasses(JUnitPlatformTestClassProcessor.java:135)
	at org.gradle.api.internal.tasks.testing.junitplatform.JUnitPlatformTestClassProcessor$CollectAllTestClassesExecutor.access$000(JUnitPlatformTestClassProcessor.java:110)
	at org.gradle.api.internal.tasks.testing.junitplatform.JUnitPlatformTestClassProcessor.stop(JUnitPlatformTestClassProcessor.java:104)
	at org.gradle.api.internal.tasks.testing.SuiteTestClassProcessor.stop(SuiteTestClassProcessor.java:64)
	at java.base/jdk.internal.reflect.DirectMethodHandleAccessor.invoke(DirectMethodHandleAccessor.java:104)
	at java.base/java.lang.reflect.Method.invoke(Method.java:565)
	at org.gradle.internal.dispatch.MethodInvocation.invokeOn(MethodInvocation.java:77)
	at org.gradle.internal.dispatch.ReflectionDispatch.dispatch(ReflectionDispatch.java:28)
	at org.gradle.internal.dispatch.ReflectionDispatch.dispatch(ReflectionDispatch.java:19)
	at org.gradle.internal.dispatch.ContextClassLoaderDispatch.dispatch(ContextClassLoaderDispatch.java:33)
	at org.gradle.internal.dispatch.ProxyDispatchAdapter$DispatchingInvocationHandler.invoke(ProxyDispatchAdapter.java:88)
	at jdk.proxy1/jdk.proxy1.$Proxy4.stop(Unknown Source)
	at org.gradle.api.internal.tasks.testing.worker.TestWorker$3.run(TestWorker.java:194)
	at org.gradle.api.internal.tasks.testing.worker.TestWorker.executeAndMaintainThreadName(TestWorker.java:126)
	at org.gradle.api.internal.tasks.testing.worker.TestWorker.execute(TestWorker.java:103)
	at org.gradle.api.internal.tasks.testing.worker.TestWorker.execute(TestWorker.java:63)
	at org.gradle.process.internal.worker.child.ActionExecutionWorker.execute(ActionExecutionWorker.java:56)
	at org.gradle.process.internal.worker.child.SystemApplicationClassLoaderWorker.call(SystemApplicationClassLoaderWorker.java:122)
	at org.gradle.process.internal.worker.child.SystemApplicationClassLoaderWorker.call(SystemApplicationClassLoaderWorker.java:72)
	at worker.org.gradle.process.internal.worker.GradleWorkerMain.run(GradleWorkerMain.java:69)
	at worker.org.gradle.process.internal.worker.GradleWorkerMain.main(GradleWorkerMain.java:74)
2025-12-15 13:14:43 [[Test worker]] INFO  - [BATCH006 - 新送客サイトセッション削除バッチ] - [AwsSessionDeleteTasklet.java(86)] --- 削除対象: sessions 閾値の最終アクセス日時: 2025-12-10 00:00:00
2025-12-15 13:14:43 [[Test worker]] INFO  - [BATCH006 - 新送客サイトセッション削除バッチ] - [AwsSessionDeleteTasklet.java(91)] --- 削除対象の件数の取得開始
2025-12-15 13:14:43 [[Test worker]] INFO  - [BATCH006 - 新送客サイトセッション削除バッチ] - [AwsSessionDeleteTasklet.java(93)] --- 削除対象の件数: 2
2025-12-15 13:14:43 [[Test worker]] INFO  - [BATCH006 - 新送客サイトセッション削除バッチ] - [AwsSessionDeleteTasklet.java(116)] --- 削除処理を実行します
2025-12-15 13:14:43 [[Test worker]] ERROR - [BATCH006 - 新送客サイトセッション削除バッチ] - [AwsSessionDeleteTasklet.java(128)] --- データベースへの削除処理に失敗しました。 理由: テスト - データベースアクセスに失敗
org.springframework.dao.DataAccessResourceFailureException: テスト - データベースアクセスに失敗
	at jp.co.shinsoubatch.application.tasklet.AwsSessionDeleteTasklet.deleteExecute(AwsSessionDeleteTasklet.java:155)
	at jp.co.shinsoubatch.application.tasklet.AwsSessionDeleteTasklet.execute(AwsSessionDeleteTasklet.java:118)
	at java.base/jdk.internal.reflect.DirectMethodHandleAccessor.invoke(DirectMethodHandleAccessor.java:104)
	at java.base/java.lang.reflect.Method.invoke(Method.java:565)
	at org.springframework.aop.support.AopUtils.invokeJoinpointUsingReflection(AopUtils.java:360)
	at org.springframework.aop.framework.ReflectiveMethodInvocation.invokeJoinpoint(ReflectiveMethodInvocation.java:196)
	at org.springframework.aop.framework.ReflectiveMethodInvocation.proceed(ReflectiveMethodInvocation.java:163)
	at org.springframework.aop.support.DelegatingIntroductionInterceptor.doProceed(DelegatingIntroductionInterceptor.java:137)
	at org.springframework.aop.support.DelegatingIntroductionInterceptor.invoke(DelegatingIntroductionInterceptor.java:124)
	at org.springframework.aop.framework.ReflectiveMethodInvocation.proceed(ReflectiveMethodInvocation.java:184)
	at org.springframework.aop.framework.CglibAopProxy$DynamicAdvisedInterceptor.intercept(CglibAopProxy.java:728)
	at jp.co.shinsoubatch.application.tasklet.AwsSessionDeleteTasklet$$SpringCGLIB$$0.execute(<generated>)
	at jp.co.shinsoubatch.application.tasklet.AwsSessionDeleteTaskletTest.lambda$test_awsSessionDeleteTasklet_004$0(AwsSessionDeleteTaskletTest.java:211)
	at org.junit.jupiter.api.AssertThrows.assertThrows(AssertThrows.java:53)
	at org.junit.jupiter.api.AssertThrows.assertThrows(AssertThrows.java:35)
	at org.junit.jupiter.api.Assertions.assertThrows(Assertions.java:3128)
	at jp.co.shinsoubatch.application.tasklet.AwsSessionDeleteTaskletTest.test_awsSessionDeleteTasklet_004(AwsSessionDeleteTaskletTest.java:210)
	at java.base/jdk.internal.reflect.DirectMethodHandleAccessor.invoke(DirectMethodHandleAccessor.java:104)
	at java.base/java.lang.reflect.Method.invoke(Method.java:565)
	at org.junit.platform.commons.util.ReflectionUtils.invokeMethod(ReflectionUtils.java:775)
	at org.junit.platform.commons.support.ReflectionSupport.invokeMethod(ReflectionSupport.java:479)
	at org.junit.jupiter.engine.execution.MethodInvocation.proceed(MethodInvocation.java:60)
	at org.junit.jupiter.engine.execution.InvocationInterceptorChain$ValidatingInvocation.proceed(InvocationInterceptorChain.java:131)
	at org.junit.jupiter.engine.extension.TimeoutExtension.intercept(TimeoutExtension.java:161)
	at org.junit.jupiter.engine.extension.TimeoutExtension.interceptTestableMethod(TimeoutExtension.java:152)
	at org.junit.jupiter.engine.extension.TimeoutExtension.interceptTestMethod(TimeoutExtension.java:91)
	at org.junit.jupiter.engine.execution.InterceptingExecutableInvoker$ReflectiveInterceptorCall.lambda$ofVoidMethod$0(InterceptingExecutableInvoker.java:112)
	at org.junit.jupiter.engine.execution.InterceptingExecutableInvoker.lambda$invoke$0(InterceptingExecutableInvoker.java:94)
	at org.junit.jupiter.engine.execution.InvocationInterceptorChain$InterceptedInvocation.proceed(InvocationInterceptorChain.java:106)
	at org.junit.jupiter.engine.execution.InvocationInterceptorChain.proceed(InvocationInterceptorChain.java:64)
	at org.junit.jupiter.engine.execution.InvocationInterceptorChain.chainAndInvoke(InvocationInterceptorChain.java:45)
	at org.junit.jupiter.engine.execution.InvocationInterceptorChain.invoke(InvocationInterceptorChain.java:37)
	at org.junit.jupiter.engine.execution.InterceptingExecutableInvoker.invoke(InterceptingExecutableInvoker.java:93)
	at org.junit.jupiter.engine.execution.InterceptingExecutableInvoker.invoke(InterceptingExecutableInvoker.java:87)
	at org.junit.jupiter.engine.descriptor.TestMethodTestDescriptor.lambda$invokeTestMethod$7(TestMethodTestDescriptor.java:216)
	at org.junit.platform.engine.support.hierarchical.ThrowableCollector.execute(ThrowableCollector.java:73)
	at org.junit.jupiter.engine.descriptor.TestMethodTestDescriptor.invokeTestMethod(TestMethodTestDescriptor.java:212)
	at org.junit.jupiter.engine.descriptor.TestMethodTestDescriptor.execute(TestMethodTestDescriptor.java:137)
	at org.junit.jupiter.engine.descriptor.TestMethodTestDescriptor.execute(TestMethodTestDescriptor.java:69)
	at org.junit.platform.engine.support.hierarchical.NodeTestTask.lambda$executeRecursively$6(NodeTestTask.java:156)
	at org.junit.platform.engine.support.hierarchical.ThrowableCollector.execute(ThrowableCollector.java:73)
	at org.junit.platform.engine.support.hierarchical.NodeTestTask.lambda$executeRecursively$8(NodeTestTask.java:146)
	at org.junit.platform.engine.support.hierarchical.Node.around(Node.java:137)
	at org.junit.platform.engine.support.hierarchical.NodeTestTask.lambda$executeRecursively$9(NodeTestTask.java:144)
	at org.junit.platform.engine.support.hierarchical.ThrowableCollector.execute(ThrowableCollector.java:73)
	at org.junit.platform.engine.support.hierarchical.NodeTestTask.executeRecursively(NodeTestTask.java:143)
	at org.junit.platform.engine.support.hierarchical.NodeTestTask.execute(NodeTestTask.java:100)
	at java.base/java.util.ArrayList.forEach(ArrayList.java:1604)
	at org.junit.platform.engine.support.hierarchical.SameThreadHierarchicalTestExecutorService.invokeAll(SameThreadHierarchicalTestExecutorService.java:41)
	at org.junit.platform.engine.support.hierarchical.NodeTestTask.lambda$executeRecursively$6(NodeTestTask.java:160)
	at org.junit.platform.engine.support.hierarchical.ThrowableCollector.execute(ThrowableCollector.java:73)
	at org.junit.platform.engine.support.hierarchical.NodeTestTask.lambda$executeRecursively$8(NodeTestTask.java:146)
	at org.junit.platform.engine.support.hierarchical.Node.around(Node.java:137)
	at org.junit.platform.engine.support.hierarchical.NodeTestTask.lambda$executeRecursively$9(NodeTestTask.java:144)
	at org.junit.platform.engine.support.hierarchical.ThrowableCollector.execute(ThrowableCollector.java:73)
	at org.junit.platform.engine.support.hierarchical.NodeTestTask.executeRecursively(NodeTestTask.java:143)
	at org.junit.platform.engine.support.hierarchical.NodeTestTask.execute(NodeTestTask.java:100)
	at java.base/java.util.ArrayList.forEach(ArrayList.java:1604)
	at org.junit.platform.engine.support.hierarchical.SameThreadHierarchicalTestExecutorService.invokeAll(SameThreadHierarchicalTestExecutorService.java:41)
	at org.junit.platform.engine.support.hierarchical.NodeTestTask.lambda$executeRecursively$6(NodeTestTask.java:160)
	at org.junit.platform.engine.support.hierarchical.ThrowableCollector.execute(ThrowableCollector.java:73)
	at org.junit.platform.engine.support.hierarchical.NodeTestTask.lambda$executeRecursively$8(NodeTestTask.java:146)
	at org.junit.platform.engine.support.hierarchical.Node.around(Node.java:137)
	at org.junit.platform.engine.support.hierarchical.NodeTestTask.lambda$executeRecursively$9(NodeTestTask.java:144)
	at org.junit.platform.engine.support.hierarchical.ThrowableCollector.execute(ThrowableCollector.java:73)
	at org.junit.platform.engine.support.hierarchical.NodeTestTask.executeRecursively(NodeTestTask.java:143)
	at org.junit.platform.engine.support.hierarchical.NodeTestTask.execute(NodeTestTask.java:100)
	at org.junit.platform.engine.support.hierarchical.SameThreadHierarchicalTestExecutorService.submit(SameThreadHierarchicalTestExecutorService.java:35)
	at org.junit.platform.engine.support.hierarchical.HierarchicalTestExecutor.execute(HierarchicalTestExecutor.java:57)
	at org.junit.platform.engine.support.hierarchical.HierarchicalTestEngine.execute(HierarchicalTestEngine.java:54)
	at org.junit.platform.launcher.core.EngineExecutionOrchestrator.execute(EngineExecutionOrchestrator.java:201)
	at org.junit.platform.launcher.core.EngineExecutionOrchestrator.execute(EngineExecutionOrchestrator.java:170)
	at org.junit.platform.launcher.core.EngineExecutionOrchestrator.execute(EngineExecutionOrchestrator.java:94)
	at org.junit.platform.launcher.core.EngineExecutionOrchestrator.lambda$execute$0(EngineExecutionOrchestrator.java:59)
	at org.junit.platform.launcher.core.EngineExecutionOrchestrator.withInterceptedStreams(EngineExecutionOrchestrator.java:142)
	at org.junit.platform.launcher.core.EngineExecutionOrchestrator.execute(EngineExecutionOrchestrator.java:58)
	at org.junit.platform.launcher.core.DefaultLauncher.execute(DefaultLauncher.java:103)
	at org.junit.platform.launcher.core.DefaultLauncher.execute(DefaultLauncher.java:85)
	at org.junit.platform.launcher.core.DelegatingLauncher.execute(DelegatingLauncher.java:47)
	at org.junit.platform.launcher.core.InterceptingLauncher.lambda$execute$1(InterceptingLauncher.java:39)
	at org.junit.platform.launcher.core.ClasspathAlignmentCheckingLauncherInterceptor.intercept(ClasspathAlignmentCheckingLauncherInterceptor.java:25)
	at org.junit.platform.launcher.core.InterceptingLauncher.execute(InterceptingLauncher.java:38)
	at org.junit.platform.launcher.core.DelegatingLauncher.execute(DelegatingLauncher.java:47)
	at org.gradle.api.internal.tasks.testing.junitplatform.JUnitPlatformTestClassProcessor$CollectAllTestClassesExecutor.processAllTestClasses(JUnitPlatformTestClassProcessor.java:135)
	at org.gradle.api.internal.tasks.testing.junitplatform.JUnitPlatformTestClassProcessor$CollectAllTestClassesExecutor.access$000(JUnitPlatformTestClassProcessor.java:110)
	at org.gradle.api.internal.tasks.testing.junitplatform.JUnitPlatformTestClassProcessor.stop(JUnitPlatformTestClassProcessor.java:104)
	at org.gradle.api.internal.tasks.testing.SuiteTestClassProcessor.stop(SuiteTestClassProcessor.java:64)
	at java.base/jdk.internal.reflect.DirectMethodHandleAccessor.invoke(DirectMethodHandleAccessor.java:104)
	at java.base/java.lang.reflect.Method.invoke(Method.java:565)
	at org.gradle.internal.dispatch.MethodInvocation.invokeOn(MethodInvocation.java:77)
	at org.gradle.internal.dispatch.ReflectionDispatch.dispatch(ReflectionDispatch.java:28)
	at org.gradle.internal.dispatch.ReflectionDispatch.dispatch(ReflectionDispatch.java:19)
	at org.gradle.internal.dispatch.ContextClassLoaderDispatch.dispatch(ContextClassLoaderDispatch.java:33)
	at org.gradle.internal.dispatch.ProxyDispatchAdapter$DispatchingInvocationHandler.invoke(ProxyDispatchAdapter.java:88)
	at jdk.proxy1/jdk.proxy1.$Proxy4.stop(Unknown Source)
	at org.gradle.api.internal.tasks.testing.worker.TestWorker$3.run(TestWorker.java:194)
	at org.gradle.api.internal.tasks.testing.worker.TestWorker.executeAndMaintainThreadName(TestWorker.java:126)
	at org.gradle.api.internal.tasks.testing.worker.TestWorker.execute(TestWorker.java:103)
	at org.gradle.api.internal.tasks.testing.worker.TestWorker.execute(TestWorker.java:63)
	at org.gradle.process.internal.worker.child.ActionExecutionWorker.execute(ActionExecutionWorker.java:56)
	at org.gradle.process.internal.worker.child.SystemApplicationClassLoaderWorker.call(SystemApplicationClassLoaderWorker.java:122)
	at org.gradle.process.internal.worker.child.SystemApplicationClassLoaderWorker.call(SystemApplicationClassLoaderWorker.java:72)
	at worker.org.gradle.process.internal.worker.GradleWorkerMain.run(GradleWorkerMain.java:69)
	at worker.org.gradle.process.internal.worker.GradleWorkerMain.main(GradleWorkerMain.java:74)
2025-12-15 13:14:44 [[SpringApplicationShutdownHook]] INFO  - HikariPool-1 - Shutdown initiated...
2025-12-15 13:14:44 [[SpringApplicationShutdownHook]] INFO  - HikariPool-1 - Shutdown completed.
2025-12-15 13:15:56 [[Test worker]] INFO  - Starting AwsSessionDeleteTaskletTest_count using Java 25.0.1 with PID 37680 (started by fuyutotoda in C:\Users\fuyutotoda\Local_Works\SMCC\app-batch\app-batch\springboot)
2025-12-15 13:15:56 [[Test worker]] INFO  - The following 1 profile is active: "test-session-delete"
2025-12-15 13:15:58 [[Test worker]] WARN  - Skipping MapperFactoryBean with name 'batchesMapper' and 'jp.co.shinsoubatch.infrastructure.mapper.BatchesMapper' mapperInterface. Bean already defined with the same name!
2025-12-15 13:15:58 [[Test worker]] WARN  - Skipping MapperFactoryBean with name 'brandCategoriesMapper' and 'jp.co.shinsoubatch.infrastructure.mapper.BrandCategoriesMapper' mapperInterface. Bean already defined with the same name!
2025-12-15 13:15:58 [[Test worker]] WARN  - Skipping MapperFactoryBean with name 'brandMissionsMapper' and 'jp.co.shinsoubatch.infrastructure.mapper.BrandMissionsMapper' mapperInterface. Bean already defined with the same name!
2025-12-15 13:15:58 [[Test worker]] WARN  - Skipping MapperFactoryBean with name 'brandsMapper' and 'jp.co.shinsoubatch.infrastructure.mapper.BrandsMapper' mapperInterface. Bean already defined with the same name!
2025-12-15 13:15:58 [[Test worker]] WARN  - Skipping MapperFactoryBean with name 'capturedCouponsMapper' and 'jp.co.shinsoubatch.infrastructure.mapper.CapturedCouponsMapper' mapperInterface. Bean already defined with the same name!
2025-12-15 13:15:58 [[Test worker]] WARN  - Skipping MapperFactoryBean with name 'cardcodesMapper' and 'jp.co.shinsoubatch.infrastructure.mapper.CardcodesMapper' mapperInterface. Bean already defined with the same name!
2025-12-15 13:15:58 [[Test worker]] WARN  - Skipping MapperFactoryBean with name 'couponAttentionTextsMapper' and 'jp.co.shinsoubatch.infrastructure.mapper.CouponAttentionTextsMapper' mapperInterface. Bean already defined with the same name!
2025-12-15 13:15:58 [[Test worker]] WARN  - Skipping MapperFactoryBean with name 'couponsMapper' and 'jp.co.shinsoubatch.infrastructure.mapper.CouponsMapper' mapperInterface. Bean already defined with the same name!
2025-12-15 13:15:58 [[Test worker]] WARN  - Skipping MapperFactoryBean with name 'couponUrlsMapper' and 'jp.co.shinsoubatch.infrastructure.mapper.CouponUrlsMapper' mapperInterface. Bean already defined with the same name!
2025-12-15 13:15:58 [[Test worker]] WARN  - Skipping MapperFactoryBean with name 'favoriteBrandsMapper' and 'jp.co.shinsoubatch.infrastructure.mapper.FavoriteBrandsMapper' mapperInterface. Bean already defined with the same name!
2025-12-15 13:15:58 [[Test worker]] WARN  - Skipping MapperFactoryBean with name 'featureCouponsMapper' and 'jp.co.shinsoubatch.infrastructure.mapper.FeatureCouponsMapper' mapperInterface. Bean already defined with the same name!
2025-12-15 13:15:58 [[Test worker]] WARN  - Skipping MapperFactoryBean with name 'featureMembersMapper' and 'jp.co.shinsoubatch.infrastructure.mapper.FeatureMembersMapper' mapperInterface. Bean already defined with the same name!
2025-12-15 13:15:58 [[Test worker]] WARN  - Skipping MapperFactoryBean with name 'featuresMapper' and 'jp.co.shinsoubatch.infrastructure.mapper.FeaturesMapper' mapperInterface. Bean already defined with the same name!
2025-12-15 13:15:58 [[Test worker]] WARN  - Skipping MapperFactoryBean with name 'flywaySchemaHistoryMapper' and 'jp.co.shinsoubatch.infrastructure.mapper.FlywaySchemaHistoryMapper' mapperInterface. Bean already defined with the same name!
2025-12-15 13:15:58 [[Test worker]] WARN  - Skipping MapperFactoryBean with name 'latestVersionsMapper' and 'jp.co.shinsoubatch.infrastructure.mapper.LatestVersionsMapper' mapperInterface. Bean already defined with the same name!
2025-12-15 13:15:58 [[Test worker]] WARN  - Skipping MapperFactoryBean with name 'membersMapper' and 'jp.co.shinsoubatch.infrastructure.mapper.MembersMapper' mapperInterface. Bean already defined with the same name!
2025-12-15 13:15:58 [[Test worker]] WARN  - Skipping MapperFactoryBean with name 'notificationsMapper' and 'jp.co.shinsoubatch.infrastructure.mapper.NotificationsMapper' mapperInterface. Bean already defined with the same name!
2025-12-15 13:15:58 [[Test worker]] WARN  - Skipping MapperFactoryBean with name 'recommendedCouponsMapper' and 'jp.co.shinsoubatch.infrastructure.mapper.RecommendedCouponsMapper' mapperInterface. Bean already defined with the same name!
2025-12-15 13:15:58 [[Test worker]] WARN  - Skipping MapperFactoryBean with name 'serviceCommonTextsMapper' and 'jp.co.shinsoubatch.infrastructure.mapper.ServiceCommonTextsMapper' mapperInterface. Bean already defined with the same name!
2025-12-15 13:15:58 [[Test worker]] WARN  - Skipping MapperFactoryBean with name 'sessionsMapper' and 'jp.co.shinsoubatch.infrastructure.mapper.SessionsMapper' mapperInterface. Bean already defined with the same name!
2025-12-15 13:15:58 [[Test worker]] WARN  - Skipping MapperFactoryBean with name 'specialCouponsMapper' and 'jp.co.shinsoubatch.infrastructure.mapper.SpecialCouponsMapper' mapperInterface. Bean already defined with the same name!
2025-12-15 13:15:58 [[Test worker]] WARN  - Skipping MapperFactoryBean with name 'userAgreementsMapper' and 'jp.co.shinsoubatch.infrastructure.mapper.UserAgreementsMapper' mapperInterface. Bean already defined with the same name!
2025-12-15 13:15:58 [[Test worker]] WARN  - Skipping MapperFactoryBean with name 'vmissionAggregateMapper' and 'jp.co.shinsoubatch.infrastructure.mapper.VmissionAggregateMapper' mapperInterface. Bean already defined with the same name!
2025-12-15 13:15:58 [[Test worker]] WARN  - Skipping MapperFactoryBean with name 'vmissionMembersMapper' and 'jp.co.shinsoubatch.infrastructure.mapper.VmissionMembersMapper' mapperInterface. Bean already defined with the same name!
2025-12-15 13:15:58 [[Test worker]] WARN  - Skipping MapperFactoryBean with name 'vmissionMonthlyAggregationCompletionMapper' and 'jp.co.shinsoubatch.infrastructure.mapper.VmissionMonthlyAggregationCompletionMapper' mapperInterface. Bean already defined with the same name!
2025-12-15 13:15:58 [[Test worker]] WARN  - Skipping MapperFactoryBean with name 'vmissionProgressMapper' and 'jp.co.shinsoubatch.infrastructure.mapper.VmissionProgressMapper' mapperInterface. Bean already defined with the same name!
2025-12-15 13:15:58 [[Test worker]] WARN  - No MyBatis mapper was found in '[jp.co.shinsoubatch.infrastructure.mapper]' package. Please check your configuration.
2025-12-15 13:15:58 [[Test worker]] INFO  - HikariPool-1 - Starting...
2025-12-15 13:15:59 [[Test worker]] INFO  - HikariPool-1 - Added connection org.postgresql.jdbc.PgConnection@9e02f84
2025-12-15 13:15:59 [[Test worker]] INFO  - HikariPool-1 - Start completed.
2025-12-15 13:16:04 [[Test worker]] INFO  - Started AwsSessionDeleteTaskletTest_count in 9.606 seconds (process running for 12.705)
2025-12-15 13:16:07 [[Test worker]] INFO  - [BATCH006 - 新送客サイトセッション削除バッチ] - [AwsSessionDeleteTasklet.java(86)] --- 削除対象: sessions 閾値の最終アクセス日時: 2025-12-10 00:00:00
2025-12-15 13:16:07 [[Test worker]] INFO  - [BATCH006 - 新送客サイトセッション削除バッチ] - [AwsSessionDeleteTasklet.java(91)] --- 削除対象の件数の取得開始
2025-12-15 13:16:07 [[Test worker]] INFO  - [BATCH006 - 新送客サイトセッション削除バッチ] - [AwsSessionDeleteTasklet.java(93)] --- 削除対象の件数: 2
2025-12-15 13:16:07 [[Test worker]] INFO  - [BATCH006 - 新送客サイトセッション削除バッチ] - [AwsSessionDeleteTasklet.java(116)] --- 削除処理を実行します
2025-12-15 13:16:07 [[Test worker]] INFO  - [BATCH006 - 新送客サイトセッション削除バッチ] - [AwsSessionDeleteTasklet.java(156)] --- 削除要求: 2, 実際に削除した件数: 2
2025-12-15 13:16:07 [[Test worker]] INFO  - [BATCH006 - 新送客サイトセッション削除バッチ] - [AwsSessionDeleteTasklet.java(123)] --- 削除処理を実行しました。 削除件数: {0}
2025-12-15 13:16:08 [[SpringApplicationShutdownHook]] INFO  - HikariPool-1 - Shutdown initiated...
2025-12-15 13:16:08 [[SpringApplicationShutdownHook]] INFO  - HikariPool-1 - Shutdown completed.
2025-12-15 13:21:08 [[Test worker]] INFO  - Starting SessionsMapperTest using Java 25.0.1 with PID 31740 (started by fuyutotoda in C:\Users\fuyutotoda\Local_Works\SMCC\app-batch\app-batch\springboot)
2025-12-15 13:21:08 [[Test worker]] INFO  - No active profile set, falling back to 1 default profile: "default"
2025-12-15 13:21:11 [[Test worker]] WARN  - Skipping MapperFactoryBean with name 'batchesMapper' and 'jp.co.shinsoubatch.infrastructure.mapper.BatchesMapper' mapperInterface. Bean already defined with the same name!
2025-12-15 13:21:11 [[Test worker]] WARN  - Skipping MapperFactoryBean with name 'brandCategoriesMapper' and 'jp.co.shinsoubatch.infrastructure.mapper.BrandCategoriesMapper' mapperInterface. Bean already defined with the same name!
2025-12-15 13:21:11 [[Test worker]] WARN  - Skipping MapperFactoryBean with name 'brandMissionsMapper' and 'jp.co.shinsoubatch.infrastructure.mapper.BrandMissionsMapper' mapperInterface. Bean already defined with the same name!
2025-12-15 13:21:11 [[Test worker]] WARN  - Skipping MapperFactoryBean with name 'brandsMapper' and 'jp.co.shinsoubatch.infrastructure.mapper.BrandsMapper' mapperInterface. Bean already defined with the same name!
2025-12-15 13:21:11 [[Test worker]] WARN  - Skipping MapperFactoryBean with name 'capturedCouponsMapper' and 'jp.co.shinsoubatch.infrastructure.mapper.CapturedCouponsMapper' mapperInterface. Bean already defined with the same name!
2025-12-15 13:21:11 [[Test worker]] WARN  - Skipping MapperFactoryBean with name 'cardcodesMapper' and 'jp.co.shinsoubatch.infrastructure.mapper.CardcodesMapper' mapperInterface. Bean already defined with the same name!
2025-12-15 13:21:11 [[Test worker]] WARN  - Skipping MapperFactoryBean with name 'couponAttentionTextsMapper' and 'jp.co.shinsoubatch.infrastructure.mapper.CouponAttentionTextsMapper' mapperInterface. Bean already defined with the same name!
2025-12-15 13:21:11 [[Test worker]] WARN  - Skipping MapperFactoryBean with name 'couponsMapper' and 'jp.co.shinsoubatch.infrastructure.mapper.CouponsMapper' mapperInterface. Bean already defined with the same name!
2025-12-15 13:21:11 [[Test worker]] WARN  - Skipping MapperFactoryBean with name 'couponUrlsMapper' and 'jp.co.shinsoubatch.infrastructure.mapper.CouponUrlsMapper' mapperInterface. Bean already defined with the same name!
2025-12-15 13:21:11 [[Test worker]] WARN  - Skipping MapperFactoryBean with name 'favoriteBrandsMapper' and 'jp.co.shinsoubatch.infrastructure.mapper.FavoriteBrandsMapper' mapperInterface. Bean already defined with the same name!
2025-12-15 13:21:11 [[Test worker]] WARN  - Skipping MapperFactoryBean with name 'featureCouponsMapper' and 'jp.co.shinsoubatch.infrastructure.mapper.FeatureCouponsMapper' mapperInterface. Bean already defined with the same name!
2025-12-15 13:21:11 [[Test worker]] WARN  - Skipping MapperFactoryBean with name 'featureMembersMapper' and 'jp.co.shinsoubatch.infrastructure.mapper.FeatureMembersMapper' mapperInterface. Bean already defined with the same name!
2025-12-15 13:21:11 [[Test worker]] WARN  - Skipping MapperFactoryBean with name 'featuresMapper' and 'jp.co.shinsoubatch.infrastructure.mapper.FeaturesMapper' mapperInterface. Bean already defined with the same name!
2025-12-15 13:21:11 [[Test worker]] WARN  - Skipping MapperFactoryBean with name 'flywaySchemaHistoryMapper' and 'jp.co.shinsoubatch.infrastructure.mapper.FlywaySchemaHistoryMapper' mapperInterface. Bean already defined with the same name!
2025-12-15 13:21:11 [[Test worker]] WARN  - Skipping MapperFactoryBean with name 'latestVersionsMapper' and 'jp.co.shinsoubatch.infrastructure.mapper.LatestVersionsMapper' mapperInterface. Bean already defined with the same name!
2025-12-15 13:21:11 [[Test worker]] WARN  - Skipping MapperFactoryBean with name 'membersMapper' and 'jp.co.shinsoubatch.infrastructure.mapper.MembersMapper' mapperInterface. Bean already defined with the same name!
2025-12-15 13:21:11 [[Test worker]] WARN  - Skipping MapperFactoryBean with name 'notificationsMapper' and 'jp.co.shinsoubatch.infrastructure.mapper.NotificationsMapper' mapperInterface. Bean already defined with the same name!
2025-12-15 13:21:11 [[Test worker]] WARN  - Skipping MapperFactoryBean with name 'recommendedCouponsMapper' and 'jp.co.shinsoubatch.infrastructure.mapper.RecommendedCouponsMapper' mapperInterface. Bean already defined with the same name!
2025-12-15 13:21:11 [[Test worker]] WARN  - Skipping MapperFactoryBean with name 'serviceCommonTextsMapper' and 'jp.co.shinsoubatch.infrastructure.mapper.ServiceCommonTextsMapper' mapperInterface. Bean already defined with the same name!
2025-12-15 13:21:11 [[Test worker]] WARN  - Skipping MapperFactoryBean with name 'sessionsMapper' and 'jp.co.shinsoubatch.infrastructure.mapper.SessionsMapper' mapperInterface. Bean already defined with the same name!
2025-12-15 13:21:11 [[Test worker]] WARN  - Skipping MapperFactoryBean with name 'specialCouponsMapper' and 'jp.co.shinsoubatch.infrastructure.mapper.SpecialCouponsMapper' mapperInterface. Bean already defined with the same name!
2025-12-15 13:21:11 [[Test worker]] WARN  - Skipping MapperFactoryBean with name 'userAgreementsMapper' and 'jp.co.shinsoubatch.infrastructure.mapper.UserAgreementsMapper' mapperInterface. Bean already defined with the same name!
2025-12-15 13:21:11 [[Test worker]] WARN  - Skipping MapperFactoryBean with name 'vmissionAggregateMapper' and 'jp.co.shinsoubatch.infrastructure.mapper.VmissionAggregateMapper' mapperInterface. Bean already defined with the same name!
2025-12-15 13:21:11 [[Test worker]] WARN  - Skipping MapperFactoryBean with name 'vmissionMembersMapper' and 'jp.co.shinsoubatch.infrastructure.mapper.VmissionMembersMapper' mapperInterface. Bean already defined with the same name!
2025-12-15 13:21:11 [[Test worker]] WARN  - Skipping MapperFactoryBean with name 'vmissionMonthlyAggregationCompletionMapper' and 'jp.co.shinsoubatch.infrastructure.mapper.VmissionMonthlyAggregationCompletionMapper' mapperInterface. Bean already defined with the same name!
2025-12-15 13:21:11 [[Test worker]] WARN  - Skipping MapperFactoryBean with name 'vmissionProgressMapper' and 'jp.co.shinsoubatch.infrastructure.mapper.VmissionProgressMapper' mapperInterface. Bean already defined with the same name!
2025-12-15 13:21:11 [[Test worker]] WARN  - No MyBatis mapper was found in '[jp.co.shinsoubatch.infrastructure.mapper]' package. Please check your configuration.
2025-12-15 13:21:12 [[Test worker]] INFO  - HikariPool-1 - Starting...
2025-12-15 13:21:12 [[Test worker]] INFO  - HikariPool-1 - Added connection org.postgresql.jdbc.PgConnection@5a14e60d
2025-12-15 13:21:12 [[Test worker]] INFO  - HikariPool-1 - Start completed.
2025-12-15 13:21:20 [[Test worker]] INFO  - Started SessionsMapperTest in 12.475 seconds (process running for 15.818)
2025-12-15 13:21:23 [[SpringApplicationShutdownHook]] INFO  - HikariPool-1 - Shutdown initiated...
2025-12-15 13:21:23 [[SpringApplicationShutdownHook]] INFO  - HikariPool-1 - Shutdown completed.
2025-12-15 14:39:50 [[Test worker]] INFO  - Starting AwsPastDataDeleteVmissionMembersTaskletTest using Java 25.0.1 with PID 26256 (started by fuyutotoda in C:\Users\fuyutotoda\Local_Works\SMCC\app-batch\app-batch\springboot)
2025-12-15 14:39:50 [[Test worker]] INFO  - The following 1 profile is active: "test-past-data-delete"
2025-12-15 14:39:53 [[Test worker]] WARN  - Skipping MapperFactoryBean with name 'batchesMapper' and 'jp.co.shinsoubatch.infrastructure.mapper.BatchesMapper' mapperInterface. Bean already defined with the same name!
2025-12-15 14:39:53 [[Test worker]] WARN  - Skipping MapperFactoryBean with name 'brandCategoriesMapper' and 'jp.co.shinsoubatch.infrastructure.mapper.BrandCategoriesMapper' mapperInterface. Bean already defined with the same name!
2025-12-15 14:39:53 [[Test worker]] WARN  - Skipping MapperFactoryBean with name 'brandMissionsMapper' and 'jp.co.shinsoubatch.infrastructure.mapper.BrandMissionsMapper' mapperInterface. Bean already defined with the same name!
2025-12-15 14:39:53 [[Test worker]] WARN  - Skipping MapperFactoryBean with name 'brandsMapper' and 'jp.co.shinsoubatch.infrastructure.mapper.BrandsMapper' mapperInterface. Bean already defined with the same name!
2025-12-15 14:39:53 [[Test worker]] WARN  - Skipping MapperFactoryBean with name 'capturedCouponsMapper' and 'jp.co.shinsoubatch.infrastructure.mapper.CapturedCouponsMapper' mapperInterface. Bean already defined with the same name!
2025-12-15 14:39:53 [[Test worker]] WARN  - Skipping MapperFactoryBean with name 'cardcodesMapper' and 'jp.co.shinsoubatch.infrastructure.mapper.CardcodesMapper' mapperInterface. Bean already defined with the same name!
2025-12-15 14:39:53 [[Test worker]] WARN  - Skipping MapperFactoryBean with name 'couponAttentionTextsMapper' and 'jp.co.shinsoubatch.infrastructure.mapper.CouponAttentionTextsMapper' mapperInterface. Bean already defined with the same name!
2025-12-15 14:39:53 [[Test worker]] WARN  - Skipping MapperFactoryBean with name 'couponsMapper' and 'jp.co.shinsoubatch.infrastructure.mapper.CouponsMapper' mapperInterface. Bean already defined with the same name!
2025-12-15 14:39:54 [[Test worker]] WARN  - Skipping MapperFactoryBean with name 'couponUrlsMapper' and 'jp.co.shinsoubatch.infrastructure.mapper.CouponUrlsMapper' mapperInterface. Bean already defined with the same name!
2025-12-15 14:39:54 [[Test worker]] WARN  - Skipping MapperFactoryBean with name 'favoriteBrandsMapper' and 'jp.co.shinsoubatch.infrastructure.mapper.FavoriteBrandsMapper' mapperInterface. Bean already defined with the same name!
2025-12-15 14:39:54 [[Test worker]] WARN  - Skipping MapperFactoryBean with name 'featureCouponsMapper' and 'jp.co.shinsoubatch.infrastructure.mapper.FeatureCouponsMapper' mapperInterface. Bean already defined with the same name!
2025-12-15 14:39:54 [[Test worker]] WARN  - Skipping MapperFactoryBean with name 'featureMembersMapper' and 'jp.co.shinsoubatch.infrastructure.mapper.FeatureMembersMapper' mapperInterface. Bean already defined with the same name!
2025-12-15 14:39:54 [[Test worker]] WARN  - Skipping MapperFactoryBean with name 'featuresMapper' and 'jp.co.shinsoubatch.infrastructure.mapper.FeaturesMapper' mapperInterface. Bean already defined with the same name!
2025-12-15 14:39:54 [[Test worker]] WARN  - Skipping MapperFactoryBean with name 'flywaySchemaHistoryMapper' and 'jp.co.shinsoubatch.infrastructure.mapper.FlywaySchemaHistoryMapper' mapperInterface. Bean already defined with the same name!
2025-12-15 14:39:54 [[Test worker]] WARN  - Skipping MapperFactoryBean with name 'latestVersionsMapper' and 'jp.co.shinsoubatch.infrastructure.mapper.LatestVersionsMapper' mapperInterface. Bean already defined with the same name!
2025-12-15 14:39:54 [[Test worker]] WARN  - Skipping MapperFactoryBean with name 'membersMapper' and 'jp.co.shinsoubatch.infrastructure.mapper.MembersMapper' mapperInterface. Bean already defined with the same name!
2025-12-15 14:39:54 [[Test worker]] WARN  - Skipping MapperFactoryBean with name 'notificationsMapper' and 'jp.co.shinsoubatch.infrastructure.mapper.NotificationsMapper' mapperInterface. Bean already defined with the same name!
2025-12-15 14:39:54 [[Test worker]] WARN  - Skipping MapperFactoryBean with name 'recommendedCouponsMapper' and 'jp.co.shinsoubatch.infrastructure.mapper.RecommendedCouponsMapper' mapperInterface. Bean already defined with the same name!
2025-12-15 14:39:54 [[Test worker]] WARN  - Skipping MapperFactoryBean with name 'serviceCommonTextsMapper' and 'jp.co.shinsoubatch.infrastructure.mapper.ServiceCommonTextsMapper' mapperInterface. Bean already defined with the same name!
2025-12-15 14:39:54 [[Test worker]] WARN  - Skipping MapperFactoryBean with name 'sessionsMapper' and 'jp.co.shinsoubatch.infrastructure.mapper.SessionsMapper' mapperInterface. Bean already defined with the same name!
2025-12-15 14:39:54 [[Test worker]] WARN  - Skipping MapperFactoryBean with name 'specialCouponsMapper' and 'jp.co.shinsoubatch.infrastructure.mapper.SpecialCouponsMapper' mapperInterface. Bean already defined with the same name!
2025-12-15 14:39:54 [[Test worker]] WARN  - Skipping MapperFactoryBean with name 'userAgreementsMapper' and 'jp.co.shinsoubatch.infrastructure.mapper.UserAgreementsMapper' mapperInterface. Bean already defined with the same name!
2025-12-15 14:39:54 [[Test worker]] WARN  - Skipping MapperFactoryBean with name 'vmissionAggregateMapper' and 'jp.co.shinsoubatch.infrastructure.mapper.VmissionAggregateMapper' mapperInterface. Bean already defined with the same name!
2025-12-15 14:39:54 [[Test worker]] WARN  - Skipping MapperFactoryBean with name 'vmissionMembersMapper' and 'jp.co.shinsoubatch.infrastructure.mapper.VmissionMembersMapper' mapperInterface. Bean already defined with the same name!
2025-12-15 14:39:54 [[Test worker]] WARN  - Skipping MapperFactoryBean with name 'vmissionMonthlyAggregationCompletionMapper' and 'jp.co.shinsoubatch.infrastructure.mapper.VmissionMonthlyAggregationCompletionMapper' mapperInterface. Bean already defined with the same name!
2025-12-15 14:39:54 [[Test worker]] WARN  - Skipping MapperFactoryBean with name 'vmissionProgressMapper' and 'jp.co.shinsoubatch.infrastructure.mapper.VmissionProgressMapper' mapperInterface. Bean already defined with the same name!
2025-12-15 14:39:54 [[Test worker]] WARN  - No MyBatis mapper was found in '[jp.co.shinsoubatch.infrastructure.mapper]' package. Please check your configuration.
2025-12-15 14:39:54 [[Test worker]] INFO  - HikariPool-1 - Starting...
2025-12-15 14:39:55 [[Test worker]] INFO  - HikariPool-1 - Added connection org.postgresql.jdbc.PgConnection@1a1f79ce
2025-12-15 14:39:55 [[Test worker]] INFO  - HikariPool-1 - Start completed.
2025-12-15 14:40:00 [[Test worker]] INFO  - Started AwsPastDataDeleteVmissionMembersTaskletTest in 11.12 seconds (process running for 15.316)
2025-12-15 14:40:03 [[Test worker]] INFO  - [BATCH005 - Vミッション配布削除] - [AwsPastDataDeleteVmissionMembersTasklet.java(81)] --- jobを開始します。
2025-12-15 14:40:03 [[Test worker]] INFO  - [BATCH005 - Vミッション配布削除] - [AwsPastDataDeleteVmissionMembersTasklet.java(89)] --- 削除対象: vmission_members 削除対象の年月: 202508
2025-12-15 14:40:03 [[Test worker]] INFO  - [BATCH005 - Vミッション配布削除] - [AwsPastDataDeleteVmissionMembersTasklet.java(97)] --- 削除対象の件数の取得開始
2025-12-15 14:40:03 [[Test worker]] INFO  - [BATCH005 - Vミッション配布削除] - [AwsPastDataDeleteVmissionMembersTasklet.java(99)] --- 削除対象の件数: 6
2025-12-15 14:40:03 [[Test worker]] INFO  - [BATCH005 - Vミッション配布削除] - [AwsPastDataDeleteVmissionMembersTasklet.java(122)] --- 削除処理を実行します
2025-12-15 14:40:03 [[Test worker]] INFO  - [BATCH005 - Vミッション配布削除] - [AwsPastDataDeleteVmissionMembersTasklet.java(163)] --- 削除要求: 3, 実際に削除した件数: 3
2025-12-15 14:40:03 [[Test worker]] INFO  - [BATCH005 - Vミッション配布削除] - [AwsPastDataDeleteVmissionMembersTasklet.java(163)] --- 削除要求: 3, 実際に削除した件数: 3
2025-12-15 14:40:03 [[Test worker]] INFO  - [BATCH005 - Vミッション配布削除] - [AwsPastDataDeleteVmissionMembersTasklet.java(129)] --- 削除処理を実行しました。 削除件数: {0}
2025-12-15 14:40:03 [[Test worker]] INFO  - [BATCH005 - Vミッション配布削除] - [AwsPastDataDeleteVmissionMembersTasklet.java(81)] --- jobを開始します。
2025-12-15 14:40:03 [[Test worker]] INFO  - [BATCH005 - Vミッション配布削除] - [AwsPastDataDeleteVmissionMembersTasklet.java(89)] --- 削除対象: vmission_members 削除対象の年月: 202508
2025-12-15 14:40:03 [[Test worker]] INFO  - [BATCH005 - Vミッション配布削除] - [AwsPastDataDeleteVmissionMembersTasklet.java(97)] --- 削除対象の件数の取得開始
2025-12-15 14:40:03 [[Test worker]] INFO  - [BATCH005 - Vミッション配布削除] - [AwsPastDataDeleteVmissionMembersTasklet.java(99)] --- 削除対象の件数: 6
2025-12-15 14:40:03 [[Test worker]] INFO  - [BATCH005 - Vミッション配布削除] - [AwsPastDataDeleteVmissionMembersTasklet.java(122)] --- 削除処理を実行します
2025-12-15 14:40:03 [[Test worker]] INFO  - [BATCH005 - Vミッション配布削除] - [AwsPastDataDeleteVmissionMembersTasklet.java(163)] --- 削除要求: 3, 実際に削除した件数: 3
2025-12-15 14:40:03 [[Test worker]] INFO  - [BATCH005 - Vミッション配布削除] - [AwsPastDataDeleteVmissionMembersTasklet.java(163)] --- 削除要求: 3, 実際に削除した件数: 3
2025-12-15 14:40:03 [[Test worker]] INFO  - [BATCH005 - Vミッション配布削除] - [AwsPastDataDeleteVmissionMembersTasklet.java(129)] --- 削除処理を実行しました。 削除件数: {0}
2025-12-15 14:40:03 [[Test worker]] INFO  - [BATCH005 - Vミッション配布削除] - [AwsPastDataDeleteVmissionMembersTasklet.java(81)] --- jobを開始します。
2025-12-15 14:40:03 [[Test worker]] INFO  - [BATCH005 - Vミッション配布削除] - [AwsPastDataDeleteVmissionMembersTasklet.java(89)] --- 削除対象: vmission_members 削除対象の年月: 202508
2025-12-15 14:40:03 [[Test worker]] INFO  - [BATCH005 - Vミッション配布削除] - [AwsPastDataDeleteVmissionMembersTasklet.java(97)] --- 削除対象の件数の取得開始
2025-12-15 14:40:03 [[Test worker]] INFO  - [BATCH005 - Vミッション配布削除] - [AwsPastDataDeleteVmissionMembersTasklet.java(99)] --- 削除対象の件数: 6
2025-12-15 14:40:03 [[Test worker]] INFO  - [BATCH005 - Vミッション配布削除] - [AwsPastDataDeleteVmissionMembersTasklet.java(122)] --- 削除処理を実行します
2025-12-15 14:40:03 [[Test worker]] INFO  - [BATCH005 - Vミッション配布削除] - [AwsPastDataDeleteVmissionMembersTasklet.java(163)] --- 削除要求: 3, 実際に削除した件数: 3
2025-12-15 14:40:03 [[Test worker]] INFO  - [BATCH005 - Vミッション配布削除] - [AwsPastDataDeleteVmissionMembersTasklet.java(163)] --- 削除要求: 3, 実際に削除した件数: 3
2025-12-15 14:40:03 [[Test worker]] INFO  - [BATCH005 - Vミッション配布削除] - [AwsPastDataDeleteVmissionMembersTasklet.java(129)] --- 削除処理を実行しました。 削除件数: {0}
2025-12-15 14:40:03 [[Test worker]] INFO  - [BATCH005 - Vミッション配布削除] - [AwsPastDataDeleteVmissionMembersTasklet.java(81)] --- jobを開始します。
2025-12-15 14:40:03 [[Test worker]] INFO  - [BATCH005 - Vミッション配布削除] - [AwsPastDataDeleteVmissionMembersTasklet.java(89)] --- 削除対象: vmission_members 削除対象の年月: 202509
2025-12-15 14:40:04 [[Test worker]] INFO  - [BATCH005 - Vミッション配布削除] - [AwsPastDataDeleteVmissionMembersTasklet.java(97)] --- 削除対象の件数の取得開始
2025-12-15 14:40:04 [[Test worker]] INFO  - [BATCH005 - Vミッション配布削除] - [AwsPastDataDeleteVmissionMembersTasklet.java(99)] --- 削除対象の件数: 8
2025-12-15 14:40:04 [[Test worker]] INFO  - [BATCH005 - Vミッション配布削除] - [AwsPastDataDeleteVmissionMembersTasklet.java(122)] --- 削除処理を実行します
2025-12-15 14:40:04 [[Test worker]] INFO  - [BATCH005 - Vミッション配布削除] - [AwsPastDataDeleteVmissionMembersTasklet.java(163)] --- 削除要求: 3, 実際に削除した件数: 3
2025-12-15 14:40:04 [[Test worker]] INFO  - [BATCH005 - Vミッション配布削除] - [AwsPastDataDeleteVmissionMembersTasklet.java(163)] --- 削除要求: 3, 実際に削除した件数: 3
2025-12-15 14:40:04 [[Test worker]] INFO  - [BATCH005 - Vミッション配布削除] - [AwsPastDataDeleteVmissionMembersTasklet.java(163)] --- 削除要求: 3, 実際に削除した件数: 2
2025-12-15 14:40:04 [[Test worker]] INFO  - [BATCH005 - Vミッション配布削除] - [AwsPastDataDeleteVmissionMembersTasklet.java(129)] --- 削除処理を実行しました。 削除件数: {0}
2025-12-15 14:40:04 [[Test worker]] INFO  - [BATCH005 - Vミッション配布削除] - [AwsPastDataDeleteVmissionMembersTasklet.java(81)] --- jobを開始します。
2025-12-15 14:40:04 [[Test worker]] INFO  - [BATCH005 - Vミッション配布削除] - [AwsPastDataDeleteVmissionMembersTasklet.java(89)] --- 削除対象: vmission_members 削除対象の年月: 202004
2025-12-15 14:40:04 [[Test worker]] INFO  - [BATCH005 - Vミッション配布削除] - [AwsPastDataDeleteVmissionMembersTasklet.java(97)] --- 削除対象の件数の取得開始
2025-12-15 14:40:04 [[Test worker]] INFO  - [BATCH005 - Vミッション配布削除] - [AwsPastDataDeleteVmissionMembersTasklet.java(99)] --- 削除対象の件数: 0
2025-12-15 14:40:04 [[Test worker]] INFO  - [BATCH005 - Vミッション配布削除] - [AwsPastDataDeleteVmissionMembersTasklet.java(112)] --- 削除対象の件数が0件です。 削除対象: vmission_members 削除対象の年月: 202004
2025-12-15 14:40:04 [[Test worker]] INFO  - [BATCH005 - Vミッション配布削除] - [AwsPastDataDeleteVmissionMembersTasklet.java(81)] --- jobを開始します。
2025-12-15 14:40:04 [[Test worker]] INFO  - [BATCH005 - Vミッション配布削除] - [AwsPastDataDeleteVmissionMembersTasklet.java(89)] --- 削除対象: vmission_members 削除対象の年月: 202311
2025-12-15 14:40:04 [[Test worker]] INFO  - [BATCH005 - Vミッション配布削除] - [AwsPastDataDeleteVmissionMembersTasklet.java(97)] --- 削除対象の件数の取得開始
2025-12-15 14:40:04 [[Test worker]] INFO  - [BATCH005 - Vミッション配布削除] - [AwsPastDataDeleteVmissionMembersTasklet.java(99)] --- 削除対象の件数: 1
2025-12-15 14:40:04 [[Test worker]] INFO  - [BATCH005 - Vミッション配布削除] - [AwsPastDataDeleteVmissionMembersTasklet.java(122)] --- 削除処理を実行します
2025-12-15 14:40:04 [[Test worker]] INFO  - [BATCH005 - Vミッション配布削除] - [AwsPastDataDeleteVmissionMembersTasklet.java(163)] --- 削除要求: 3, 実際に削除した件数: 1
2025-12-15 14:40:04 [[Test worker]] INFO  - [BATCH005 - Vミッション配布削除] - [AwsPastDataDeleteVmissionMembersTasklet.java(129)] --- 削除処理を実行しました。 削除件数: {0}
2025-12-15 14:40:04 [[Test worker]] INFO  - [BATCH005 - Vミッション配布削除] - [AwsPastDataDeleteVmissionMembersTasklet.java(81)] --- jobを開始します。
2025-12-15 14:40:04 [[Test worker]] INFO  - [BATCH005 - Vミッション配布削除] - [AwsPastDataDeleteVmissionMembersTasklet.java(89)] --- 削除対象: vmission_members 削除対象の年月: 202402
2025-12-15 14:40:04 [[Test worker]] INFO  - [BATCH005 - Vミッション配布削除] - [AwsPastDataDeleteVmissionMembersTasklet.java(97)] --- 削除対象の件数の取得開始
2025-12-15 14:40:04 [[Test worker]] INFO  - [BATCH005 - Vミッション配布削除] - [AwsPastDataDeleteVmissionMembersTasklet.java(99)] --- 削除対象の件数: 4
2025-12-15 14:40:04 [[Test worker]] INFO  - [BATCH005 - Vミッション配布削除] - [AwsPastDataDeleteVmissionMembersTasklet.java(122)] --- 削除処理を実行します
2025-12-15 14:40:04 [[Test worker]] INFO  - [BATCH005 - Vミッション配布削除] - [AwsPastDataDeleteVmissionMembersTasklet.java(163)] --- 削除要求: 3, 実際に削除した件数: 3
2025-12-15 14:40:04 [[Test worker]] INFO  - [BATCH005 - Vミッション配布削除] - [AwsPastDataDeleteVmissionMembersTasklet.java(163)] --- 削除要求: 3, 実際に削除した件数: 1
2025-12-15 14:40:04 [[Test worker]] INFO  - [BATCH005 - Vミッション配布削除] - [AwsPastDataDeleteVmissionMembersTasklet.java(129)] --- 削除処理を実行しました。 削除件数: {0}
2025-12-15 14:40:04 [[Test worker]] INFO  - [BATCH005 - Vミッション配布削除] - [AwsPastDataDeleteVmissionMembersTasklet.java(81)] --- jobを開始します。
2025-12-15 14:40:04 [[Test worker]] INFO  - [BATCH005 - Vミッション配布削除] - [AwsPastDataDeleteVmissionMembersTasklet.java(89)] --- 削除対象: vmission_members 削除対象の年月: 202508
2025-12-15 14:40:04 [[Test worker]] INFO  - [BATCH005 - Vミッション配布削除] - [AwsPastDataDeleteVmissionMembersTasklet.java(97)] --- 削除対象の件数の取得開始
2025-12-15 14:40:04 [[Test worker]] ERROR - [BATCH005 - Vミッション配布削除] - [AwsPastDataDeleteVmissionMembersTasklet.java(105)] --- データベースからの削除対象件数の取得に失敗しました。 理由: Failed to parse SQL script from resource [<unknown>]: テスト - SQL文の解析に失敗
org.springframework.jdbc.datasource.init.ScriptParseException: Failed to parse SQL script from resource [<unknown>]: テスト - SQL文の解析に失敗
	at jp.co.shinsoubatch.application.tasklet.AwsPastDataDeleteVmissionMembersTasklet.execute(AwsPastDataDeleteVmissionMembersTasklet.java:98)
	at java.base/jdk.internal.reflect.DirectMethodHandleAccessor.invoke(DirectMethodHandleAccessor.java:104)
	at java.base/java.lang.reflect.Method.invoke(Method.java:565)
	at org.springframework.aop.support.AopUtils.invokeJoinpointUsingReflection(AopUtils.java:360)
	at org.springframework.aop.framework.ReflectiveMethodInvocation.invokeJoinpoint(ReflectiveMethodInvocation.java:196)
	at org.springframework.aop.framework.ReflectiveMethodInvocation.proceed(ReflectiveMethodInvocation.java:163)
	at org.springframework.aop.support.DelegatingIntroductionInterceptor.doProceed(DelegatingIntroductionInterceptor.java:137)
	at org.springframework.aop.support.DelegatingIntroductionInterceptor.invoke(DelegatingIntroductionInterceptor.java:124)
	at org.springframework.aop.framework.ReflectiveMethodInvocation.proceed(ReflectiveMethodInvocation.java:184)
	at org.springframework.aop.framework.CglibAopProxy$DynamicAdvisedInterceptor.intercept(CglibAopProxy.java:728)
	at jp.co.shinsoubatch.application.tasklet.AwsPastDataDeleteVmissionMembersTasklet$$SpringCGLIB$$0.execute(<generated>)
	at jp.co.shinsoubatch.application.tasklet.AwsPastDataDeleteVmissionMembersTaskletTest.lambda$test_awsPastDataDeleteVmissionMembersTasklet_101$0(AwsPastDataDeleteVmissionMembersTaskletTest.java:386)
	at org.junit.jupiter.api.AssertThrows.assertThrows(AssertThrows.java:53)
	at org.junit.jupiter.api.AssertThrows.assertThrows(AssertThrows.java:35)
	at org.junit.jupiter.api.Assertions.assertThrows(Assertions.java:3128)
	at jp.co.shinsoubatch.application.tasklet.AwsPastDataDeleteVmissionMembersTaskletTest.test_awsPastDataDeleteVmissionMembersTasklet_101(AwsPastDataDeleteVmissionMembersTaskletTest.java:385)
	at java.base/jdk.internal.reflect.DirectMethodHandleAccessor.invoke(DirectMethodHandleAccessor.java:104)
	at java.base/java.lang.reflect.Method.invoke(Method.java:565)
	at org.junit.platform.commons.util.ReflectionUtils.invokeMethod(ReflectionUtils.java:775)
	at org.junit.platform.commons.support.ReflectionSupport.invokeMethod(ReflectionSupport.java:479)
	at org.junit.jupiter.engine.execution.MethodInvocation.proceed(MethodInvocation.java:60)
	at org.junit.jupiter.engine.execution.InvocationInterceptorChain$ValidatingInvocation.proceed(InvocationInterceptorChain.java:131)
	at org.junit.jupiter.engine.extension.TimeoutExtension.intercept(TimeoutExtension.java:161)
	at org.junit.jupiter.engine.extension.TimeoutExtension.interceptTestableMethod(TimeoutExtension.java:152)
	at org.junit.jupiter.engine.extension.TimeoutExtension.interceptTestMethod(TimeoutExtension.java:91)
	at org.junit.jupiter.engine.execution.InterceptingExecutableInvoker$ReflectiveInterceptorCall.lambda$ofVoidMethod$0(InterceptingExecutableInvoker.java:112)
	at org.junit.jupiter.engine.execution.InterceptingExecutableInvoker.lambda$invoke$0(InterceptingExecutableInvoker.java:94)
	at org.junit.jupiter.engine.execution.InvocationInterceptorChain$InterceptedInvocation.proceed(InvocationInterceptorChain.java:106)
	at org.junit.jupiter.engine.execution.InvocationInterceptorChain.proceed(InvocationInterceptorChain.java:64)
	at org.junit.jupiter.engine.execution.InvocationInterceptorChain.chainAndInvoke(InvocationInterceptorChain.java:45)
	at org.junit.jupiter.engine.execution.InvocationInterceptorChain.invoke(InvocationInterceptorChain.java:37)
	at org.junit.jupiter.engine.execution.InterceptingExecutableInvoker.invoke(InterceptingExecutableInvoker.java:93)
	at org.junit.jupiter.engine.execution.InterceptingExecutableInvoker.invoke(InterceptingExecutableInvoker.java:87)
	at org.junit.jupiter.engine.descriptor.TestMethodTestDescriptor.lambda$invokeTestMethod$7(TestMethodTestDescriptor.java:216)
	at org.junit.platform.engine.support.hierarchical.ThrowableCollector.execute(ThrowableCollector.java:73)
	at org.junit.jupiter.engine.descriptor.TestMethodTestDescriptor.invokeTestMethod(TestMethodTestDescriptor.java:212)
	at org.junit.jupiter.engine.descriptor.TestMethodTestDescriptor.execute(TestMethodTestDescriptor.java:137)
	at org.junit.jupiter.engine.descriptor.TestMethodTestDescriptor.execute(TestMethodTestDescriptor.java:69)
	at org.junit.platform.engine.support.hierarchical.NodeTestTask.lambda$executeRecursively$6(NodeTestTask.java:156)
	at org.junit.platform.engine.support.hierarchical.ThrowableCollector.execute(ThrowableCollector.java:73)
	at org.junit.platform.engine.support.hierarchical.NodeTestTask.lambda$executeRecursively$8(NodeTestTask.java:146)
	at org.junit.platform.engine.support.hierarchical.Node.around(Node.java:137)
	at org.junit.platform.engine.support.hierarchical.NodeTestTask.lambda$executeRecursively$9(NodeTestTask.java:144)
	at org.junit.platform.engine.support.hierarchical.ThrowableCollector.execute(ThrowableCollector.java:73)
	at org.junit.platform.engine.support.hierarchical.NodeTestTask.executeRecursively(NodeTestTask.java:143)
	at org.junit.platform.engine.support.hierarchical.NodeTestTask.execute(NodeTestTask.java:100)
	at java.base/java.util.ArrayList.forEach(ArrayList.java:1604)
	at org.junit.platform.engine.support.hierarchical.SameThreadHierarchicalTestExecutorService.invokeAll(SameThreadHierarchicalTestExecutorService.java:41)
	at org.junit.platform.engine.support.hierarchical.NodeTestTask.lambda$executeRecursively$6(NodeTestTask.java:160)
	at org.junit.platform.engine.support.hierarchical.ThrowableCollector.execute(ThrowableCollector.java:73)
	at org.junit.platform.engine.support.hierarchical.NodeTestTask.lambda$executeRecursively$8(NodeTestTask.java:146)
	at org.junit.platform.engine.support.hierarchical.Node.around(Node.java:137)
	at org.junit.platform.engine.support.hierarchical.NodeTestTask.lambda$executeRecursively$9(NodeTestTask.java:144)
	at org.junit.platform.engine.support.hierarchical.ThrowableCollector.execute(ThrowableCollector.java:73)
	at org.junit.platform.engine.support.hierarchical.NodeTestTask.executeRecursively(NodeTestTask.java:143)
	at org.junit.platform.engine.support.hierarchical.NodeTestTask.execute(NodeTestTask.java:100)
	at java.base/java.util.ArrayList.forEach(ArrayList.java:1604)
	at org.junit.platform.engine.support.hierarchical.SameThreadHierarchicalTestExecutorService.invokeAll(SameThreadHierarchicalTestExecutorService.java:41)
	at org.junit.platform.engine.support.hierarchical.NodeTestTask.lambda$executeRecursively$6(NodeTestTask.java:160)
	at org.junit.platform.engine.support.hierarchical.ThrowableCollector.execute(ThrowableCollector.java:73)
	at org.junit.platform.engine.support.hierarchical.NodeTestTask.lambda$executeRecursively$8(NodeTestTask.java:146)
	at org.junit.platform.engine.support.hierarchical.Node.around(Node.java:137)
	at org.junit.platform.engine.support.hierarchical.NodeTestTask.lambda$executeRecursively$9(NodeTestTask.java:144)
	at org.junit.platform.engine.support.hierarchical.ThrowableCollector.execute(ThrowableCollector.java:73)
	at org.junit.platform.engine.support.hierarchical.NodeTestTask.executeRecursively(NodeTestTask.java:143)
	at org.junit.platform.engine.support.hierarchical.NodeTestTask.execute(NodeTestTask.java:100)
	at org.junit.platform.engine.support.hierarchical.SameThreadHierarchicalTestExecutorService.submit(SameThreadHierarchicalTestExecutorService.java:35)
	at org.junit.platform.engine.support.hierarchical.HierarchicalTestExecutor.execute(HierarchicalTestExecutor.java:57)
	at org.junit.platform.engine.support.hierarchical.HierarchicalTestEngine.execute(HierarchicalTestEngine.java:54)
	at org.junit.platform.launcher.core.EngineExecutionOrchestrator.execute(EngineExecutionOrchestrator.java:201)
	at org.junit.platform.launcher.core.EngineExecutionOrchestrator.execute(EngineExecutionOrchestrator.java:170)
	at org.junit.platform.launcher.core.EngineExecutionOrchestrator.execute(EngineExecutionOrchestrator.java:94)
	at org.junit.platform.launcher.core.EngineExecutionOrchestrator.lambda$execute$0(EngineExecutionOrchestrator.java:59)
	at org.junit.platform.launcher.core.EngineExecutionOrchestrator.withInterceptedStreams(EngineExecutionOrchestrator.java:142)
	at org.junit.platform.launcher.core.EngineExecutionOrchestrator.execute(EngineExecutionOrchestrator.java:58)
	at org.junit.platform.launcher.core.DefaultLauncher.execute(DefaultLauncher.java:103)
	at org.junit.platform.launcher.core.DefaultLauncher.execute(DefaultLauncher.java:85)
	at org.junit.platform.launcher.core.DelegatingLauncher.execute(DelegatingLauncher.java:47)
	at org.junit.platform.launcher.core.InterceptingLauncher.lambda$execute$1(InterceptingLauncher.java:39)
	at org.junit.platform.launcher.core.ClasspathAlignmentCheckingLauncherInterceptor.intercept(ClasspathAlignmentCheckingLauncherInterceptor.java:25)
	at org.junit.platform.launcher.core.InterceptingLauncher.execute(InterceptingLauncher.java:38)
	at org.junit.platform.launcher.core.DelegatingLauncher.execute(DelegatingLauncher.java:47)
	at org.gradle.api.internal.tasks.testing.junitplatform.JUnitPlatformTestClassProcessor$CollectAllTestClassesExecutor.processAllTestClasses(JUnitPlatformTestClassProcessor.java:135)
	at org.gradle.api.internal.tasks.testing.junitplatform.JUnitPlatformTestClassProcessor$CollectAllTestClassesExecutor.access$000(JUnitPlatformTestClassProcessor.java:110)
	at org.gradle.api.internal.tasks.testing.junitplatform.JUnitPlatformTestClassProcessor.stop(JUnitPlatformTestClassProcessor.java:104)
	at org.gradle.api.internal.tasks.testing.SuiteTestClassProcessor.stop(SuiteTestClassProcessor.java:64)
	at java.base/jdk.internal.reflect.DirectMethodHandleAccessor.invoke(DirectMethodHandleAccessor.java:104)
	at java.base/java.lang.reflect.Method.invoke(Method.java:565)
	at org.gradle.internal.dispatch.MethodInvocation.invokeOn(MethodInvocation.java:77)
	at org.gradle.internal.dispatch.ReflectionDispatch.dispatch(ReflectionDispatch.java:28)
	at org.gradle.internal.dispatch.ReflectionDispatch.dispatch(ReflectionDispatch.java:19)
	at org.gradle.internal.dispatch.ContextClassLoaderDispatch.dispatch(ContextClassLoaderDispatch.java:33)
	at org.gradle.internal.dispatch.ProxyDispatchAdapter$DispatchingInvocationHandler.invoke(ProxyDispatchAdapter.java:88)
	at jdk.proxy1/jdk.proxy1.$Proxy4.stop(Unknown Source)
	at org.gradle.api.internal.tasks.testing.worker.TestWorker$3.run(TestWorker.java:194)
	at org.gradle.api.internal.tasks.testing.worker.TestWorker.executeAndMaintainThreadName(TestWorker.java:126)
	at org.gradle.api.internal.tasks.testing.worker.TestWorker.execute(TestWorker.java:103)
	at org.gradle.api.internal.tasks.testing.worker.TestWorker.execute(TestWorker.java:63)
	at org.gradle.process.internal.worker.child.ActionExecutionWorker.execute(ActionExecutionWorker.java:56)
	at org.gradle.process.internal.worker.child.SystemApplicationClassLoaderWorker.call(SystemApplicationClassLoaderWorker.java:122)
	at org.gradle.process.internal.worker.child.SystemApplicationClassLoaderWorker.call(SystemApplicationClassLoaderWorker.java:72)
	at worker.org.gradle.process.internal.worker.GradleWorkerMain.run(GradleWorkerMain.java:69)
	at worker.org.gradle.process.internal.worker.GradleWorkerMain.main(GradleWorkerMain.java:74)
2025-12-15 14:40:05 [[Test worker]] INFO  - [BATCH005 - Vミッション配布削除] - [AwsPastDataDeleteVmissionMembersTasklet.java(81)] --- jobを開始します。
2025-12-15 14:40:05 [[Test worker]] INFO  - [BATCH005 - Vミッション配布削除] - [AwsPastDataDeleteVmissionMembersTasklet.java(89)] --- 削除対象: vmission_members 削除対象の年月: 202508
2025-12-15 14:40:05 [[Test worker]] INFO  - [BATCH005 - Vミッション配布削除] - [AwsPastDataDeleteVmissionMembersTasklet.java(97)] --- 削除対象の件数の取得開始
2025-12-15 14:40:05 [[Test worker]] INFO  - [BATCH005 - Vミッション配布削除] - [AwsPastDataDeleteVmissionMembersTasklet.java(99)] --- 削除対象の件数: 6
2025-12-15 14:40:05 [[Test worker]] INFO  - [BATCH005 - Vミッション配布削除] - [AwsPastDataDeleteVmissionMembersTasklet.java(122)] --- 削除処理を実行します
2025-12-15 14:40:05 [[Test worker]] ERROR - [BATCH005 - Vミッション配布削除] - [AwsPastDataDeleteVmissionMembersTasklet.java(135)] --- データベースへの削除処理に失敗しました。 理由: Failed to parse SQL script from resource [<unknown>]: テスト - SQL文の解析に失敗
org.springframework.jdbc.datasource.init.ScriptParseException: Failed to parse SQL script from resource [<unknown>]: テスト - SQL文の解析に失敗
	at jp.co.shinsoubatch.application.tasklet.AwsPastDataDeleteVmissionMembersTasklet.deleteExecute(AwsPastDataDeleteVmissionMembersTasklet.java:162)
	at jp.co.shinsoubatch.application.tasklet.AwsPastDataDeleteVmissionMembersTasklet.execute(AwsPastDataDeleteVmissionMembersTasklet.java:124)
	at java.base/jdk.internal.reflect.DirectMethodHandleAccessor.invoke(DirectMethodHandleAccessor.java:104)
	at java.base/java.lang.reflect.Method.invoke(Method.java:565)
	at org.springframework.aop.support.AopUtils.invokeJoinpointUsingReflection(AopUtils.java:360)
	at org.springframework.aop.framework.ReflectiveMethodInvocation.invokeJoinpoint(ReflectiveMethodInvocation.java:196)
	at org.springframework.aop.framework.ReflectiveMethodInvocation.proceed(ReflectiveMethodInvocation.java:163)
	at org.springframework.aop.support.DelegatingIntroductionInterceptor.doProceed(DelegatingIntroductionInterceptor.java:137)
	at org.springframework.aop.support.DelegatingIntroductionInterceptor.invoke(DelegatingIntroductionInterceptor.java:124)
	at org.springframework.aop.framework.ReflectiveMethodInvocation.proceed(ReflectiveMethodInvocation.java:184)
	at org.springframework.aop.framework.CglibAopProxy$DynamicAdvisedInterceptor.intercept(CglibAopProxy.java:728)
	at jp.co.shinsoubatch.application.tasklet.AwsPastDataDeleteVmissionMembersTasklet$$SpringCGLIB$$0.execute(<generated>)
	at jp.co.shinsoubatch.application.tasklet.AwsPastDataDeleteVmissionMembersTaskletTest.lambda$test_awsPastDataDeleteVmissionMembersTasklet_102$0(AwsPastDataDeleteVmissionMembersTaskletTest.java:417)
	at org.junit.jupiter.api.AssertThrows.assertThrows(AssertThrows.java:53)
	at org.junit.jupiter.api.AssertThrows.assertThrows(AssertThrows.java:35)
	at org.junit.jupiter.api.Assertions.assertThrows(Assertions.java:3128)
	at jp.co.shinsoubatch.application.tasklet.AwsPastDataDeleteVmissionMembersTaskletTest.test_awsPastDataDeleteVmissionMembersTasklet_102(AwsPastDataDeleteVmissionMembersTaskletTest.java:416)
	at java.base/jdk.internal.reflect.DirectMethodHandleAccessor.invoke(DirectMethodHandleAccessor.java:104)
	at java.base/java.lang.reflect.Method.invoke(Method.java:565)
	at org.junit.platform.commons.util.ReflectionUtils.invokeMethod(ReflectionUtils.java:775)
	at org.junit.platform.commons.support.ReflectionSupport.invokeMethod(ReflectionSupport.java:479)
	at org.junit.jupiter.engine.execution.MethodInvocation.proceed(MethodInvocation.java:60)
	at org.junit.jupiter.engine.execution.InvocationInterceptorChain$ValidatingInvocation.proceed(InvocationInterceptorChain.java:131)
	at org.junit.jupiter.engine.extension.TimeoutExtension.intercept(TimeoutExtension.java:161)
	at org.junit.jupiter.engine.extension.TimeoutExtension.interceptTestableMethod(TimeoutExtension.java:152)
	at org.junit.jupiter.engine.extension.TimeoutExtension.interceptTestMethod(TimeoutExtension.java:91)
	at org.junit.jupiter.engine.execution.InterceptingExecutableInvoker$ReflectiveInterceptorCall.lambda$ofVoidMethod$0(InterceptingExecutableInvoker.java:112)
	at org.junit.jupiter.engine.execution.InterceptingExecutableInvoker.lambda$invoke$0(InterceptingExecutableInvoker.java:94)
	at org.junit.jupiter.engine.execution.InvocationInterceptorChain$InterceptedInvocation.proceed(InvocationInterceptorChain.java:106)
	at org.junit.jupiter.engine.execution.InvocationInterceptorChain.proceed(InvocationInterceptorChain.java:64)
	at org.junit.jupiter.engine.execution.InvocationInterceptorChain.chainAndInvoke(InvocationInterceptorChain.java:45)
	at org.junit.jupiter.engine.execution.InvocationInterceptorChain.invoke(InvocationInterceptorChain.java:37)
	at org.junit.jupiter.engine.execution.InterceptingExecutableInvoker.invoke(InterceptingExecutableInvoker.java:93)
	at org.junit.jupiter.engine.execution.InterceptingExecutableInvoker.invoke(InterceptingExecutableInvoker.java:87)
	at org.junit.jupiter.engine.descriptor.TestMethodTestDescriptor.lambda$invokeTestMethod$7(TestMethodTestDescriptor.java:216)
	at org.junit.platform.engine.support.hierarchical.ThrowableCollector.execute(ThrowableCollector.java:73)
	at org.junit.jupiter.engine.descriptor.TestMethodTestDescriptor.invokeTestMethod(TestMethodTestDescriptor.java:212)
	at org.junit.jupiter.engine.descriptor.TestMethodTestDescriptor.execute(TestMethodTestDescriptor.java:137)
	at org.junit.jupiter.engine.descriptor.TestMethodTestDescriptor.execute(TestMethodTestDescriptor.java:69)
	at org.junit.platform.engine.support.hierarchical.NodeTestTask.lambda$executeRecursively$6(NodeTestTask.java:156)
	at org.junit.platform.engine.support.hierarchical.ThrowableCollector.execute(ThrowableCollector.java:73)
	at org.junit.platform.engine.support.hierarchical.NodeTestTask.lambda$executeRecursively$8(NodeTestTask.java:146)
	at org.junit.platform.engine.support.hierarchical.Node.around(Node.java:137)
	at org.junit.platform.engine.support.hierarchical.NodeTestTask.lambda$executeRecursively$9(NodeTestTask.java:144)
	at org.junit.platform.engine.support.hierarchical.ThrowableCollector.execute(ThrowableCollector.java:73)
	at org.junit.platform.engine.support.hierarchical.NodeTestTask.executeRecursively(NodeTestTask.java:143)
	at org.junit.platform.engine.support.hierarchical.NodeTestTask.execute(NodeTestTask.java:100)
	at java.base/java.util.ArrayList.forEach(ArrayList.java:1604)
	at org.junit.platform.engine.support.hierarchical.SameThreadHierarchicalTestExecutorService.invokeAll(SameThreadHierarchicalTestExecutorService.java:41)
	at org.junit.platform.engine.support.hierarchical.NodeTestTask.lambda$executeRecursively$6(NodeTestTask.java:160)
	at org.junit.platform.engine.support.hierarchical.ThrowableCollector.execute(ThrowableCollector.java:73)
	at org.junit.platform.engine.support.hierarchical.NodeTestTask.lambda$executeRecursively$8(NodeTestTask.java:146)
	at org.junit.platform.engine.support.hierarchical.Node.around(Node.java:137)
	at org.junit.platform.engine.support.hierarchical.NodeTestTask.lambda$executeRecursively$9(NodeTestTask.java:144)
	at org.junit.platform.engine.support.hierarchical.ThrowableCollector.execute(ThrowableCollector.java:73)
	at org.junit.platform.engine.support.hierarchical.NodeTestTask.executeRecursively(NodeTestTask.java:143)
	at org.junit.platform.engine.support.hierarchical.NodeTestTask.execute(NodeTestTask.java:100)
	at java.base/java.util.ArrayList.forEach(ArrayList.java:1604)
	at org.junit.platform.engine.support.hierarchical.SameThreadHierarchicalTestExecutorService.invokeAll(SameThreadHierarchicalTestExecutorService.java:41)
	at org.junit.platform.engine.support.hierarchical.NodeTestTask.lambda$executeRecursively$6(NodeTestTask.java:160)
	at org.junit.platform.engine.support.hierarchical.ThrowableCollector.execute(ThrowableCollector.java:73)
	at org.junit.platform.engine.support.hierarchical.NodeTestTask.lambda$executeRecursively$8(NodeTestTask.java:146)
	at org.junit.platform.engine.support.hierarchical.Node.around(Node.java:137)
	at org.junit.platform.engine.support.hierarchical.NodeTestTask.lambda$executeRecursively$9(NodeTestTask.java:144)
	at org.junit.platform.engine.support.hierarchical.ThrowableCollector.execute(ThrowableCollector.java:73)
	at org.junit.platform.engine.support.hierarchical.NodeTestTask.executeRecursively(NodeTestTask.java:143)
	at org.junit.platform.engine.support.hierarchical.NodeTestTask.execute(NodeTestTask.java:100)
	at org.junit.platform.engine.support.hierarchical.SameThreadHierarchicalTestExecutorService.submit(SameThreadHierarchicalTestExecutorService.java:35)
	at org.junit.platform.engine.support.hierarchical.HierarchicalTestExecutor.execute(HierarchicalTestExecutor.java:57)
	at org.junit.platform.engine.support.hierarchical.HierarchicalTestEngine.execute(HierarchicalTestEngine.java:54)
	at org.junit.platform.launcher.core.EngineExecutionOrchestrator.execute(EngineExecutionOrchestrator.java:201)
	at org.junit.platform.launcher.core.EngineExecutionOrchestrator.execute(EngineExecutionOrchestrator.java:170)
	at org.junit.platform.launcher.core.EngineExecutionOrchestrator.execute(EngineExecutionOrchestrator.java:94)
	at org.junit.platform.launcher.core.EngineExecutionOrchestrator.lambda$execute$0(EngineExecutionOrchestrator.java:59)
	at org.junit.platform.launcher.core.EngineExecutionOrchestrator.withInterceptedStreams(EngineExecutionOrchestrator.java:142)
	at org.junit.platform.launcher.core.EngineExecutionOrchestrator.execute(EngineExecutionOrchestrator.java:58)
	at org.junit.platform.launcher.core.DefaultLauncher.execute(DefaultLauncher.java:103)
	at org.junit.platform.launcher.core.DefaultLauncher.execute(DefaultLauncher.java:85)
	at org.junit.platform.launcher.core.DelegatingLauncher.execute(DelegatingLauncher.java:47)
	at org.junit.platform.launcher.core.InterceptingLauncher.lambda$execute$1(InterceptingLauncher.java:39)
	at org.junit.platform.launcher.core.ClasspathAlignmentCheckingLauncherInterceptor.intercept(ClasspathAlignmentCheckingLauncherInterceptor.java:25)
	at org.junit.platform.launcher.core.InterceptingLauncher.execute(InterceptingLauncher.java:38)
	at org.junit.platform.launcher.core.DelegatingLauncher.execute(DelegatingLauncher.java:47)
	at org.gradle.api.internal.tasks.testing.junitplatform.JUnitPlatformTestClassProcessor$CollectAllTestClassesExecutor.processAllTestClasses(JUnitPlatformTestClassProcessor.java:135)
	at org.gradle.api.internal.tasks.testing.junitplatform.JUnitPlatformTestClassProcessor$CollectAllTestClassesExecutor.access$000(JUnitPlatformTestClassProcessor.java:110)
	at org.gradle.api.internal.tasks.testing.junitplatform.JUnitPlatformTestClassProcessor.stop(JUnitPlatformTestClassProcessor.java:104)
	at org.gradle.api.internal.tasks.testing.SuiteTestClassProcessor.stop(SuiteTestClassProcessor.java:64)
	at java.base/jdk.internal.reflect.DirectMethodHandleAccessor.invoke(DirectMethodHandleAccessor.java:104)
	at java.base/java.lang.reflect.Method.invoke(Method.java:565)
	at org.gradle.internal.dispatch.MethodInvocation.invokeOn(MethodInvocation.java:77)
	at org.gradle.internal.dispatch.ReflectionDispatch.dispatch(ReflectionDispatch.java:28)
	at org.gradle.internal.dispatch.ReflectionDispatch.dispatch(ReflectionDispatch.java:19)
	at org.gradle.internal.dispatch.ContextClassLoaderDispatch.dispatch(ContextClassLoaderDispatch.java:33)
	at org.gradle.internal.dispatch.ProxyDispatchAdapter$DispatchingInvocationHandler.invoke(ProxyDispatchAdapter.java:88)
	at jdk.proxy1/jdk.proxy1.$Proxy4.stop(Unknown Source)
	at org.gradle.api.internal.tasks.testing.worker.TestWorker$3.run(TestWorker.java:194)
	at org.gradle.api.internal.tasks.testing.worker.TestWorker.executeAndMaintainThreadName(TestWorker.java:126)
	at org.gradle.api.internal.tasks.testing.worker.TestWorker.execute(TestWorker.java:103)
	at org.gradle.api.internal.tasks.testing.worker.TestWorker.execute(TestWorker.java:63)
	at org.gradle.process.internal.worker.child.ActionExecutionWorker.execute(ActionExecutionWorker.java:56)
	at org.gradle.process.internal.worker.child.SystemApplicationClassLoaderWorker.call(SystemApplicationClassLoaderWorker.java:122)
	at org.gradle.process.internal.worker.child.SystemApplicationClassLoaderWorker.call(SystemApplicationClassLoaderWorker.java:72)
	at worker.org.gradle.process.internal.worker.GradleWorkerMain.run(GradleWorkerMain.java:69)
	at worker.org.gradle.process.internal.worker.GradleWorkerMain.main(GradleWorkerMain.java:74)
2025-12-15 14:40:05 [[SpringApplicationShutdownHook]] INFO  - HikariPool-1 - Shutdown initiated...
2025-12-15 14:40:05 [[SpringApplicationShutdownHook]] INFO  - HikariPool-1 - Shutdown completed.
2025-12-15 14:40:27 [[Test worker]] INFO  - Starting AwsPastDataDeleteVmissionMembersTaskletTest_count using Java 25.0.1 with PID 33496 (started by fuyutotoda in C:\Users\fuyutotoda\Local_Works\SMCC\app-batch\app-batch\springboot)
2025-12-15 14:40:27 [[Test worker]] INFO  - The following 1 profile is active: "test-past-data-delete-env"
2025-12-15 14:40:29 [[Test worker]] WARN  - Skipping MapperFactoryBean with name 'batchesMapper' and 'jp.co.shinsoubatch.infrastructure.mapper.BatchesMapper' mapperInterface. Bean already defined with the same name!
2025-12-15 14:40:29 [[Test worker]] WARN  - Skipping MapperFactoryBean with name 'brandCategoriesMapper' and 'jp.co.shinsoubatch.infrastructure.mapper.BrandCategoriesMapper' mapperInterface. Bean already defined with the same name!
2025-12-15 14:40:29 [[Test worker]] WARN  - Skipping MapperFactoryBean with name 'brandMissionsMapper' and 'jp.co.shinsoubatch.infrastructure.mapper.BrandMissionsMapper' mapperInterface. Bean already defined with the same name!
2025-12-15 14:40:29 [[Test worker]] WARN  - Skipping MapperFactoryBean with name 'brandsMapper' and 'jp.co.shinsoubatch.infrastructure.mapper.BrandsMapper' mapperInterface. Bean already defined with the same name!
2025-12-15 14:40:29 [[Test worker]] WARN  - Skipping MapperFactoryBean with name 'capturedCouponsMapper' and 'jp.co.shinsoubatch.infrastructure.mapper.CapturedCouponsMapper' mapperInterface. Bean already defined with the same name!
2025-12-15 14:40:29 [[Test worker]] WARN  - Skipping MapperFactoryBean with name 'cardcodesMapper' and 'jp.co.shinsoubatch.infrastructure.mapper.CardcodesMapper' mapperInterface. Bean already defined with the same name!
2025-12-15 14:40:29 [[Test worker]] WARN  - Skipping MapperFactoryBean with name 'couponAttentionTextsMapper' and 'jp.co.shinsoubatch.infrastructure.mapper.CouponAttentionTextsMapper' mapperInterface. Bean already defined with the same name!
2025-12-15 14:40:29 [[Test worker]] WARN  - Skipping MapperFactoryBean with name 'couponsMapper' and 'jp.co.shinsoubatch.infrastructure.mapper.CouponsMapper' mapperInterface. Bean already defined with the same name!
2025-12-15 14:40:29 [[Test worker]] WARN  - Skipping MapperFactoryBean with name 'couponUrlsMapper' and 'jp.co.shinsoubatch.infrastructure.mapper.CouponUrlsMapper' mapperInterface. Bean already defined with the same name!
2025-12-15 14:40:29 [[Test worker]] WARN  - Skipping MapperFactoryBean with name 'favoriteBrandsMapper' and 'jp.co.shinsoubatch.infrastructure.mapper.FavoriteBrandsMapper' mapperInterface. Bean already defined with the same name!
2025-12-15 14:40:29 [[Test worker]] WARN  - Skipping MapperFactoryBean with name 'featureCouponsMapper' and 'jp.co.shinsoubatch.infrastructure.mapper.FeatureCouponsMapper' mapperInterface. Bean already defined with the same name!
2025-12-15 14:40:29 [[Test worker]] WARN  - Skipping MapperFactoryBean with name 'featureMembersMapper' and 'jp.co.shinsoubatch.infrastructure.mapper.FeatureMembersMapper' mapperInterface. Bean already defined with the same name!
2025-12-15 14:40:29 [[Test worker]] WARN  - Skipping MapperFactoryBean with name 'featuresMapper' and 'jp.co.shinsoubatch.infrastructure.mapper.FeaturesMapper' mapperInterface. Bean already defined with the same name!
2025-12-15 14:40:29 [[Test worker]] WARN  - Skipping MapperFactoryBean with name 'flywaySchemaHistoryMapper' and 'jp.co.shinsoubatch.infrastructure.mapper.FlywaySchemaHistoryMapper' mapperInterface. Bean already defined with the same name!
2025-12-15 14:40:29 [[Test worker]] WARN  - Skipping MapperFactoryBean with name 'latestVersionsMapper' and 'jp.co.shinsoubatch.infrastructure.mapper.LatestVersionsMapper' mapperInterface. Bean already defined with the same name!
2025-12-15 14:40:29 [[Test worker]] WARN  - Skipping MapperFactoryBean with name 'membersMapper' and 'jp.co.shinsoubatch.infrastructure.mapper.MembersMapper' mapperInterface. Bean already defined with the same name!
2025-12-15 14:40:29 [[Test worker]] WARN  - Skipping MapperFactoryBean with name 'notificationsMapper' and 'jp.co.shinsoubatch.infrastructure.mapper.NotificationsMapper' mapperInterface. Bean already defined with the same name!
2025-12-15 14:40:29 [[Test worker]] WARN  - Skipping MapperFactoryBean with name 'recommendedCouponsMapper' and 'jp.co.shinsoubatch.infrastructure.mapper.RecommendedCouponsMapper' mapperInterface. Bean already defined with the same name!
2025-12-15 14:40:29 [[Test worker]] WARN  - Skipping MapperFactoryBean with name 'serviceCommonTextsMapper' and 'jp.co.shinsoubatch.infrastructure.mapper.ServiceCommonTextsMapper' mapperInterface. Bean already defined with the same name!
2025-12-15 14:40:29 [[Test worker]] WARN  - Skipping MapperFactoryBean with name 'sessionsMapper' and 'jp.co.shinsoubatch.infrastructure.mapper.SessionsMapper' mapperInterface. Bean already defined with the same name!
2025-12-15 14:40:29 [[Test worker]] WARN  - Skipping MapperFactoryBean with name 'specialCouponsMapper' and 'jp.co.shinsoubatch.infrastructure.mapper.SpecialCouponsMapper' mapperInterface. Bean already defined with the same name!
2025-12-15 14:40:29 [[Test worker]] WARN  - Skipping MapperFactoryBean with name 'userAgreementsMapper' and 'jp.co.shinsoubatch.infrastructure.mapper.UserAgreementsMapper' mapperInterface. Bean already defined with the same name!
2025-12-15 14:40:29 [[Test worker]] WARN  - Skipping MapperFactoryBean with name 'vmissionAggregateMapper' and 'jp.co.shinsoubatch.infrastructure.mapper.VmissionAggregateMapper' mapperInterface. Bean already defined with the same name!
2025-12-15 14:40:29 [[Test worker]] WARN  - Skipping MapperFactoryBean with name 'vmissionMembersMapper' and 'jp.co.shinsoubatch.infrastructure.mapper.VmissionMembersMapper' mapperInterface. Bean already defined with the same name!
2025-12-15 14:40:29 [[Test worker]] WARN  - Skipping MapperFactoryBean with name 'vmissionMonthlyAggregationCompletionMapper' and 'jp.co.shinsoubatch.infrastructure.mapper.VmissionMonthlyAggregationCompletionMapper' mapperInterface. Bean already defined with the same name!
2025-12-15 14:40:29 [[Test worker]] WARN  - Skipping MapperFactoryBean with name 'vmissionProgressMapper' and 'jp.co.shinsoubatch.infrastructure.mapper.VmissionProgressMapper' mapperInterface. Bean already defined with the same name!
2025-12-15 14:40:29 [[Test worker]] WARN  - No MyBatis mapper was found in '[jp.co.shinsoubatch.infrastructure.mapper]' package. Please check your configuration.
2025-12-15 14:40:30 [[Test worker]] INFO  - HikariPool-1 - Starting...
2025-12-15 14:40:30 [[Test worker]] INFO  - HikariPool-1 - Added connection org.postgresql.jdbc.PgConnection@36224f93
2025-12-15 14:40:30 [[Test worker]] INFO  - HikariPool-1 - Start completed.
2025-12-15 14:40:35 [[Test worker]] INFO  - Started AwsPastDataDeleteVmissionMembersTaskletTest_count in 8.15 seconds (process running for 10.845)
2025-12-15 14:40:37 [[Test worker]] INFO  - [BATCH005 - Vミッション配布削除] - [AwsPastDataDeleteVmissionMembersTasklet.java(81)] --- jobを開始します。
2025-12-15 14:40:37 [[Test worker]] INFO  - [BATCH005 - Vミッション配布削除] - [AwsPastDataDeleteVmissionMembersTasklet.java(89)] --- 削除対象: vmission_members 削除対象の年月: 202508
2025-12-15 14:40:37 [[Test worker]] INFO  - [BATCH005 - Vミッション配布削除] - [AwsPastDataDeleteVmissionMembersTasklet.java(97)] --- 削除対象の件数の取得開始
2025-12-15 14:40:37 [[Test worker]] INFO  - [BATCH005 - Vミッション配布削除] - [AwsPastDataDeleteVmissionMembersTasklet.java(99)] --- 削除対象の件数: 6
2025-12-15 14:40:37 [[Test worker]] INFO  - [BATCH005 - Vミッション配布削除] - [AwsPastDataDeleteVmissionMembersTasklet.java(122)] --- 削除処理を実行します
2025-12-15 14:40:37 [[Test worker]] INFO  - [BATCH005 - Vミッション配布削除] - [AwsPastDataDeleteVmissionMembersTasklet.java(163)] --- 削除要求: 4, 実際に削除した件数: 4
2025-12-15 14:40:37 [[Test worker]] INFO  - [BATCH005 - Vミッション配布削除] - [AwsPastDataDeleteVmissionMembersTasklet.java(163)] --- 削除要求: 4, 実際に削除した件数: 2
2025-12-15 14:40:37 [[Test worker]] INFO  - [BATCH005 - Vミッション配布削除] - [AwsPastDataDeleteVmissionMembersTasklet.java(129)] --- 削除処理を実行しました。 削除件数: {0}
2025-12-15 14:40:38 [[SpringApplicationShutdownHook]] INFO  - HikariPool-1 - Shutdown initiated...
2025-12-15 14:40:38 [[SpringApplicationShutdownHook]] INFO  - HikariPool-1 - Shutdown completed.
2025-12-15 14:40:52 [[Test worker]] INFO  - Starting AwsSessionDeleteTaskletTest using Java 25.0.1 with PID 13368 (started by fuyutotoda in C:\Users\fuyutotoda\Local_Works\SMCC\app-batch\app-batch\springboot)
2025-12-15 14:40:52 [[Test worker]] INFO  - The following 1 profile is active: "test-session-delete"
2025-12-15 14:40:54 [[Test worker]] WARN  - Skipping MapperFactoryBean with name 'batchesMapper' and 'jp.co.shinsoubatch.infrastructure.mapper.BatchesMapper' mapperInterface. Bean already defined with the same name!
2025-12-15 14:40:54 [[Test worker]] WARN  - Skipping MapperFactoryBean with name 'brandCategoriesMapper' and 'jp.co.shinsoubatch.infrastructure.mapper.BrandCategoriesMapper' mapperInterface. Bean already defined with the same name!
2025-12-15 14:40:54 [[Test worker]] WARN  - Skipping MapperFactoryBean with name 'brandMissionsMapper' and 'jp.co.shinsoubatch.infrastructure.mapper.BrandMissionsMapper' mapperInterface. Bean already defined with the same name!
2025-12-15 14:40:54 [[Test worker]] WARN  - Skipping MapperFactoryBean with name 'brandsMapper' and 'jp.co.shinsoubatch.infrastructure.mapper.BrandsMapper' mapperInterface. Bean already defined with the same name!
2025-12-15 14:40:54 [[Test worker]] WARN  - Skipping MapperFactoryBean with name 'capturedCouponsMapper' and 'jp.co.shinsoubatch.infrastructure.mapper.CapturedCouponsMapper' mapperInterface. Bean already defined with the same name!
2025-12-15 14:40:54 [[Test worker]] WARN  - Skipping MapperFactoryBean with name 'cardcodesMapper' and 'jp.co.shinsoubatch.infrastructure.mapper.CardcodesMapper' mapperInterface. Bean already defined with the same name!
2025-12-15 14:40:54 [[Test worker]] WARN  - Skipping MapperFactoryBean with name 'couponAttentionTextsMapper' and 'jp.co.shinsoubatch.infrastructure.mapper.CouponAttentionTextsMapper' mapperInterface. Bean already defined with the same name!
2025-12-15 14:40:54 [[Test worker]] WARN  - Skipping MapperFactoryBean with name 'couponsMapper' and 'jp.co.shinsoubatch.infrastructure.mapper.CouponsMapper' mapperInterface. Bean already defined with the same name!
2025-12-15 14:40:54 [[Test worker]] WARN  - Skipping MapperFactoryBean with name 'couponUrlsMapper' and 'jp.co.shinsoubatch.infrastructure.mapper.CouponUrlsMapper' mapperInterface. Bean already defined with the same name!
2025-12-15 14:40:54 [[Test worker]] WARN  - Skipping MapperFactoryBean with name 'favoriteBrandsMapper' and 'jp.co.shinsoubatch.infrastructure.mapper.FavoriteBrandsMapper' mapperInterface. Bean already defined with the same name!
2025-12-15 14:40:54 [[Test worker]] WARN  - Skipping MapperFactoryBean with name 'featureCouponsMapper' and 'jp.co.shinsoubatch.infrastructure.mapper.FeatureCouponsMapper' mapperInterface. Bean already defined with the same name!
2025-12-15 14:40:54 [[Test worker]] WARN  - Skipping MapperFactoryBean with name 'featureMembersMapper' and 'jp.co.shinsoubatch.infrastructure.mapper.FeatureMembersMapper' mapperInterface. Bean already defined with the same name!
2025-12-15 14:40:54 [[Test worker]] WARN  - Skipping MapperFactoryBean with name 'featuresMapper' and 'jp.co.shinsoubatch.infrastructure.mapper.FeaturesMapper' mapperInterface. Bean already defined with the same name!
2025-12-15 14:40:54 [[Test worker]] WARN  - Skipping MapperFactoryBean with name 'flywaySchemaHistoryMapper' and 'jp.co.shinsoubatch.infrastructure.mapper.FlywaySchemaHistoryMapper' mapperInterface. Bean already defined with the same name!
2025-12-15 14:40:54 [[Test worker]] WARN  - Skipping MapperFactoryBean with name 'latestVersionsMapper' and 'jp.co.shinsoubatch.infrastructure.mapper.LatestVersionsMapper' mapperInterface. Bean already defined with the same name!
2025-12-15 14:40:54 [[Test worker]] WARN  - Skipping MapperFactoryBean with name 'membersMapper' and 'jp.co.shinsoubatch.infrastructure.mapper.MembersMapper' mapperInterface. Bean already defined with the same name!
2025-12-15 14:40:54 [[Test worker]] WARN  - Skipping MapperFactoryBean with name 'notificationsMapper' and 'jp.co.shinsoubatch.infrastructure.mapper.NotificationsMapper' mapperInterface. Bean already defined with the same name!
2025-12-15 14:40:54 [[Test worker]] WARN  - Skipping MapperFactoryBean with name 'recommendedCouponsMapper' and 'jp.co.shinsoubatch.infrastructure.mapper.RecommendedCouponsMapper' mapperInterface. Bean already defined with the same name!
2025-12-15 14:40:54 [[Test worker]] WARN  - Skipping MapperFactoryBean with name 'serviceCommonTextsMapper' and 'jp.co.shinsoubatch.infrastructure.mapper.ServiceCommonTextsMapper' mapperInterface. Bean already defined with the same name!
2025-12-15 14:40:54 [[Test worker]] WARN  - Skipping MapperFactoryBean with name 'sessionsMapper' and 'jp.co.shinsoubatch.infrastructure.mapper.SessionsMapper' mapperInterface. Bean already defined with the same name!
2025-12-15 14:40:54 [[Test worker]] WARN  - Skipping MapperFactoryBean with name 'specialCouponsMapper' and 'jp.co.shinsoubatch.infrastructure.mapper.SpecialCouponsMapper' mapperInterface. Bean already defined with the same name!
2025-12-15 14:40:54 [[Test worker]] WARN  - Skipping MapperFactoryBean with name 'userAgreementsMapper' and 'jp.co.shinsoubatch.infrastructure.mapper.UserAgreementsMapper' mapperInterface. Bean already defined with the same name!
2025-12-15 14:40:54 [[Test worker]] WARN  - Skipping MapperFactoryBean with name 'vmissionAggregateMapper' and 'jp.co.shinsoubatch.infrastructure.mapper.VmissionAggregateMapper' mapperInterface. Bean already defined with the same name!
2025-12-15 14:40:54 [[Test worker]] WARN  - Skipping MapperFactoryBean with name 'vmissionMembersMapper' and 'jp.co.shinsoubatch.infrastructure.mapper.VmissionMembersMapper' mapperInterface. Bean already defined with the same name!
2025-12-15 14:40:54 [[Test worker]] WARN  - Skipping MapperFactoryBean with name 'vmissionMonthlyAggregationCompletionMapper' and 'jp.co.shinsoubatch.infrastructure.mapper.VmissionMonthlyAggregationCompletionMapper' mapperInterface. Bean already defined with the same name!
2025-12-15 14:40:54 [[Test worker]] WARN  - Skipping MapperFactoryBean with name 'vmissionProgressMapper' and 'jp.co.shinsoubatch.infrastructure.mapper.VmissionProgressMapper' mapperInterface. Bean already defined with the same name!
2025-12-15 14:40:54 [[Test worker]] WARN  - No MyBatis mapper was found in '[jp.co.shinsoubatch.infrastructure.mapper]' package. Please check your configuration.
2025-12-15 14:40:54 [[Test worker]] INFO  - HikariPool-1 - Starting...
2025-12-15 14:40:54 [[Test worker]] INFO  - HikariPool-1 - Added connection org.postgresql.jdbc.PgConnection@233f52f8
2025-12-15 14:40:54 [[Test worker]] INFO  - HikariPool-1 - Start completed.
2025-12-15 14:40:59 [[Test worker]] INFO  - Started AwsSessionDeleteTaskletTest in 7.773 seconds (process running for 10.443)
2025-12-15 14:41:01 [[Test worker]] INFO  - [BATCH006 - 新送客サイトセッション削除バッチ] - [AwsSessionDeleteTasklet.java(86)] --- 削除対象: sessions 閾値の最終アクセス日時: 2025-12-10 00:00:00
2025-12-15 14:41:01 [[Test worker]] INFO  - [BATCH006 - 新送客サイトセッション削除バッチ] - [AwsSessionDeleteTasklet.java(91)] --- 削除対象の件数の取得開始
2025-12-15 14:41:01 [[Test worker]] INFO  - [BATCH006 - 新送客サイトセッション削除バッチ] - [AwsSessionDeleteTasklet.java(93)] --- 削除対象の件数: 2
2025-12-15 14:41:01 [[Test worker]] INFO  - [BATCH006 - 新送客サイトセッション削除バッチ] - [AwsSessionDeleteTasklet.java(116)] --- 削除処理を実行します
2025-12-15 14:41:01 [[Test worker]] INFO  - [BATCH006 - 新送客サイトセッション削除バッチ] - [AwsSessionDeleteTasklet.java(156)] --- 削除要求: 3, 実際に削除した件数: 2
2025-12-15 14:41:01 [[Test worker]] INFO  - [BATCH006 - 新送客サイトセッション削除バッチ] - [AwsSessionDeleteTasklet.java(123)] --- 削除処理を実行しました。 削除件数: {0}
2025-12-15 14:41:01 [[Test worker]] INFO  - [BATCH006 - 新送客サイトセッション削除バッチ] - [AwsSessionDeleteTasklet.java(86)] --- 削除対象: sessions 閾値の最終アクセス日時: 1990-01-01 00:00:00
2025-12-15 14:41:01 [[Test worker]] INFO  - [BATCH006 - 新送客サイトセッション削除バッチ] - [AwsSessionDeleteTasklet.java(91)] --- 削除対象の件数の取得開始
2025-12-15 14:41:01 [[Test worker]] INFO  - [BATCH006 - 新送客サイトセッション削除バッチ] - [AwsSessionDeleteTasklet.java(93)] --- 削除対象の件数: 0
2025-12-15 14:41:01 [[Test worker]] INFO  - [BATCH006 - 新送客サイトセッション削除バッチ] - [AwsSessionDeleteTasklet.java(106)] --- 削除対象の件数が0件です。 削除対象: sessions 閾値の最終アクセス日時: 1990-01-01 00:00:00
2025-12-15 14:41:02 [[Test worker]] INFO  - [BATCH006 - 新送客サイトセッション削除バッチ] - [AwsSessionDeleteTasklet.java(86)] --- 削除対象: sessions 閾値の最終アクセス日時: 2025-12-10 00:00:00
2025-12-15 14:41:02 [[Test worker]] INFO  - [BATCH006 - 新送客サイトセッション削除バッチ] - [AwsSessionDeleteTasklet.java(91)] --- 削除対象の件数の取得開始
2025-12-15 14:41:02 [[Test worker]] ERROR - [BATCH006 - 新送客サイトセッション削除バッチ] - [AwsSessionDeleteTasklet.java(99)] --- データベースからの削除対象件数の取得に失敗しました。 理由: テスト - データベースアクセスに失敗
org.springframework.dao.DataAccessResourceFailureException: テスト - データベースアクセスに失敗
	at jp.co.shinsoubatch.application.tasklet.AwsSessionDeleteTasklet.execute(AwsSessionDeleteTasklet.java:92)
	at java.base/jdk.internal.reflect.DirectMethodHandleAccessor.invoke(DirectMethodHandleAccessor.java:104)
	at java.base/java.lang.reflect.Method.invoke(Method.java:565)
	at org.springframework.aop.support.AopUtils.invokeJoinpointUsingReflection(AopUtils.java:360)
	at org.springframework.aop.framework.ReflectiveMethodInvocation.invokeJoinpoint(ReflectiveMethodInvocation.java:196)
	at org.springframework.aop.framework.ReflectiveMethodInvocation.proceed(ReflectiveMethodInvocation.java:163)
	at org.springframework.aop.support.DelegatingIntroductionInterceptor.doProceed(DelegatingIntroductionInterceptor.java:137)
	at org.springframework.aop.support.DelegatingIntroductionInterceptor.invoke(DelegatingIntroductionInterceptor.java:124)
	at org.springframework.aop.framework.ReflectiveMethodInvocation.proceed(ReflectiveMethodInvocation.java:184)
	at org.springframework.aop.framework.CglibAopProxy$DynamicAdvisedInterceptor.intercept(CglibAopProxy.java:728)
	at jp.co.shinsoubatch.application.tasklet.AwsSessionDeleteTasklet$$SpringCGLIB$$0.execute(<generated>)
	at jp.co.shinsoubatch.application.tasklet.AwsSessionDeleteTaskletTest.lambda$test_awsSessionDeleteTasklet_003$0(AwsSessionDeleteTaskletTest.java:180)
	at org.junit.jupiter.api.AssertThrows.assertThrows(AssertThrows.java:53)
	at org.junit.jupiter.api.AssertThrows.assertThrows(AssertThrows.java:35)
	at org.junit.jupiter.api.Assertions.assertThrows(Assertions.java:3128)
	at jp.co.shinsoubatch.application.tasklet.AwsSessionDeleteTaskletTest.test_awsSessionDeleteTasklet_003(AwsSessionDeleteTaskletTest.java:179)
	at java.base/jdk.internal.reflect.DirectMethodHandleAccessor.invoke(DirectMethodHandleAccessor.java:104)
	at java.base/java.lang.reflect.Method.invoke(Method.java:565)
	at org.junit.platform.commons.util.ReflectionUtils.invokeMethod(ReflectionUtils.java:775)
	at org.junit.platform.commons.support.ReflectionSupport.invokeMethod(ReflectionSupport.java:479)
	at org.junit.jupiter.engine.execution.MethodInvocation.proceed(MethodInvocation.java:60)
	at org.junit.jupiter.engine.execution.InvocationInterceptorChain$ValidatingInvocation.proceed(InvocationInterceptorChain.java:131)
	at org.junit.jupiter.engine.extension.TimeoutExtension.intercept(TimeoutExtension.java:161)
	at org.junit.jupiter.engine.extension.TimeoutExtension.interceptTestableMethod(TimeoutExtension.java:152)
	at org.junit.jupiter.engine.extension.TimeoutExtension.interceptTestMethod(TimeoutExtension.java:91)
	at org.junit.jupiter.engine.execution.InterceptingExecutableInvoker$ReflectiveInterceptorCall.lambda$ofVoidMethod$0(InterceptingExecutableInvoker.java:112)
	at org.junit.jupiter.engine.execution.InterceptingExecutableInvoker.lambda$invoke$0(InterceptingExecutableInvoker.java:94)
	at org.junit.jupiter.engine.execution.InvocationInterceptorChain$InterceptedInvocation.proceed(InvocationInterceptorChain.java:106)
	at org.junit.jupiter.engine.execution.InvocationInterceptorChain.proceed(InvocationInterceptorChain.java:64)
	at org.junit.jupiter.engine.execution.InvocationInterceptorChain.chainAndInvoke(InvocationInterceptorChain.java:45)
	at org.junit.jupiter.engine.execution.InvocationInterceptorChain.invoke(InvocationInterceptorChain.java:37)
	at org.junit.jupiter.engine.execution.InterceptingExecutableInvoker.invoke(InterceptingExecutableInvoker.java:93)
	at org.junit.jupiter.engine.execution.InterceptingExecutableInvoker.invoke(InterceptingExecutableInvoker.java:87)
	at org.junit.jupiter.engine.descriptor.TestMethodTestDescriptor.lambda$invokeTestMethod$7(TestMethodTestDescriptor.java:216)
	at org.junit.platform.engine.support.hierarchical.ThrowableCollector.execute(ThrowableCollector.java:73)
	at org.junit.jupiter.engine.descriptor.TestMethodTestDescriptor.invokeTestMethod(TestMethodTestDescriptor.java:212)
	at org.junit.jupiter.engine.descriptor.TestMethodTestDescriptor.execute(TestMethodTestDescriptor.java:137)
	at org.junit.jupiter.engine.descriptor.TestMethodTestDescriptor.execute(TestMethodTestDescriptor.java:69)
	at org.junit.platform.engine.support.hierarchical.NodeTestTask.lambda$executeRecursively$6(NodeTestTask.java:156)
	at org.junit.platform.engine.support.hierarchical.ThrowableCollector.execute(ThrowableCollector.java:73)
	at org.junit.platform.engine.support.hierarchical.NodeTestTask.lambda$executeRecursively$8(NodeTestTask.java:146)
	at org.junit.platform.engine.support.hierarchical.Node.around(Node.java:137)
	at org.junit.platform.engine.support.hierarchical.NodeTestTask.lambda$executeRecursively$9(NodeTestTask.java:144)
	at org.junit.platform.engine.support.hierarchical.ThrowableCollector.execute(ThrowableCollector.java:73)
	at org.junit.platform.engine.support.hierarchical.NodeTestTask.executeRecursively(NodeTestTask.java:143)
	at org.junit.platform.engine.support.hierarchical.NodeTestTask.execute(NodeTestTask.java:100)
	at java.base/java.util.ArrayList.forEach(ArrayList.java:1604)
	at org.junit.platform.engine.support.hierarchical.SameThreadHierarchicalTestExecutorService.invokeAll(SameThreadHierarchicalTestExecutorService.java:41)
	at org.junit.platform.engine.support.hierarchical.NodeTestTask.lambda$executeRecursively$6(NodeTestTask.java:160)
	at org.junit.platform.engine.support.hierarchical.ThrowableCollector.execute(ThrowableCollector.java:73)
	at org.junit.platform.engine.support.hierarchical.NodeTestTask.lambda$executeRecursively$8(NodeTestTask.java:146)
	at org.junit.platform.engine.support.hierarchical.Node.around(Node.java:137)
	at org.junit.platform.engine.support.hierarchical.NodeTestTask.lambda$executeRecursively$9(NodeTestTask.java:144)
	at org.junit.platform.engine.support.hierarchical.ThrowableCollector.execute(ThrowableCollector.java:73)
	at org.junit.platform.engine.support.hierarchical.NodeTestTask.executeRecursively(NodeTestTask.java:143)
	at org.junit.platform.engine.support.hierarchical.NodeTestTask.execute(NodeTestTask.java:100)
	at java.base/java.util.ArrayList.forEach(ArrayList.java:1604)
	at org.junit.platform.engine.support.hierarchical.SameThreadHierarchicalTestExecutorService.invokeAll(SameThreadHierarchicalTestExecutorService.java:41)
	at org.junit.platform.engine.support.hierarchical.NodeTestTask.lambda$executeRecursively$6(NodeTestTask.java:160)
	at org.junit.platform.engine.support.hierarchical.ThrowableCollector.execute(ThrowableCollector.java:73)
	at org.junit.platform.engine.support.hierarchical.NodeTestTask.lambda$executeRecursively$8(NodeTestTask.java:146)
	at org.junit.platform.engine.support.hierarchical.Node.around(Node.java:137)
	at org.junit.platform.engine.support.hierarchical.NodeTestTask.lambda$executeRecursively$9(NodeTestTask.java:144)
	at org.junit.platform.engine.support.hierarchical.ThrowableCollector.execute(ThrowableCollector.java:73)
	at org.junit.platform.engine.support.hierarchical.NodeTestTask.executeRecursively(NodeTestTask.java:143)
	at org.junit.platform.engine.support.hierarchical.NodeTestTask.execute(NodeTestTask.java:100)
	at org.junit.platform.engine.support.hierarchical.SameThreadHierarchicalTestExecutorService.submit(SameThreadHierarchicalTestExecutorService.java:35)
	at org.junit.platform.engine.support.hierarchical.HierarchicalTestExecutor.execute(HierarchicalTestExecutor.java:57)
	at org.junit.platform.engine.support.hierarchical.HierarchicalTestEngine.execute(HierarchicalTestEngine.java:54)
	at org.junit.platform.launcher.core.EngineExecutionOrchestrator.execute(EngineExecutionOrchestrator.java:201)
	at org.junit.platform.launcher.core.EngineExecutionOrchestrator.execute(EngineExecutionOrchestrator.java:170)
	at org.junit.platform.launcher.core.EngineExecutionOrchestrator.execute(EngineExecutionOrchestrator.java:94)
	at org.junit.platform.launcher.core.EngineExecutionOrchestrator.lambda$execute$0(EngineExecutionOrchestrator.java:59)
	at org.junit.platform.launcher.core.EngineExecutionOrchestrator.withInterceptedStreams(EngineExecutionOrchestrator.java:142)
	at org.junit.platform.launcher.core.EngineExecutionOrchestrator.execute(EngineExecutionOrchestrator.java:58)
	at org.junit.platform.launcher.core.DefaultLauncher.execute(DefaultLauncher.java:103)
	at org.junit.platform.launcher.core.DefaultLauncher.execute(DefaultLauncher.java:85)
	at org.junit.platform.launcher.core.DelegatingLauncher.execute(DelegatingLauncher.java:47)
	at org.junit.platform.launcher.core.InterceptingLauncher.lambda$execute$1(InterceptingLauncher.java:39)
	at org.junit.platform.launcher.core.ClasspathAlignmentCheckingLauncherInterceptor.intercept(ClasspathAlignmentCheckingLauncherInterceptor.java:25)
	at org.junit.platform.launcher.core.InterceptingLauncher.execute(InterceptingLauncher.java:38)
	at org.junit.platform.launcher.core.DelegatingLauncher.execute(DelegatingLauncher.java:47)
	at org.gradle.api.internal.tasks.testing.junitplatform.JUnitPlatformTestClassProcessor$CollectAllTestClassesExecutor.processAllTestClasses(JUnitPlatformTestClassProcessor.java:135)
	at org.gradle.api.internal.tasks.testing.junitplatform.JUnitPlatformTestClassProcessor$CollectAllTestClassesExecutor.access$000(JUnitPlatformTestClassProcessor.java:110)
	at org.gradle.api.internal.tasks.testing.junitplatform.JUnitPlatformTestClassProcessor.stop(JUnitPlatformTestClassProcessor.java:104)
	at org.gradle.api.internal.tasks.testing.SuiteTestClassProcessor.stop(SuiteTestClassProcessor.java:64)
	at java.base/jdk.internal.reflect.DirectMethodHandleAccessor.invoke(DirectMethodHandleAccessor.java:104)
	at java.base/java.lang.reflect.Method.invoke(Method.java:565)
	at org.gradle.internal.dispatch.MethodInvocation.invokeOn(MethodInvocation.java:77)
	at org.gradle.internal.dispatch.ReflectionDispatch.dispatch(ReflectionDispatch.java:28)
	at org.gradle.internal.dispatch.ReflectionDispatch.dispatch(ReflectionDispatch.java:19)
	at org.gradle.internal.dispatch.ContextClassLoaderDispatch.dispatch(ContextClassLoaderDispatch.java:33)
	at org.gradle.internal.dispatch.ProxyDispatchAdapter$DispatchingInvocationHandler.invoke(ProxyDispatchAdapter.java:88)
	at jdk.proxy1/jdk.proxy1.$Proxy4.stop(Unknown Source)
	at org.gradle.api.internal.tasks.testing.worker.TestWorker$3.run(TestWorker.java:194)
	at org.gradle.api.internal.tasks.testing.worker.TestWorker.executeAndMaintainThreadName(TestWorker.java:126)
	at org.gradle.api.internal.tasks.testing.worker.TestWorker.execute(TestWorker.java:103)
	at org.gradle.api.internal.tasks.testing.worker.TestWorker.execute(TestWorker.java:63)
	at org.gradle.process.internal.worker.child.ActionExecutionWorker.execute(ActionExecutionWorker.java:56)
	at org.gradle.process.internal.worker.child.SystemApplicationClassLoaderWorker.call(SystemApplicationClassLoaderWorker.java:122)
	at org.gradle.process.internal.worker.child.SystemApplicationClassLoaderWorker.call(SystemApplicationClassLoaderWorker.java:72)
	at worker.org.gradle.process.internal.worker.GradleWorkerMain.run(GradleWorkerMain.java:69)
	at worker.org.gradle.process.internal.worker.GradleWorkerMain.main(GradleWorkerMain.java:74)
2025-12-15 14:41:02 [[Test worker]] INFO  - [BATCH006 - 新送客サイトセッション削除バッチ] - [AwsSessionDeleteTasklet.java(86)] --- 削除対象: sessions 閾値の最終アクセス日時: 2025-12-10 00:00:00
2025-12-15 14:41:02 [[Test worker]] INFO  - [BATCH006 - 新送客サイトセッション削除バッチ] - [AwsSessionDeleteTasklet.java(91)] --- 削除対象の件数の取得開始
2025-12-15 14:41:02 [[Test worker]] INFO  - [BATCH006 - 新送客サイトセッション削除バッチ] - [AwsSessionDeleteTasklet.java(93)] --- 削除対象の件数: 2
2025-12-15 14:41:02 [[Test worker]] INFO  - [BATCH006 - 新送客サイトセッション削除バッチ] - [AwsSessionDeleteTasklet.java(116)] --- 削除処理を実行します
2025-12-15 14:41:02 [[Test worker]] ERROR - [BATCH006 - 新送客サイトセッション削除バッチ] - [AwsSessionDeleteTasklet.java(128)] --- データベースへの削除処理に失敗しました。 理由: テスト - データベースアクセスに失敗
org.springframework.dao.DataAccessResourceFailureException: テスト - データベースアクセスに失敗
	at jp.co.shinsoubatch.application.tasklet.AwsSessionDeleteTasklet.deleteExecute(AwsSessionDeleteTasklet.java:155)
	at jp.co.shinsoubatch.application.tasklet.AwsSessionDeleteTasklet.execute(AwsSessionDeleteTasklet.java:118)
	at java.base/jdk.internal.reflect.DirectMethodHandleAccessor.invoke(DirectMethodHandleAccessor.java:104)
	at java.base/java.lang.reflect.Method.invoke(Method.java:565)
	at org.springframework.aop.support.AopUtils.invokeJoinpointUsingReflection(AopUtils.java:360)
	at org.springframework.aop.framework.ReflectiveMethodInvocation.invokeJoinpoint(ReflectiveMethodInvocation.java:196)
	at org.springframework.aop.framework.ReflectiveMethodInvocation.proceed(ReflectiveMethodInvocation.java:163)
	at org.springframework.aop.support.DelegatingIntroductionInterceptor.doProceed(DelegatingIntroductionInterceptor.java:137)
	at org.springframework.aop.support.DelegatingIntroductionInterceptor.invoke(DelegatingIntroductionInterceptor.java:124)
	at org.springframework.aop.framework.ReflectiveMethodInvocation.proceed(ReflectiveMethodInvocation.java:184)
	at org.springframework.aop.framework.CglibAopProxy$DynamicAdvisedInterceptor.intercept(CglibAopProxy.java:728)
	at jp.co.shinsoubatch.application.tasklet.AwsSessionDeleteTasklet$$SpringCGLIB$$0.execute(<generated>)
	at jp.co.shinsoubatch.application.tasklet.AwsSessionDeleteTaskletTest.lambda$test_awsSessionDeleteTasklet_004$0(AwsSessionDeleteTaskletTest.java:211)
	at org.junit.jupiter.api.AssertThrows.assertThrows(AssertThrows.java:53)
	at org.junit.jupiter.api.AssertThrows.assertThrows(AssertThrows.java:35)
	at org.junit.jupiter.api.Assertions.assertThrows(Assertions.java:3128)
	at jp.co.shinsoubatch.application.tasklet.AwsSessionDeleteTaskletTest.test_awsSessionDeleteTasklet_004(AwsSessionDeleteTaskletTest.java:210)
	at java.base/jdk.internal.reflect.DirectMethodHandleAccessor.invoke(DirectMethodHandleAccessor.java:104)
	at java.base/java.lang.reflect.Method.invoke(Method.java:565)
	at org.junit.platform.commons.util.ReflectionUtils.invokeMethod(ReflectionUtils.java:775)
	at org.junit.platform.commons.support.ReflectionSupport.invokeMethod(ReflectionSupport.java:479)
	at org.junit.jupiter.engine.execution.MethodInvocation.proceed(MethodInvocation.java:60)
	at org.junit.jupiter.engine.execution.InvocationInterceptorChain$ValidatingInvocation.proceed(InvocationInterceptorChain.java:131)
	at org.junit.jupiter.engine.extension.TimeoutExtension.intercept(TimeoutExtension.java:161)
	at org.junit.jupiter.engine.extension.TimeoutExtension.interceptTestableMethod(TimeoutExtension.java:152)
	at org.junit.jupiter.engine.extension.TimeoutExtension.interceptTestMethod(TimeoutExtension.java:91)
	at org.junit.jupiter.engine.execution.InterceptingExecutableInvoker$ReflectiveInterceptorCall.lambda$ofVoidMethod$0(InterceptingExecutableInvoker.java:112)
	at org.junit.jupiter.engine.execution.InterceptingExecutableInvoker.lambda$invoke$0(InterceptingExecutableInvoker.java:94)
	at org.junit.jupiter.engine.execution.InvocationInterceptorChain$InterceptedInvocation.proceed(InvocationInterceptorChain.java:106)
	at org.junit.jupiter.engine.execution.InvocationInterceptorChain.proceed(InvocationInterceptorChain.java:64)
	at org.junit.jupiter.engine.execution.InvocationInterceptorChain.chainAndInvoke(InvocationInterceptorChain.java:45)
	at org.junit.jupiter.engine.execution.InvocationInterceptorChain.invoke(InvocationInterceptorChain.java:37)
	at org.junit.jupiter.engine.execution.InterceptingExecutableInvoker.invoke(InterceptingExecutableInvoker.java:93)
	at org.junit.jupiter.engine.execution.InterceptingExecutableInvoker.invoke(InterceptingExecutableInvoker.java:87)
	at org.junit.jupiter.engine.descriptor.TestMethodTestDescriptor.lambda$invokeTestMethod$7(TestMethodTestDescriptor.java:216)
	at org.junit.platform.engine.support.hierarchical.ThrowableCollector.execute(ThrowableCollector.java:73)
	at org.junit.jupiter.engine.descriptor.TestMethodTestDescriptor.invokeTestMethod(TestMethodTestDescriptor.java:212)
	at org.junit.jupiter.engine.descriptor.TestMethodTestDescriptor.execute(TestMethodTestDescriptor.java:137)
	at org.junit.jupiter.engine.descriptor.TestMethodTestDescriptor.execute(TestMethodTestDescriptor.java:69)
	at org.junit.platform.engine.support.hierarchical.NodeTestTask.lambda$executeRecursively$6(NodeTestTask.java:156)
	at org.junit.platform.engine.support.hierarchical.ThrowableCollector.execute(ThrowableCollector.java:73)
	at org.junit.platform.engine.support.hierarchical.NodeTestTask.lambda$executeRecursively$8(NodeTestTask.java:146)
	at org.junit.platform.engine.support.hierarchical.Node.around(Node.java:137)
	at org.junit.platform.engine.support.hierarchical.NodeTestTask.lambda$executeRecursively$9(NodeTestTask.java:144)
	at org.junit.platform.engine.support.hierarchical.ThrowableCollector.execute(ThrowableCollector.java:73)
	at org.junit.platform.engine.support.hierarchical.NodeTestTask.executeRecursively(NodeTestTask.java:143)
	at org.junit.platform.engine.support.hierarchical.NodeTestTask.execute(NodeTestTask.java:100)
	at java.base/java.util.ArrayList.forEach(ArrayList.java:1604)
	at org.junit.platform.engine.support.hierarchical.SameThreadHierarchicalTestExecutorService.invokeAll(SameThreadHierarchicalTestExecutorService.java:41)
	at org.junit.platform.engine.support.hierarchical.NodeTestTask.lambda$executeRecursively$6(NodeTestTask.java:160)
	at org.junit.platform.engine.support.hierarchical.ThrowableCollector.execute(ThrowableCollector.java:73)
	at org.junit.platform.engine.support.hierarchical.NodeTestTask.lambda$executeRecursively$8(NodeTestTask.java:146)
	at org.junit.platform.engine.support.hierarchical.Node.around(Node.java:137)
	at org.junit.platform.engine.support.hierarchical.NodeTestTask.lambda$executeRecursively$9(NodeTestTask.java:144)
	at org.junit.platform.engine.support.hierarchical.ThrowableCollector.execute(ThrowableCollector.java:73)
	at org.junit.platform.engine.support.hierarchical.NodeTestTask.executeRecursively(NodeTestTask.java:143)
	at org.junit.platform.engine.support.hierarchical.NodeTestTask.execute(NodeTestTask.java:100)
	at java.base/java.util.ArrayList.forEach(ArrayList.java:1604)
	at org.junit.platform.engine.support.hierarchical.SameThreadHierarchicalTestExecutorService.invokeAll(SameThreadHierarchicalTestExecutorService.java:41)
	at org.junit.platform.engine.support.hierarchical.NodeTestTask.lambda$executeRecursively$6(NodeTestTask.java:160)
	at org.junit.platform.engine.support.hierarchical.ThrowableCollector.execute(ThrowableCollector.java:73)
	at org.junit.platform.engine.support.hierarchical.NodeTestTask.lambda$executeRecursively$8(NodeTestTask.java:146)
	at org.junit.platform.engine.support.hierarchical.Node.around(Node.java:137)
	at org.junit.platform.engine.support.hierarchical.NodeTestTask.lambda$executeRecursively$9(NodeTestTask.java:144)
	at org.junit.platform.engine.support.hierarchical.ThrowableCollector.execute(ThrowableCollector.java:73)
	at org.junit.platform.engine.support.hierarchical.NodeTestTask.executeRecursively(NodeTestTask.java:143)
	at org.junit.platform.engine.support.hierarchical.NodeTestTask.execute(NodeTestTask.java:100)
	at org.junit.platform.engine.support.hierarchical.SameThreadHierarchicalTestExecutorService.submit(SameThreadHierarchicalTestExecutorService.java:35)
	at org.junit.platform.engine.support.hierarchical.HierarchicalTestExecutor.execute(HierarchicalTestExecutor.java:57)
	at org.junit.platform.engine.support.hierarchical.HierarchicalTestEngine.execute(HierarchicalTestEngine.java:54)
	at org.junit.platform.launcher.core.EngineExecutionOrchestrator.execute(EngineExecutionOrchestrator.java:201)
	at org.junit.platform.launcher.core.EngineExecutionOrchestrator.execute(EngineExecutionOrchestrator.java:170)
	at org.junit.platform.launcher.core.EngineExecutionOrchestrator.execute(EngineExecutionOrchestrator.java:94)
	at org.junit.platform.launcher.core.EngineExecutionOrchestrator.lambda$execute$0(EngineExecutionOrchestrator.java:59)
	at org.junit.platform.launcher.core.EngineExecutionOrchestrator.withInterceptedStreams(EngineExecutionOrchestrator.java:142)
	at org.junit.platform.launcher.core.EngineExecutionOrchestrator.execute(EngineExecutionOrchestrator.java:58)
	at org.junit.platform.launcher.core.DefaultLauncher.execute(DefaultLauncher.java:103)
	at org.junit.platform.launcher.core.DefaultLauncher.execute(DefaultLauncher.java:85)
	at org.junit.platform.launcher.core.DelegatingLauncher.execute(DelegatingLauncher.java:47)
	at org.junit.platform.launcher.core.InterceptingLauncher.lambda$execute$1(InterceptingLauncher.java:39)
	at org.junit.platform.launcher.core.ClasspathAlignmentCheckingLauncherInterceptor.intercept(ClasspathAlignmentCheckingLauncherInterceptor.java:25)
	at org.junit.platform.launcher.core.InterceptingLauncher.execute(InterceptingLauncher.java:38)
	at org.junit.platform.launcher.core.DelegatingLauncher.execute(DelegatingLauncher.java:47)
	at org.gradle.api.internal.tasks.testing.junitplatform.JUnitPlatformTestClassProcessor$CollectAllTestClassesExecutor.processAllTestClasses(JUnitPlatformTestClassProcessor.java:135)
	at org.gradle.api.internal.tasks.testing.junitplatform.JUnitPlatformTestClassProcessor$CollectAllTestClassesExecutor.access$000(JUnitPlatformTestClassProcessor.java:110)
	at org.gradle.api.internal.tasks.testing.junitplatform.JUnitPlatformTestClassProcessor.stop(JUnitPlatformTestClassProcessor.java:104)
	at org.gradle.api.internal.tasks.testing.SuiteTestClassProcessor.stop(SuiteTestClassProcessor.java:64)
	at java.base/jdk.internal.reflect.DirectMethodHandleAccessor.invoke(DirectMethodHandleAccessor.java:104)
	at java.base/java.lang.reflect.Method.invoke(Method.java:565)
	at org.gradle.internal.dispatch.MethodInvocation.invokeOn(MethodInvocation.java:77)
	at org.gradle.internal.dispatch.ReflectionDispatch.dispatch(ReflectionDispatch.java:28)
	at org.gradle.internal.dispatch.ReflectionDispatch.dispatch(ReflectionDispatch.java:19)
	at org.gradle.internal.dispatch.ContextClassLoaderDispatch.dispatch(ContextClassLoaderDispatch.java:33)
	at org.gradle.internal.dispatch.ProxyDispatchAdapter$DispatchingInvocationHandler.invoke(ProxyDispatchAdapter.java:88)
	at jdk.proxy1/jdk.proxy1.$Proxy4.stop(Unknown Source)
	at org.gradle.api.internal.tasks.testing.worker.TestWorker$3.run(TestWorker.java:194)
	at org.gradle.api.internal.tasks.testing.worker.TestWorker.executeAndMaintainThreadName(TestWorker.java:126)
	at org.gradle.api.internal.tasks.testing.worker.TestWorker.execute(TestWorker.java:103)
	at org.gradle.api.internal.tasks.testing.worker.TestWorker.execute(TestWorker.java:63)
	at org.gradle.process.internal.worker.child.ActionExecutionWorker.execute(ActionExecutionWorker.java:56)
	at org.gradle.process.internal.worker.child.SystemApplicationClassLoaderWorker.call(SystemApplicationClassLoaderWorker.java:122)
	at org.gradle.process.internal.worker.child.SystemApplicationClassLoaderWorker.call(SystemApplicationClassLoaderWorker.java:72)
	at worker.org.gradle.process.internal.worker.GradleWorkerMain.run(GradleWorkerMain.java:69)
	at worker.org.gradle.process.internal.worker.GradleWorkerMain.main(GradleWorkerMain.java:74)
2025-12-15 14:41:02 [[SpringApplicationShutdownHook]] INFO  - HikariPool-1 - Shutdown initiated...
2025-12-15 14:41:02 [[SpringApplicationShutdownHook]] INFO  - HikariPool-1 - Shutdown completed.
2025-12-15 14:41:29 [[Test worker]] INFO  - Starting AwsSessionDeleteTaskletTest_count using Java 25.0.1 with PID 12268 (started by fuyutotoda in C:\Users\fuyutotoda\Local_Works\SMCC\app-batch\app-batch\springboot)
2025-12-15 14:41:29 [[Test worker]] INFO  - The following 1 profile is active: "test-session-delete"
2025-12-15 14:41:31 [[Test worker]] WARN  - Skipping MapperFactoryBean with name 'batchesMapper' and 'jp.co.shinsoubatch.infrastructure.mapper.BatchesMapper' mapperInterface. Bean already defined with the same name!
2025-12-15 14:41:31 [[Test worker]] WARN  - Skipping MapperFactoryBean with name 'brandCategoriesMapper' and 'jp.co.shinsoubatch.infrastructure.mapper.BrandCategoriesMapper' mapperInterface. Bean already defined with the same name!
2025-12-15 14:41:31 [[Test worker]] WARN  - Skipping MapperFactoryBean with name 'brandMissionsMapper' and 'jp.co.shinsoubatch.infrastructure.mapper.BrandMissionsMapper' mapperInterface. Bean already defined with the same name!
2025-12-15 14:41:31 [[Test worker]] WARN  - Skipping MapperFactoryBean with name 'brandsMapper' and 'jp.co.shinsoubatch.infrastructure.mapper.BrandsMapper' mapperInterface. Bean already defined with the same name!
2025-12-15 14:41:31 [[Test worker]] WARN  - Skipping MapperFactoryBean with name 'capturedCouponsMapper' and 'jp.co.shinsoubatch.infrastructure.mapper.CapturedCouponsMapper' mapperInterface. Bean already defined with the same name!
2025-12-15 14:41:31 [[Test worker]] WARN  - Skipping MapperFactoryBean with name 'cardcodesMapper' and 'jp.co.shinsoubatch.infrastructure.mapper.CardcodesMapper' mapperInterface. Bean already defined with the same name!
2025-12-15 14:41:31 [[Test worker]] WARN  - Skipping MapperFactoryBean with name 'couponAttentionTextsMapper' and 'jp.co.shinsoubatch.infrastructure.mapper.CouponAttentionTextsMapper' mapperInterface. Bean already defined with the same name!
2025-12-15 14:41:31 [[Test worker]] WARN  - Skipping MapperFactoryBean with name 'couponsMapper' and 'jp.co.shinsoubatch.infrastructure.mapper.CouponsMapper' mapperInterface. Bean already defined with the same name!
2025-12-15 14:41:31 [[Test worker]] WARN  - Skipping MapperFactoryBean with name 'couponUrlsMapper' and 'jp.co.shinsoubatch.infrastructure.mapper.CouponUrlsMapper' mapperInterface. Bean already defined with the same name!
2025-12-15 14:41:31 [[Test worker]] WARN  - Skipping MapperFactoryBean with name 'favoriteBrandsMapper' and 'jp.co.shinsoubatch.infrastructure.mapper.FavoriteBrandsMapper' mapperInterface. Bean already defined with the same name!
2025-12-15 14:41:31 [[Test worker]] WARN  - Skipping MapperFactoryBean with name 'featureCouponsMapper' and 'jp.co.shinsoubatch.infrastructure.mapper.FeatureCouponsMapper' mapperInterface. Bean already defined with the same name!
2025-12-15 14:41:31 [[Test worker]] WARN  - Skipping MapperFactoryBean with name 'featureMembersMapper' and 'jp.co.shinsoubatch.infrastructure.mapper.FeatureMembersMapper' mapperInterface. Bean already defined with the same name!
2025-12-15 14:41:31 [[Test worker]] WARN  - Skipping MapperFactoryBean with name 'featuresMapper' and 'jp.co.shinsoubatch.infrastructure.mapper.FeaturesMapper' mapperInterface. Bean already defined with the same name!
2025-12-15 14:41:31 [[Test worker]] WARN  - Skipping MapperFactoryBean with name 'flywaySchemaHistoryMapper' and 'jp.co.shinsoubatch.infrastructure.mapper.FlywaySchemaHistoryMapper' mapperInterface. Bean already defined with the same name!
2025-12-15 14:41:31 [[Test worker]] WARN  - Skipping MapperFactoryBean with name 'latestVersionsMapper' and 'jp.co.shinsoubatch.infrastructure.mapper.LatestVersionsMapper' mapperInterface. Bean already defined with the same name!
2025-12-15 14:41:31 [[Test worker]] WARN  - Skipping MapperFactoryBean with name 'membersMapper' and 'jp.co.shinsoubatch.infrastructure.mapper.MembersMapper' mapperInterface. Bean already defined with the same name!
2025-12-15 14:41:31 [[Test worker]] WARN  - Skipping MapperFactoryBean with name 'notificationsMapper' and 'jp.co.shinsoubatch.infrastructure.mapper.NotificationsMapper' mapperInterface. Bean already defined with the same name!
2025-12-15 14:41:31 [[Test worker]] WARN  - Skipping MapperFactoryBean with name 'recommendedCouponsMapper' and 'jp.co.shinsoubatch.infrastructure.mapper.RecommendedCouponsMapper' mapperInterface. Bean already defined with the same name!
2025-12-15 14:41:31 [[Test worker]] WARN  - Skipping MapperFactoryBean with name 'serviceCommonTextsMapper' and 'jp.co.shinsoubatch.infrastructure.mapper.ServiceCommonTextsMapper' mapperInterface. Bean already defined with the same name!
2025-12-15 14:41:31 [[Test worker]] WARN  - Skipping MapperFactoryBean with name 'sessionsMapper' and 'jp.co.shinsoubatch.infrastructure.mapper.SessionsMapper' mapperInterface. Bean already defined with the same name!
2025-12-15 14:41:31 [[Test worker]] WARN  - Skipping MapperFactoryBean with name 'specialCouponsMapper' and 'jp.co.shinsoubatch.infrastructure.mapper.SpecialCouponsMapper' mapperInterface. Bean already defined with the same name!
2025-12-15 14:41:31 [[Test worker]] WARN  - Skipping MapperFactoryBean with name 'userAgreementsMapper' and 'jp.co.shinsoubatch.infrastructure.mapper.UserAgreementsMapper' mapperInterface. Bean already defined with the same name!
2025-12-15 14:41:31 [[Test worker]] WARN  - Skipping MapperFactoryBean with name 'vmissionAggregateMapper' and 'jp.co.shinsoubatch.infrastructure.mapper.VmissionAggregateMapper' mapperInterface. Bean already defined with the same name!
2025-12-15 14:41:31 [[Test worker]] WARN  - Skipping MapperFactoryBean with name 'vmissionMembersMapper' and 'jp.co.shinsoubatch.infrastructure.mapper.VmissionMembersMapper' mapperInterface. Bean already defined with the same name!
2025-12-15 14:41:31 [[Test worker]] WARN  - Skipping MapperFactoryBean with name 'vmissionMonthlyAggregationCompletionMapper' and 'jp.co.shinsoubatch.infrastructure.mapper.VmissionMonthlyAggregationCompletionMapper' mapperInterface. Bean already defined with the same name!
2025-12-15 14:41:31 [[Test worker]] WARN  - Skipping MapperFactoryBean with name 'vmissionProgressMapper' and 'jp.co.shinsoubatch.infrastructure.mapper.VmissionProgressMapper' mapperInterface. Bean already defined with the same name!
2025-12-15 14:41:31 [[Test worker]] WARN  - No MyBatis mapper was found in '[jp.co.shinsoubatch.infrastructure.mapper]' package. Please check your configuration.
2025-12-15 14:41:32 [[Test worker]] INFO  - HikariPool-1 - Starting...
2025-12-15 14:41:32 [[Test worker]] INFO  - HikariPool-1 - Added connection org.postgresql.jdbc.PgConnection@9e02f84
2025-12-15 14:41:32 [[Test worker]] INFO  - HikariPool-1 - Start completed.
2025-12-15 14:41:37 [[Test worker]] INFO  - Started AwsSessionDeleteTaskletTest_count in 9.252 seconds (process running for 13.154)
2025-12-15 14:41:40 [[Test worker]] INFO  - [BATCH006 - 新送客サイトセッション削除バッチ] - [AwsSessionDeleteTasklet.java(86)] --- 削除対象: sessions 閾値の最終アクセス日時: 2025-12-10 00:00:00
2025-12-15 14:41:40 [[Test worker]] INFO  - [BATCH006 - 新送客サイトセッション削除バッチ] - [AwsSessionDeleteTasklet.java(91)] --- 削除対象の件数の取得開始
2025-12-15 14:41:40 [[Test worker]] INFO  - [BATCH006 - 新送客サイトセッション削除バッチ] - [AwsSessionDeleteTasklet.java(93)] --- 削除対象の件数: 2
2025-12-15 14:41:40 [[Test worker]] INFO  - [BATCH006 - 新送客サイトセッション削除バッチ] - [AwsSessionDeleteTasklet.java(116)] --- 削除処理を実行します
2025-12-15 14:41:40 [[Test worker]] INFO  - [BATCH006 - 新送客サイトセッション削除バッチ] - [AwsSessionDeleteTasklet.java(156)] --- 削除要求: 2, 実際に削除した件数: 2
2025-12-15 14:41:40 [[Test worker]] INFO  - [BATCH006 - 新送客サイトセッション削除バッチ] - [AwsSessionDeleteTasklet.java(123)] --- 削除処理を実行しました。 削除件数: {0}
2025-12-15 14:41:41 [[SpringApplicationShutdownHook]] INFO  - HikariPool-1 - Shutdown initiated...
2025-12-15 14:41:41 [[SpringApplicationShutdownHook]] INFO  - HikariPool-1 - Shutdown completed.
2025-12-15 18:32:15 [[Test worker]] INFO  - Starting FeaturesCsvDtoTest using Java 25.0.1 with PID 43704 (started by fuyutotoda in C:\Users\fuyutotoda\Local_Works\SMCC\app-batch\app-batch\springboot)
2025-12-15 18:32:15 [[Test worker]] INFO  - No active profile set, falling back to 1 default profile: "default"
2025-12-15 18:32:18 [[Test worker]] INFO  - HikariPool-1 - Starting...
2025-12-15 18:32:19 [[Test worker]] INFO  - HikariPool-1 - Added connection org.postgresql.jdbc.PgConnection@5b0902b4
2025-12-15 18:32:19 [[Test worker]] INFO  - HikariPool-1 - Start completed.
2025-12-15 18:32:23 [[Test worker]] INFO  - Started FeaturesCsvDtoTest in 9.301 seconds (process running for 13.403)
2025-12-15 18:32:25 [[SpringApplicationShutdownHook]] INFO  - HikariPool-1 - Shutdown initiated...
2025-12-15 18:32:25 [[SpringApplicationShutdownHook]] INFO  - HikariPool-1 - Shutdown completed.
2025-12-15 18:52:05 [[Test worker]] INFO  - Starting FeaturesCsvDtoTest using Java 25.0.1 with PID 43304 (started by fuyutotoda in C:\Users\fuyutotoda\Local_Works\SMCC\app-batch\app-batch\springboot)
2025-12-15 18:52:05 [[Test worker]] INFO  - No active profile set, falling back to 1 default profile: "default"
2025-12-15 18:52:08 [[Test worker]] INFO  - HikariPool-1 - Starting...
2025-12-15 18:52:08 [[Test worker]] INFO  - HikariPool-1 - Added connection org.postgresql.jdbc.PgConnection@2f04993d
2025-12-15 18:52:08 [[Test worker]] INFO  - HikariPool-1 - Start completed.
2025-12-15 18:52:12 [[Test worker]] INFO  - Started FeaturesCsvDtoTest in 8.176 seconds (process running for 11.543)
2025-12-15 18:52:14 [[Test worker]] ERROR - CSVの読み込みに失敗しました。csvContent=src\test\resources\playGround\features_demo.csv
com.fasterxml.jackson.core.JsonParseException: Unexpected character ('"' (code 34)): Expected column separator character (',' (code 44)) or end-of-line
 at [Source: (File); line: 1, column: 16]
	at com.fasterxml.jackson.core.JsonParser._constructReadException(JsonParser.java:2672)
	at com.fasterxml.jackson.core.base.ParserMinimalBase._reportUnexpectedChar(ParserMinimalBase.java:742)
	at com.fasterxml.jackson.dataformat.csv.CsvParser._reportUnexpectedCsvChar(CsvParser.java:1452)
	at com.fasterxml.jackson.dataformat.csv.impl.CsvDecoder._nextQuotedString(CsvDecoder.java:942)
	at com.fasterxml.jackson.dataformat.csv.impl.CsvDecoder.nextString(CsvDecoder.java:699)
	at com.fasterxml.jackson.dataformat.csv.CsvParser._readHeaderLine(CsvParser.java:905)
	at com.fasterxml.jackson.dataformat.csv.CsvParser._handleStartDoc(CsvParser.java:978)
	at com.fasterxml.jackson.dataformat.csv.CsvParser.nextToken(CsvParser.java:767)
	at com.fasterxml.jackson.databind.ObjectReader._bindAndReadValues(ObjectReader.java:2231)
	at com.fasterxml.jackson.databind.ObjectReader.readValues(ObjectReader.java:1998)
	at jp.co.shinsoubatch.playGround.FeaturesCsvDtoTest.readCsvContainsNullValue(FeaturesCsvDtoTest.java:52)
	at java.base/jdk.internal.reflect.DirectMethodHandleAccessor.invoke(DirectMethodHandleAccessor.java:104)
	at java.base/java.lang.reflect.Method.invoke(Method.java:565)
	at org.junit.platform.commons.util.ReflectionUtils.invokeMethod(ReflectionUtils.java:775)
	at org.junit.platform.commons.support.ReflectionSupport.invokeMethod(ReflectionSupport.java:479)
	at org.junit.jupiter.engine.execution.MethodInvocation.proceed(MethodInvocation.java:60)
	at org.junit.jupiter.engine.execution.InvocationInterceptorChain$ValidatingInvocation.proceed(InvocationInterceptorChain.java:131)
	at org.junit.jupiter.engine.extension.TimeoutExtension.intercept(TimeoutExtension.java:161)
	at org.junit.jupiter.engine.extension.TimeoutExtension.interceptTestableMethod(TimeoutExtension.java:152)
	at org.junit.jupiter.engine.extension.TimeoutExtension.interceptTestMethod(TimeoutExtension.java:91)
	at org.junit.jupiter.engine.execution.InterceptingExecutableInvoker$ReflectiveInterceptorCall.lambda$ofVoidMethod$0(InterceptingExecutableInvoker.java:112)
	at org.junit.jupiter.engine.execution.InterceptingExecutableInvoker.lambda$invoke$0(InterceptingExecutableInvoker.java:94)
	at org.junit.jupiter.engine.execution.InvocationInterceptorChain$InterceptedInvocation.proceed(InvocationInterceptorChain.java:106)
	at org.junit.jupiter.engine.execution.InvocationInterceptorChain.proceed(InvocationInterceptorChain.java:64)
	at org.junit.jupiter.engine.execution.InvocationInterceptorChain.chainAndInvoke(InvocationInterceptorChain.java:45)
	at org.junit.jupiter.engine.execution.InvocationInterceptorChain.invoke(InvocationInterceptorChain.java:37)
	at org.junit.jupiter.engine.execution.InterceptingExecutableInvoker.invoke(InterceptingExecutableInvoker.java:93)
	at org.junit.jupiter.engine.execution.InterceptingExecutableInvoker.invoke(InterceptingExecutableInvoker.java:87)
	at org.junit.jupiter.engine.descriptor.TestMethodTestDescriptor.lambda$invokeTestMethod$7(TestMethodTestDescriptor.java:216)
	at org.junit.platform.engine.support.hierarchical.ThrowableCollector.execute(ThrowableCollector.java:73)
	at org.junit.jupiter.engine.descriptor.TestMethodTestDescriptor.invokeTestMethod(TestMethodTestDescriptor.java:212)
	at org.junit.jupiter.engine.descriptor.TestMethodTestDescriptor.execute(TestMethodTestDescriptor.java:137)
	at org.junit.jupiter.engine.descriptor.TestMethodTestDescriptor.execute(TestMethodTestDescriptor.java:69)
	at org.junit.platform.engine.support.hierarchical.NodeTestTask.lambda$executeRecursively$6(NodeTestTask.java:156)
	at org.junit.platform.engine.support.hierarchical.ThrowableCollector.execute(ThrowableCollector.java:73)
	at org.junit.platform.engine.support.hierarchical.NodeTestTask.lambda$executeRecursively$8(NodeTestTask.java:146)
	at org.junit.platform.engine.support.hierarchical.Node.around(Node.java:137)
	at org.junit.platform.engine.support.hierarchical.NodeTestTask.lambda$executeRecursively$9(NodeTestTask.java:144)
	at org.junit.platform.engine.support.hierarchical.ThrowableCollector.execute(ThrowableCollector.java:73)
	at org.junit.platform.engine.support.hierarchical.NodeTestTask.executeRecursively(NodeTestTask.java:143)
	at org.junit.platform.engine.support.hierarchical.NodeTestTask.execute(NodeTestTask.java:100)
	at java.base/java.util.ArrayList.forEach(ArrayList.java:1604)
	at org.junit.platform.engine.support.hierarchical.SameThreadHierarchicalTestExecutorService.invokeAll(SameThreadHierarchicalTestExecutorService.java:41)
	at org.junit.platform.engine.support.hierarchical.NodeTestTask.lambda$executeRecursively$6(NodeTestTask.java:160)
	at org.junit.platform.engine.support.hierarchical.ThrowableCollector.execute(ThrowableCollector.java:73)
	at org.junit.platform.engine.support.hierarchical.NodeTestTask.lambda$executeRecursively$8(NodeTestTask.java:146)
	at org.junit.platform.engine.support.hierarchical.Node.around(Node.java:137)
	at org.junit.platform.engine.support.hierarchical.NodeTestTask.lambda$executeRecursively$9(NodeTestTask.java:144)
	at org.junit.platform.engine.support.hierarchical.ThrowableCollector.execute(ThrowableCollector.java:73)
	at org.junit.platform.engine.support.hierarchical.NodeTestTask.executeRecursively(NodeTestTask.java:143)
	at org.junit.platform.engine.support.hierarchical.NodeTestTask.execute(NodeTestTask.java:100)
	at java.base/java.util.ArrayList.forEach(ArrayList.java:1604)
	at org.junit.platform.engine.support.hierarchical.SameThreadHierarchicalTestExecutorService.invokeAll(SameThreadHierarchicalTestExecutorService.java:41)
	at org.junit.platform.engine.support.hierarchical.NodeTestTask.lambda$executeRecursively$6(NodeTestTask.java:160)
	at org.junit.platform.engine.support.hierarchical.ThrowableCollector.execute(ThrowableCollector.java:73)
	at org.junit.platform.engine.support.hierarchical.NodeTestTask.lambda$executeRecursively$8(NodeTestTask.java:146)
	at org.junit.platform.engine.support.hierarchical.Node.around(Node.java:137)
	at org.junit.platform.engine.support.hierarchical.NodeTestTask.lambda$executeRecursively$9(NodeTestTask.java:144)
	at org.junit.platform.engine.support.hierarchical.ThrowableCollector.execute(ThrowableCollector.java:73)
	at org.junit.platform.engine.support.hierarchical.NodeTestTask.executeRecursively(NodeTestTask.java:143)
	at org.junit.platform.engine.support.hierarchical.NodeTestTask.execute(NodeTestTask.java:100)
	at org.junit.platform.engine.support.hierarchical.SameThreadHierarchicalTestExecutorService.submit(SameThreadHierarchicalTestExecutorService.java:35)
	at org.junit.platform.engine.support.hierarchical.HierarchicalTestExecutor.execute(HierarchicalTestExecutor.java:57)
	at org.junit.platform.engine.support.hierarchical.HierarchicalTestEngine.execute(HierarchicalTestEngine.java:54)
	at org.junit.platform.launcher.core.EngineExecutionOrchestrator.execute(EngineExecutionOrchestrator.java:201)
	at org.junit.platform.launcher.core.EngineExecutionOrchestrator.execute(EngineExecutionOrchestrator.java:170)
	at org.junit.platform.launcher.core.EngineExecutionOrchestrator.execute(EngineExecutionOrchestrator.java:94)
	at org.junit.platform.launcher.core.EngineExecutionOrchestrator.lambda$execute$0(EngineExecutionOrchestrator.java:59)
	at org.junit.platform.launcher.core.EngineExecutionOrchestrator.withInterceptedStreams(EngineExecutionOrchestrator.java:142)
	at org.junit.platform.launcher.core.EngineExecutionOrchestrator.execute(EngineExecutionOrchestrator.java:58)
	at org.junit.platform.launcher.core.DefaultLauncher.execute(DefaultLauncher.java:103)
	at org.junit.platform.launcher.core.DefaultLauncher.execute(DefaultLauncher.java:85)
	at org.junit.platform.launcher.core.DelegatingLauncher.execute(DelegatingLauncher.java:47)
	at org.junit.platform.launcher.core.InterceptingLauncher.lambda$execute$1(InterceptingLauncher.java:39)
	at org.junit.platform.launcher.core.ClasspathAlignmentCheckingLauncherInterceptor.intercept(ClasspathAlignmentCheckingLauncherInterceptor.java:25)
	at org.junit.platform.launcher.core.InterceptingLauncher.execute(InterceptingLauncher.java:38)
	at org.junit.platform.launcher.core.DelegatingLauncher.execute(DelegatingLauncher.java:47)
	at org.gradle.api.internal.tasks.testing.junitplatform.JUnitPlatformTestClassProcessor$CollectAllTestClassesExecutor.processAllTestClasses(JUnitPlatformTestClassProcessor.java:135)
	at org.gradle.api.internal.tasks.testing.junitplatform.JUnitPlatformTestClassProcessor$CollectAllTestClassesExecutor.access$000(JUnitPlatformTestClassProcessor.java:110)
	at org.gradle.api.internal.tasks.testing.junitplatform.JUnitPlatformTestClassProcessor.stop(JUnitPlatformTestClassProcessor.java:104)
	at org.gradle.api.internal.tasks.testing.SuiteTestClassProcessor.stop(SuiteTestClassProcessor.java:64)
	at java.base/jdk.internal.reflect.DirectMethodHandleAccessor.invoke(DirectMethodHandleAccessor.java:104)
	at java.base/java.lang.reflect.Method.invoke(Method.java:565)
	at org.gradle.internal.dispatch.MethodInvocation.invokeOn(MethodInvocation.java:77)
	at org.gradle.internal.dispatch.ReflectionDispatch.dispatch(ReflectionDispatch.java:28)
	at org.gradle.internal.dispatch.ReflectionDispatch.dispatch(ReflectionDispatch.java:19)
	at org.gradle.internal.dispatch.ContextClassLoaderDispatch.dispatch(ContextClassLoaderDispatch.java:33)
	at org.gradle.internal.dispatch.ProxyDispatchAdapter$DispatchingInvocationHandler.invoke(ProxyDispatchAdapter.java:88)
	at jdk.proxy1/jdk.proxy1.$Proxy4.stop(Unknown Source)
	at org.gradle.api.internal.tasks.testing.worker.TestWorker$3.run(TestWorker.java:194)
	at org.gradle.api.internal.tasks.testing.worker.TestWorker.executeAndMaintainThreadName(TestWorker.java:126)
	at org.gradle.api.internal.tasks.testing.worker.TestWorker.execute(TestWorker.java:103)
	at org.gradle.api.internal.tasks.testing.worker.TestWorker.execute(TestWorker.java:63)
	at org.gradle.process.internal.worker.child.ActionExecutionWorker.execute(ActionExecutionWorker.java:56)
	at org.gradle.process.internal.worker.child.SystemApplicationClassLoaderWorker.call(SystemApplicationClassLoaderWorker.java:122)
	at org.gradle.process.internal.worker.child.SystemApplicationClassLoaderWorker.call(SystemApplicationClassLoaderWorker.java:72)
	at worker.org.gradle.process.internal.worker.GradleWorkerMain.run(GradleWorkerMain.java:69)
	at worker.org.gradle.process.internal.worker.GradleWorkerMain.main(GradleWorkerMain.java:74)
2025-12-15 18:52:14 [[SpringApplicationShutdownHook]] INFO  - HikariPool-1 - Shutdown initiated...
2025-12-15 18:52:14 [[SpringApplicationShutdownHook]] INFO  - HikariPool-1 - Shutdown completed.
2025-12-15 18:55:21 [[Test worker]] INFO  - Starting FeaturesCsvDtoTest using Java 25.0.1 with PID 41328 (started by fuyutotoda in C:\Users\fuyutotoda\Local_Works\SMCC\app-batch\app-batch\springboot)
2025-12-15 18:55:21 [[Test worker]] INFO  - No active profile set, falling back to 1 default profile: "default"
2025-12-15 18:55:23 [[Test worker]] INFO  - HikariPool-1 - Starting...
2025-12-15 18:55:24 [[Test worker]] INFO  - HikariPool-1 - Added connection org.postgresql.jdbc.PgConnection@2f04993d
2025-12-15 18:55:24 [[Test worker]] INFO  - HikariPool-1 - Start completed.
2025-12-15 18:55:28 [[Test worker]] INFO  - Started FeaturesCsvDtoTest in 7.597 seconds (process running for 10.081)
2025-12-15 18:55:29 [[Test worker]] ERROR - CSVの読み込みに失敗しました。csvContent=src\test\resources\playGround\features_demo.csv
com.fasterxml.jackson.core.JsonParseException: Unexpected character ('"' (code 34)): Expected column separator character (',' (code 44)) or end-of-line
 at [Source: (File); line: 1, column: 16]
	at com.fasterxml.jackson.core.JsonParser._constructReadException(JsonParser.java:2672)
	at com.fasterxml.jackson.core.base.ParserMinimalBase._reportUnexpectedChar(ParserMinimalBase.java:742)
	at com.fasterxml.jackson.dataformat.csv.CsvParser._reportUnexpectedCsvChar(CsvParser.java:1452)
	at com.fasterxml.jackson.dataformat.csv.impl.CsvDecoder._nextQuotedString(CsvDecoder.java:942)
	at com.fasterxml.jackson.dataformat.csv.impl.CsvDecoder.nextString(CsvDecoder.java:699)
	at com.fasterxml.jackson.dataformat.csv.CsvParser._readHeaderLine(CsvParser.java:905)
	at com.fasterxml.jackson.dataformat.csv.CsvParser._handleStartDoc(CsvParser.java:978)
	at com.fasterxml.jackson.dataformat.csv.CsvParser.nextToken(CsvParser.java:767)
	at com.fasterxml.jackson.databind.ObjectReader._bindAndReadValues(ObjectReader.java:2231)
	at com.fasterxml.jackson.databind.ObjectReader.readValues(ObjectReader.java:1998)
	at jp.co.shinsoubatch.playGround.FeaturesCsvDtoTest.readCsvContainsNullValue(FeaturesCsvDtoTest.java:52)
	at java.base/jdk.internal.reflect.DirectMethodHandleAccessor.invoke(DirectMethodHandleAccessor.java:104)
	at java.base/java.lang.reflect.Method.invoke(Method.java:565)
	at org.junit.platform.commons.util.ReflectionUtils.invokeMethod(ReflectionUtils.java:775)
	at org.junit.platform.commons.support.ReflectionSupport.invokeMethod(ReflectionSupport.java:479)
	at org.junit.jupiter.engine.execution.MethodInvocation.proceed(MethodInvocation.java:60)
	at org.junit.jupiter.engine.execution.InvocationInterceptorChain$ValidatingInvocation.proceed(InvocationInterceptorChain.java:131)
	at org.junit.jupiter.engine.extension.TimeoutExtension.intercept(TimeoutExtension.java:161)
	at org.junit.jupiter.engine.extension.TimeoutExtension.interceptTestableMethod(TimeoutExtension.java:152)
	at org.junit.jupiter.engine.extension.TimeoutExtension.interceptTestMethod(TimeoutExtension.java:91)
	at org.junit.jupiter.engine.execution.InterceptingExecutableInvoker$ReflectiveInterceptorCall.lambda$ofVoidMethod$0(InterceptingExecutableInvoker.java:112)
	at org.junit.jupiter.engine.execution.InterceptingExecutableInvoker.lambda$invoke$0(InterceptingExecutableInvoker.java:94)
	at org.junit.jupiter.engine.execution.InvocationInterceptorChain$InterceptedInvocation.proceed(InvocationInterceptorChain.java:106)
	at org.junit.jupiter.engine.execution.InvocationInterceptorChain.proceed(InvocationInterceptorChain.java:64)
	at org.junit.jupiter.engine.execution.InvocationInterceptorChain.chainAndInvoke(InvocationInterceptorChain.java:45)
	at org.junit.jupiter.engine.execution.InvocationInterceptorChain.invoke(InvocationInterceptorChain.java:37)
	at org.junit.jupiter.engine.execution.InterceptingExecutableInvoker.invoke(InterceptingExecutableInvoker.java:93)
	at org.junit.jupiter.engine.execution.InterceptingExecutableInvoker.invoke(InterceptingExecutableInvoker.java:87)
	at org.junit.jupiter.engine.descriptor.TestMethodTestDescriptor.lambda$invokeTestMethod$7(TestMethodTestDescriptor.java:216)
	at org.junit.platform.engine.support.hierarchical.ThrowableCollector.execute(ThrowableCollector.java:73)
	at org.junit.jupiter.engine.descriptor.TestMethodTestDescriptor.invokeTestMethod(TestMethodTestDescriptor.java:212)
	at org.junit.jupiter.engine.descriptor.TestMethodTestDescriptor.execute(TestMethodTestDescriptor.java:137)
	at org.junit.jupiter.engine.descriptor.TestMethodTestDescriptor.execute(TestMethodTestDescriptor.java:69)
	at org.junit.platform.engine.support.hierarchical.NodeTestTask.lambda$executeRecursively$6(NodeTestTask.java:156)
	at org.junit.platform.engine.support.hierarchical.ThrowableCollector.execute(ThrowableCollector.java:73)
	at org.junit.platform.engine.support.hierarchical.NodeTestTask.lambda$executeRecursively$8(NodeTestTask.java:146)
	at org.junit.platform.engine.support.hierarchical.Node.around(Node.java:137)
	at org.junit.platform.engine.support.hierarchical.NodeTestTask.lambda$executeRecursively$9(NodeTestTask.java:144)
	at org.junit.platform.engine.support.hierarchical.ThrowableCollector.execute(ThrowableCollector.java:73)
	at org.junit.platform.engine.support.hierarchical.NodeTestTask.executeRecursively(NodeTestTask.java:143)
	at org.junit.platform.engine.support.hierarchical.NodeTestTask.execute(NodeTestTask.java:100)
	at java.base/java.util.ArrayList.forEach(ArrayList.java:1604)
	at org.junit.platform.engine.support.hierarchical.SameThreadHierarchicalTestExecutorService.invokeAll(SameThreadHierarchicalTestExecutorService.java:41)
	at org.junit.platform.engine.support.hierarchical.NodeTestTask.lambda$executeRecursively$6(NodeTestTask.java:160)
	at org.junit.platform.engine.support.hierarchical.ThrowableCollector.execute(ThrowableCollector.java:73)
	at org.junit.platform.engine.support.hierarchical.NodeTestTask.lambda$executeRecursively$8(NodeTestTask.java:146)
	at org.junit.platform.engine.support.hierarchical.Node.around(Node.java:137)
	at org.junit.platform.engine.support.hierarchical.NodeTestTask.lambda$executeRecursively$9(NodeTestTask.java:144)
	at org.junit.platform.engine.support.hierarchical.ThrowableCollector.execute(ThrowableCollector.java:73)
	at org.junit.platform.engine.support.hierarchical.NodeTestTask.executeRecursively(NodeTestTask.java:143)
	at org.junit.platform.engine.support.hierarchical.NodeTestTask.execute(NodeTestTask.java:100)
	at java.base/java.util.ArrayList.forEach(ArrayList.java:1604)
	at org.junit.platform.engine.support.hierarchical.SameThreadHierarchicalTestExecutorService.invokeAll(SameThreadHierarchicalTestExecutorService.java:41)
	at org.junit.platform.engine.support.hierarchical.NodeTestTask.lambda$executeRecursively$6(NodeTestTask.java:160)
	at org.junit.platform.engine.support.hierarchical.ThrowableCollector.execute(ThrowableCollector.java:73)
	at org.junit.platform.engine.support.hierarchical.NodeTestTask.lambda$executeRecursively$8(NodeTestTask.java:146)
	at org.junit.platform.engine.support.hierarchical.Node.around(Node.java:137)
	at org.junit.platform.engine.support.hierarchical.NodeTestTask.lambda$executeRecursively$9(NodeTestTask.java:144)
	at org.junit.platform.engine.support.hierarchical.ThrowableCollector.execute(ThrowableCollector.java:73)
	at org.junit.platform.engine.support.hierarchical.NodeTestTask.executeRecursively(NodeTestTask.java:143)
	at org.junit.platform.engine.support.hierarchical.NodeTestTask.execute(NodeTestTask.java:100)
	at org.junit.platform.engine.support.hierarchical.SameThreadHierarchicalTestExecutorService.submit(SameThreadHierarchicalTestExecutorService.java:35)
	at org.junit.platform.engine.support.hierarchical.HierarchicalTestExecutor.execute(HierarchicalTestExecutor.java:57)
	at org.junit.platform.engine.support.hierarchical.HierarchicalTestEngine.execute(HierarchicalTestEngine.java:54)
	at org.junit.platform.launcher.core.EngineExecutionOrchestrator.execute(EngineExecutionOrchestrator.java:201)
	at org.junit.platform.launcher.core.EngineExecutionOrchestrator.execute(EngineExecutionOrchestrator.java:170)
	at org.junit.platform.launcher.core.EngineExecutionOrchestrator.execute(EngineExecutionOrchestrator.java:94)
	at org.junit.platform.launcher.core.EngineExecutionOrchestrator.lambda$execute$0(EngineExecutionOrchestrator.java:59)
	at org.junit.platform.launcher.core.EngineExecutionOrchestrator.withInterceptedStreams(EngineExecutionOrchestrator.java:142)
	at org.junit.platform.launcher.core.EngineExecutionOrchestrator.execute(EngineExecutionOrchestrator.java:58)
	at org.junit.platform.launcher.core.DefaultLauncher.execute(DefaultLauncher.java:103)
	at org.junit.platform.launcher.core.DefaultLauncher.execute(DefaultLauncher.java:85)
	at org.junit.platform.launcher.core.DelegatingLauncher.execute(DelegatingLauncher.java:47)
	at org.junit.platform.launcher.core.InterceptingLauncher.lambda$execute$1(InterceptingLauncher.java:39)
	at org.junit.platform.launcher.core.ClasspathAlignmentCheckingLauncherInterceptor.intercept(ClasspathAlignmentCheckingLauncherInterceptor.java:25)
	at org.junit.platform.launcher.core.InterceptingLauncher.execute(InterceptingLauncher.java:38)
	at org.junit.platform.launcher.core.DelegatingLauncher.execute(DelegatingLauncher.java:47)
	at org.gradle.api.internal.tasks.testing.junitplatform.JUnitPlatformTestClassProcessor$CollectAllTestClassesExecutor.processAllTestClasses(JUnitPlatformTestClassProcessor.java:135)
	at org.gradle.api.internal.tasks.testing.junitplatform.JUnitPlatformTestClassProcessor$CollectAllTestClassesExecutor.access$000(JUnitPlatformTestClassProcessor.java:110)
	at org.gradle.api.internal.tasks.testing.junitplatform.JUnitPlatformTestClassProcessor.stop(JUnitPlatformTestClassProcessor.java:104)
	at org.gradle.api.internal.tasks.testing.SuiteTestClassProcessor.stop(SuiteTestClassProcessor.java:64)
	at java.base/jdk.internal.reflect.DirectMethodHandleAccessor.invoke(DirectMethodHandleAccessor.java:104)
	at java.base/java.lang.reflect.Method.invoke(Method.java:565)
	at org.gradle.internal.dispatch.MethodInvocation.invokeOn(MethodInvocation.java:77)
	at org.gradle.internal.dispatch.ReflectionDispatch.dispatch(ReflectionDispatch.java:28)
	at org.gradle.internal.dispatch.ReflectionDispatch.dispatch(ReflectionDispatch.java:19)
	at org.gradle.internal.dispatch.ContextClassLoaderDispatch.dispatch(ContextClassLoaderDispatch.java:33)
	at org.gradle.internal.dispatch.ProxyDispatchAdapter$DispatchingInvocationHandler.invoke(ProxyDispatchAdapter.java:88)
	at jdk.proxy1/jdk.proxy1.$Proxy4.stop(Unknown Source)
	at org.gradle.api.internal.tasks.testing.worker.TestWorker$3.run(TestWorker.java:194)
	at org.gradle.api.internal.tasks.testing.worker.TestWorker.executeAndMaintainThreadName(TestWorker.java:126)
	at org.gradle.api.internal.tasks.testing.worker.TestWorker.execute(TestWorker.java:103)
	at org.gradle.api.internal.tasks.testing.worker.TestWorker.execute(TestWorker.java:63)
	at org.gradle.process.internal.worker.child.ActionExecutionWorker.execute(ActionExecutionWorker.java:56)
	at org.gradle.process.internal.worker.child.SystemApplicationClassLoaderWorker.call(SystemApplicationClassLoaderWorker.java:122)
	at org.gradle.process.internal.worker.child.SystemApplicationClassLoaderWorker.call(SystemApplicationClassLoaderWorker.java:72)
	at worker.org.gradle.process.internal.worker.GradleWorkerMain.run(GradleWorkerMain.java:69)
	at worker.org.gradle.process.internal.worker.GradleWorkerMain.main(GradleWorkerMain.java:74)
2025-12-15 18:55:29 [[SpringApplicationShutdownHook]] INFO  - HikariPool-1 - Shutdown initiated...
2025-12-15 18:55:29 [[SpringApplicationShutdownHook]] INFO  - HikariPool-1 - Shutdown completed.
2025-12-15 19:00:52 [[Test worker]] INFO  - Starting FeaturesCsvDtoTest using Java 25.0.1 with PID 34600 (started by fuyutotoda in C:\Users\fuyutotoda\Local_Works\SMCC\app-batch\app-batch\springboot)
2025-12-15 19:00:52 [[Test worker]] INFO  - No active profile set, falling back to 1 default profile: "default"
2025-12-15 19:00:57 [[Test worker]] INFO  - HikariPool-1 - Starting...
2025-12-15 19:00:57 [[Test worker]] INFO  - HikariPool-1 - Added connection org.postgresql.jdbc.PgConnection@2f04993d
2025-12-15 19:00:57 [[Test worker]] INFO  - HikariPool-1 - Start completed.
2025-12-15 19:01:02 [[Test worker]] INFO  - Started FeaturesCsvDtoTest in 12.028 seconds (process running for 15.171)
2025-12-15 19:01:04 [[Test worker]] ERROR - CSVの読み込みに失敗しました。csvContent=src\test\resources\playGround\features_demo.csv
com.fasterxml.jackson.core.JsonParseException: Unexpected character ('"' (code 34)): Expected column separator character (',' (code 44)) or end-of-line
 at [Source: (File); line: 1, column: 16]
	at com.fasterxml.jackson.core.JsonParser._constructReadException(JsonParser.java:2672)
	at com.fasterxml.jackson.core.base.ParserMinimalBase._reportUnexpectedChar(ParserMinimalBase.java:742)
	at com.fasterxml.jackson.dataformat.csv.CsvParser._reportUnexpectedCsvChar(CsvParser.java:1452)
	at com.fasterxml.jackson.dataformat.csv.impl.CsvDecoder._nextQuotedString(CsvDecoder.java:942)
	at com.fasterxml.jackson.dataformat.csv.impl.CsvDecoder.nextString(CsvDecoder.java:699)
	at com.fasterxml.jackson.dataformat.csv.CsvParser._readHeaderLine(CsvParser.java:905)
	at com.fasterxml.jackson.dataformat.csv.CsvParser._handleStartDoc(CsvParser.java:978)
	at com.fasterxml.jackson.dataformat.csv.CsvParser.nextToken(CsvParser.java:767)
	at com.fasterxml.jackson.databind.ObjectReader._bindAndReadValues(ObjectReader.java:2231)
	at com.fasterxml.jackson.databind.ObjectReader.readValues(ObjectReader.java:1998)
	at jp.co.shinsoubatch.playGround.FeaturesCsvDtoTest.readCsvContainsNullValue(FeaturesCsvDtoTest.java:54)
	at java.base/jdk.internal.reflect.DirectMethodHandleAccessor.invoke(DirectMethodHandleAccessor.java:104)
	at java.base/java.lang.reflect.Method.invoke(Method.java:565)
	at org.junit.platform.commons.util.ReflectionUtils.invokeMethod(ReflectionUtils.java:775)
	at org.junit.platform.commons.support.ReflectionSupport.invokeMethod(ReflectionSupport.java:479)
	at org.junit.jupiter.engine.execution.MethodInvocation.proceed(MethodInvocation.java:60)
	at org.junit.jupiter.engine.execution.InvocationInterceptorChain$ValidatingInvocation.proceed(InvocationInterceptorChain.java:131)
	at org.junit.jupiter.engine.extension.TimeoutExtension.intercept(TimeoutExtension.java:161)
	at org.junit.jupiter.engine.extension.TimeoutExtension.interceptTestableMethod(TimeoutExtension.java:152)
	at org.junit.jupiter.engine.extension.TimeoutExtension.interceptTestMethod(TimeoutExtension.java:91)
	at org.junit.jupiter.engine.execution.InterceptingExecutableInvoker$ReflectiveInterceptorCall.lambda$ofVoidMethod$0(InterceptingExecutableInvoker.java:112)
	at org.junit.jupiter.engine.execution.InterceptingExecutableInvoker.lambda$invoke$0(InterceptingExecutableInvoker.java:94)
	at org.junit.jupiter.engine.execution.InvocationInterceptorChain$InterceptedInvocation.proceed(InvocationInterceptorChain.java:106)
	at org.junit.jupiter.engine.execution.InvocationInterceptorChain.proceed(InvocationInterceptorChain.java:64)
	at org.junit.jupiter.engine.execution.InvocationInterceptorChain.chainAndInvoke(InvocationInterceptorChain.java:45)
	at org.junit.jupiter.engine.execution.InvocationInterceptorChain.invoke(InvocationInterceptorChain.java:37)
	at org.junit.jupiter.engine.execution.InterceptingExecutableInvoker.invoke(InterceptingExecutableInvoker.java:93)
	at org.junit.jupiter.engine.execution.InterceptingExecutableInvoker.invoke(InterceptingExecutableInvoker.java:87)
	at org.junit.jupiter.engine.descriptor.TestMethodTestDescriptor.lambda$invokeTestMethod$7(TestMethodTestDescriptor.java:216)
	at org.junit.platform.engine.support.hierarchical.ThrowableCollector.execute(ThrowableCollector.java:73)
	at org.junit.jupiter.engine.descriptor.TestMethodTestDescriptor.invokeTestMethod(TestMethodTestDescriptor.java:212)
	at org.junit.jupiter.engine.descriptor.TestMethodTestDescriptor.execute(TestMethodTestDescriptor.java:137)
	at org.junit.jupiter.engine.descriptor.TestMethodTestDescriptor.execute(TestMethodTestDescriptor.java:69)
	at org.junit.platform.engine.support.hierarchical.NodeTestTask.lambda$executeRecursively$6(NodeTestTask.java:156)
	at org.junit.platform.engine.support.hierarchical.ThrowableCollector.execute(ThrowableCollector.java:73)
	at org.junit.platform.engine.support.hierarchical.NodeTestTask.lambda$executeRecursively$8(NodeTestTask.java:146)
	at org.junit.platform.engine.support.hierarchical.Node.around(Node.java:137)
	at org.junit.platform.engine.support.hierarchical.NodeTestTask.lambda$executeRecursively$9(NodeTestTask.java:144)
	at org.junit.platform.engine.support.hierarchical.ThrowableCollector.execute(ThrowableCollector.java:73)
	at org.junit.platform.engine.support.hierarchical.NodeTestTask.executeRecursively(NodeTestTask.java:143)
	at org.junit.platform.engine.support.hierarchical.NodeTestTask.execute(NodeTestTask.java:100)
	at java.base/java.util.ArrayList.forEach(ArrayList.java:1604)
	at org.junit.platform.engine.support.hierarchical.SameThreadHierarchicalTestExecutorService.invokeAll(SameThreadHierarchicalTestExecutorService.java:41)
	at org.junit.platform.engine.support.hierarchical.NodeTestTask.lambda$executeRecursively$6(NodeTestTask.java:160)
	at org.junit.platform.engine.support.hierarchical.ThrowableCollector.execute(ThrowableCollector.java:73)
	at org.junit.platform.engine.support.hierarchical.NodeTestTask.lambda$executeRecursively$8(NodeTestTask.java:146)
	at org.junit.platform.engine.support.hierarchical.Node.around(Node.java:137)
	at org.junit.platform.engine.support.hierarchical.NodeTestTask.lambda$executeRecursively$9(NodeTestTask.java:144)
	at org.junit.platform.engine.support.hierarchical.ThrowableCollector.execute(ThrowableCollector.java:73)
	at org.junit.platform.engine.support.hierarchical.NodeTestTask.executeRecursively(NodeTestTask.java:143)
	at org.junit.platform.engine.support.hierarchical.NodeTestTask.execute(NodeTestTask.java:100)
	at java.base/java.util.ArrayList.forEach(ArrayList.java:1604)
	at org.junit.platform.engine.support.hierarchical.SameThreadHierarchicalTestExecutorService.invokeAll(SameThreadHierarchicalTestExecutorService.java:41)
	at org.junit.platform.engine.support.hierarchical.NodeTestTask.lambda$executeRecursively$6(NodeTestTask.java:160)
	at org.junit.platform.engine.support.hierarchical.ThrowableCollector.execute(ThrowableCollector.java:73)
	at org.junit.platform.engine.support.hierarchical.NodeTestTask.lambda$executeRecursively$8(NodeTestTask.java:146)
	at org.junit.platform.engine.support.hierarchical.Node.around(Node.java:137)
	at org.junit.platform.engine.support.hierarchical.NodeTestTask.lambda$executeRecursively$9(NodeTestTask.java:144)
	at org.junit.platform.engine.support.hierarchical.ThrowableCollector.execute(ThrowableCollector.java:73)
	at org.junit.platform.engine.support.hierarchical.NodeTestTask.executeRecursively(NodeTestTask.java:143)
	at org.junit.platform.engine.support.hierarchical.NodeTestTask.execute(NodeTestTask.java:100)
	at org.junit.platform.engine.support.hierarchical.SameThreadHierarchicalTestExecutorService.submit(SameThreadHierarchicalTestExecutorService.java:35)
	at org.junit.platform.engine.support.hierarchical.HierarchicalTestExecutor.execute(HierarchicalTestExecutor.java:57)
	at org.junit.platform.engine.support.hierarchical.HierarchicalTestEngine.execute(HierarchicalTestEngine.java:54)
	at org.junit.platform.launcher.core.EngineExecutionOrchestrator.execute(EngineExecutionOrchestrator.java:201)
	at org.junit.platform.launcher.core.EngineExecutionOrchestrator.execute(EngineExecutionOrchestrator.java:170)
	at org.junit.platform.launcher.core.EngineExecutionOrchestrator.execute(EngineExecutionOrchestrator.java:94)
	at org.junit.platform.launcher.core.EngineExecutionOrchestrator.lambda$execute$0(EngineExecutionOrchestrator.java:59)
	at org.junit.platform.launcher.core.EngineExecutionOrchestrator.withInterceptedStreams(EngineExecutionOrchestrator.java:142)
	at org.junit.platform.launcher.core.EngineExecutionOrchestrator.execute(EngineExecutionOrchestrator.java:58)
	at org.junit.platform.launcher.core.DefaultLauncher.execute(DefaultLauncher.java:103)
	at org.junit.platform.launcher.core.DefaultLauncher.execute(DefaultLauncher.java:85)
	at org.junit.platform.launcher.core.DelegatingLauncher.execute(DelegatingLauncher.java:47)
	at org.junit.platform.launcher.core.InterceptingLauncher.lambda$execute$1(InterceptingLauncher.java:39)
	at org.junit.platform.launcher.core.ClasspathAlignmentCheckingLauncherInterceptor.intercept(ClasspathAlignmentCheckingLauncherInterceptor.java:25)
	at org.junit.platform.launcher.core.InterceptingLauncher.execute(InterceptingLauncher.java:38)
	at org.junit.platform.launcher.core.DelegatingLauncher.execute(DelegatingLauncher.java:47)
	at org.gradle.api.internal.tasks.testing.junitplatform.JUnitPlatformTestClassProcessor$CollectAllTestClassesExecutor.processAllTestClasses(JUnitPlatformTestClassProcessor.java:135)
	at org.gradle.api.internal.tasks.testing.junitplatform.JUnitPlatformTestClassProcessor$CollectAllTestClassesExecutor.access$000(JUnitPlatformTestClassProcessor.java:110)
	at org.gradle.api.internal.tasks.testing.junitplatform.JUnitPlatformTestClassProcessor.stop(JUnitPlatformTestClassProcessor.java:104)
	at org.gradle.api.internal.tasks.testing.SuiteTestClassProcessor.stop(SuiteTestClassProcessor.java:64)
	at java.base/jdk.internal.reflect.DirectMethodHandleAccessor.invoke(DirectMethodHandleAccessor.java:104)
	at java.base/java.lang.reflect.Method.invoke(Method.java:565)
	at org.gradle.internal.dispatch.MethodInvocation.invokeOn(MethodInvocation.java:77)
	at org.gradle.internal.dispatch.ReflectionDispatch.dispatch(ReflectionDispatch.java:28)
	at org.gradle.internal.dispatch.ReflectionDispatch.dispatch(ReflectionDispatch.java:19)
	at org.gradle.internal.dispatch.ContextClassLoaderDispatch.dispatch(ContextClassLoaderDispatch.java:33)
	at org.gradle.internal.dispatch.ProxyDispatchAdapter$DispatchingInvocationHandler.invoke(ProxyDispatchAdapter.java:88)
	at jdk.proxy1/jdk.proxy1.$Proxy4.stop(Unknown Source)
	at org.gradle.api.internal.tasks.testing.worker.TestWorker$3.run(TestWorker.java:194)
	at org.gradle.api.internal.tasks.testing.worker.TestWorker.executeAndMaintainThreadName(TestWorker.java:126)
	at org.gradle.api.internal.tasks.testing.worker.TestWorker.execute(TestWorker.java:103)
	at org.gradle.api.internal.tasks.testing.worker.TestWorker.execute(TestWorker.java:63)
	at org.gradle.process.internal.worker.child.ActionExecutionWorker.execute(ActionExecutionWorker.java:56)
	at org.gradle.process.internal.worker.child.SystemApplicationClassLoaderWorker.call(SystemApplicationClassLoaderWorker.java:122)
	at org.gradle.process.internal.worker.child.SystemApplicationClassLoaderWorker.call(SystemApplicationClassLoaderWorker.java:72)
	at worker.org.gradle.process.internal.worker.GradleWorkerMain.run(GradleWorkerMain.java:69)
	at worker.org.gradle.process.internal.worker.GradleWorkerMain.main(GradleWorkerMain.java:74)
2025-12-15 19:01:04 [[SpringApplicationShutdownHook]] INFO  - HikariPool-1 - Shutdown initiated...
2025-12-15 19:01:04 [[SpringApplicationShutdownHook]] INFO  - HikariPool-1 - Shutdown completed.
2025-12-15 19:03:01 [[Test worker]] INFO  - Starting FeaturesCsvDtoTest using Java 25.0.1 with PID 31516 (started by fuyutotoda in C:\Users\fuyutotoda\Local_Works\SMCC\app-batch\app-batch\springboot)
2025-12-15 19:03:01 [[Test worker]] INFO  - No active profile set, falling back to 1 default profile: "default"
2025-12-15 19:03:03 [[Test worker]] INFO  - HikariPool-1 - Starting...
2025-12-15 19:03:04 [[Test worker]] INFO  - HikariPool-1 - Added connection org.postgresql.jdbc.PgConnection@2f04993d
2025-12-15 19:03:04 [[Test worker]] INFO  - HikariPool-1 - Start completed.
2025-12-15 19:03:08 [[Test worker]] INFO  - Started FeaturesCsvDtoTest in 7.879 seconds (process running for 11.024)
2025-12-15 19:03:09 [[Test worker]] ERROR - CSVの読み込みに失敗しました。csvContent=src\test\resources\playGround\features_demo.csv
com.fasterxml.jackson.core.JsonParseException: Unexpected character ('t' (code 116)): Expected column separator character (',' (code 44)) or end-of-line
 at [Source: (File); line: 1, column: 27]
	at com.fasterxml.jackson.core.JsonParser._constructReadException(JsonParser.java:2672)
	at com.fasterxml.jackson.core.base.ParserMinimalBase._reportUnexpectedChar(ParserMinimalBase.java:742)
	at com.fasterxml.jackson.dataformat.csv.CsvParser._reportUnexpectedCsvChar(CsvParser.java:1452)
	at com.fasterxml.jackson.dataformat.csv.impl.CsvDecoder._nextQuotedString(CsvDecoder.java:942)
	at com.fasterxml.jackson.dataformat.csv.impl.CsvDecoder.nextString(CsvDecoder.java:699)
	at com.fasterxml.jackson.dataformat.csv.CsvParser._readHeaderLine(CsvParser.java:905)
	at com.fasterxml.jackson.dataformat.csv.CsvParser._handleStartDoc(CsvParser.java:978)
	at com.fasterxml.jackson.dataformat.csv.CsvParser.nextToken(CsvParser.java:767)
	at com.fasterxml.jackson.databind.ObjectReader._bindAndReadValues(ObjectReader.java:2231)
	at com.fasterxml.jackson.databind.ObjectReader.readValues(ObjectReader.java:1998)
	at jp.co.shinsoubatch.playGround.FeaturesCsvDtoTest.readCsvContainsNullValue(FeaturesCsvDtoTest.java:54)
	at java.base/jdk.internal.reflect.DirectMethodHandleAccessor.invoke(DirectMethodHandleAccessor.java:104)
	at java.base/java.lang.reflect.Method.invoke(Method.java:565)
	at org.junit.platform.commons.util.ReflectionUtils.invokeMethod(ReflectionUtils.java:775)
	at org.junit.platform.commons.support.ReflectionSupport.invokeMethod(ReflectionSupport.java:479)
	at org.junit.jupiter.engine.execution.MethodInvocation.proceed(MethodInvocation.java:60)
	at org.junit.jupiter.engine.execution.InvocationInterceptorChain$ValidatingInvocation.proceed(InvocationInterceptorChain.java:131)
	at org.junit.jupiter.engine.extension.TimeoutExtension.intercept(TimeoutExtension.java:161)
	at org.junit.jupiter.engine.extension.TimeoutExtension.interceptTestableMethod(TimeoutExtension.java:152)
	at org.junit.jupiter.engine.extension.TimeoutExtension.interceptTestMethod(TimeoutExtension.java:91)
	at org.junit.jupiter.engine.execution.InterceptingExecutableInvoker$ReflectiveInterceptorCall.lambda$ofVoidMethod$0(InterceptingExecutableInvoker.java:112)
	at org.junit.jupiter.engine.execution.InterceptingExecutableInvoker.lambda$invoke$0(InterceptingExecutableInvoker.java:94)
	at org.junit.jupiter.engine.execution.InvocationInterceptorChain$InterceptedInvocation.proceed(InvocationInterceptorChain.java:106)
	at org.junit.jupiter.engine.execution.InvocationInterceptorChain.proceed(InvocationInterceptorChain.java:64)
	at org.junit.jupiter.engine.execution.InvocationInterceptorChain.chainAndInvoke(InvocationInterceptorChain.java:45)
	at org.junit.jupiter.engine.execution.InvocationInterceptorChain.invoke(InvocationInterceptorChain.java:37)
	at org.junit.jupiter.engine.execution.InterceptingExecutableInvoker.invoke(InterceptingExecutableInvoker.java:93)
	at org.junit.jupiter.engine.execution.InterceptingExecutableInvoker.invoke(InterceptingExecutableInvoker.java:87)
	at org.junit.jupiter.engine.descriptor.TestMethodTestDescriptor.lambda$invokeTestMethod$7(TestMethodTestDescriptor.java:216)
	at org.junit.platform.engine.support.hierarchical.ThrowableCollector.execute(ThrowableCollector.java:73)
	at org.junit.jupiter.engine.descriptor.TestMethodTestDescriptor.invokeTestMethod(TestMethodTestDescriptor.java:212)
	at org.junit.jupiter.engine.descriptor.TestMethodTestDescriptor.execute(TestMethodTestDescriptor.java:137)
	at org.junit.jupiter.engine.descriptor.TestMethodTestDescriptor.execute(TestMethodTestDescriptor.java:69)
	at org.junit.platform.engine.support.hierarchical.NodeTestTask.lambda$executeRecursively$6(NodeTestTask.java:156)
	at org.junit.platform.engine.support.hierarchical.ThrowableCollector.execute(ThrowableCollector.java:73)
	at org.junit.platform.engine.support.hierarchical.NodeTestTask.lambda$executeRecursively$8(NodeTestTask.java:146)
	at org.junit.platform.engine.support.hierarchical.Node.around(Node.java:137)
	at org.junit.platform.engine.support.hierarchical.NodeTestTask.lambda$executeRecursively$9(NodeTestTask.java:144)
	at org.junit.platform.engine.support.hierarchical.ThrowableCollector.execute(ThrowableCollector.java:73)
	at org.junit.platform.engine.support.hierarchical.NodeTestTask.executeRecursively(NodeTestTask.java:143)
	at org.junit.platform.engine.support.hierarchical.NodeTestTask.execute(NodeTestTask.java:100)
	at java.base/java.util.ArrayList.forEach(ArrayList.java:1604)
	at org.junit.platform.engine.support.hierarchical.SameThreadHierarchicalTestExecutorService.invokeAll(SameThreadHierarchicalTestExecutorService.java:41)
	at org.junit.platform.engine.support.hierarchical.NodeTestTask.lambda$executeRecursively$6(NodeTestTask.java:160)
	at org.junit.platform.engine.support.hierarchical.ThrowableCollector.execute(ThrowableCollector.java:73)
	at org.junit.platform.engine.support.hierarchical.NodeTestTask.lambda$executeRecursively$8(NodeTestTask.java:146)
	at org.junit.platform.engine.support.hierarchical.Node.around(Node.java:137)
	at org.junit.platform.engine.support.hierarchical.NodeTestTask.lambda$executeRecursively$9(NodeTestTask.java:144)
	at org.junit.platform.engine.support.hierarchical.ThrowableCollector.execute(ThrowableCollector.java:73)
	at org.junit.platform.engine.support.hierarchical.NodeTestTask.executeRecursively(NodeTestTask.java:143)
	at org.junit.platform.engine.support.hierarchical.NodeTestTask.execute(NodeTestTask.java:100)
	at java.base/java.util.ArrayList.forEach(ArrayList.java:1604)
	at org.junit.platform.engine.support.hierarchical.SameThreadHierarchicalTestExecutorService.invokeAll(SameThreadHierarchicalTestExecutorService.java:41)
	at org.junit.platform.engine.support.hierarchical.NodeTestTask.lambda$executeRecursively$6(NodeTestTask.java:160)
	at org.junit.platform.engine.support.hierarchical.ThrowableCollector.execute(ThrowableCollector.java:73)
	at org.junit.platform.engine.support.hierarchical.NodeTestTask.lambda$executeRecursively$8(NodeTestTask.java:146)
	at org.junit.platform.engine.support.hierarchical.Node.around(Node.java:137)
	at org.junit.platform.engine.support.hierarchical.NodeTestTask.lambda$executeRecursively$9(NodeTestTask.java:144)
	at org.junit.platform.engine.support.hierarchical.ThrowableCollector.execute(ThrowableCollector.java:73)
	at org.junit.platform.engine.support.hierarchical.NodeTestTask.executeRecursively(NodeTestTask.java:143)
	at org.junit.platform.engine.support.hierarchical.NodeTestTask.execute(NodeTestTask.java:100)
	at org.junit.platform.engine.support.hierarchical.SameThreadHierarchicalTestExecutorService.submit(SameThreadHierarchicalTestExecutorService.java:35)
	at org.junit.platform.engine.support.hierarchical.HierarchicalTestExecutor.execute(HierarchicalTestExecutor.java:57)
	at org.junit.platform.engine.support.hierarchical.HierarchicalTestEngine.execute(HierarchicalTestEngine.java:54)
	at org.junit.platform.launcher.core.EngineExecutionOrchestrator.execute(EngineExecutionOrchestrator.java:201)
	at org.junit.platform.launcher.core.EngineExecutionOrchestrator.execute(EngineExecutionOrchestrator.java:170)
	at org.junit.platform.launcher.core.EngineExecutionOrchestrator.execute(EngineExecutionOrchestrator.java:94)
	at org.junit.platform.launcher.core.EngineExecutionOrchestrator.lambda$execute$0(EngineExecutionOrchestrator.java:59)
	at org.junit.platform.launcher.core.EngineExecutionOrchestrator.withInterceptedStreams(EngineExecutionOrchestrator.java:142)
	at org.junit.platform.launcher.core.EngineExecutionOrchestrator.execute(EngineExecutionOrchestrator.java:58)
	at org.junit.platform.launcher.core.DefaultLauncher.execute(DefaultLauncher.java:103)
	at org.junit.platform.launcher.core.DefaultLauncher.execute(DefaultLauncher.java:85)
	at org.junit.platform.launcher.core.DelegatingLauncher.execute(DelegatingLauncher.java:47)
	at org.junit.platform.launcher.core.InterceptingLauncher.lambda$execute$1(InterceptingLauncher.java:39)
	at org.junit.platform.launcher.core.ClasspathAlignmentCheckingLauncherInterceptor.intercept(ClasspathAlignmentCheckingLauncherInterceptor.java:25)
	at org.junit.platform.launcher.core.InterceptingLauncher.execute(InterceptingLauncher.java:38)
	at org.junit.platform.launcher.core.DelegatingLauncher.execute(DelegatingLauncher.java:47)
	at org.gradle.api.internal.tasks.testing.junitplatform.JUnitPlatformTestClassProcessor$CollectAllTestClassesExecutor.processAllTestClasses(JUnitPlatformTestClassProcessor.java:135)
	at org.gradle.api.internal.tasks.testing.junitplatform.JUnitPlatformTestClassProcessor$CollectAllTestClassesExecutor.access$000(JUnitPlatformTestClassProcessor.java:110)
	at org.gradle.api.internal.tasks.testing.junitplatform.JUnitPlatformTestClassProcessor.stop(JUnitPlatformTestClassProcessor.java:104)
	at org.gradle.api.internal.tasks.testing.SuiteTestClassProcessor.stop(SuiteTestClassProcessor.java:64)
	at java.base/jdk.internal.reflect.DirectMethodHandleAccessor.invoke(DirectMethodHandleAccessor.java:104)
	at java.base/java.lang.reflect.Method.invoke(Method.java:565)
	at org.gradle.internal.dispatch.MethodInvocation.invokeOn(MethodInvocation.java:77)
	at org.gradle.internal.dispatch.ReflectionDispatch.dispatch(ReflectionDispatch.java:28)
	at org.gradle.internal.dispatch.ReflectionDispatch.dispatch(ReflectionDispatch.java:19)
	at org.gradle.internal.dispatch.ContextClassLoaderDispatch.dispatch(ContextClassLoaderDispatch.java:33)
	at org.gradle.internal.dispatch.ProxyDispatchAdapter$DispatchingInvocationHandler.invoke(ProxyDispatchAdapter.java:88)
	at jdk.proxy1/jdk.proxy1.$Proxy4.stop(Unknown Source)
	at org.gradle.api.internal.tasks.testing.worker.TestWorker$3.run(TestWorker.java:194)
	at org.gradle.api.internal.tasks.testing.worker.TestWorker.executeAndMaintainThreadName(TestWorker.java:126)
	at org.gradle.api.internal.tasks.testing.worker.TestWorker.execute(TestWorker.java:103)
	at org.gradle.api.internal.tasks.testing.worker.TestWorker.execute(TestWorker.java:63)
	at org.gradle.process.internal.worker.child.ActionExecutionWorker.execute(ActionExecutionWorker.java:56)
	at org.gradle.process.internal.worker.child.SystemApplicationClassLoaderWorker.call(SystemApplicationClassLoaderWorker.java:122)
	at org.gradle.process.internal.worker.child.SystemApplicationClassLoaderWorker.call(SystemApplicationClassLoaderWorker.java:72)
	at worker.org.gradle.process.internal.worker.GradleWorkerMain.run(GradleWorkerMain.java:69)
	at worker.org.gradle.process.internal.worker.GradleWorkerMain.main(GradleWorkerMain.java:74)
2025-12-15 19:03:09 [[SpringApplicationShutdownHook]] INFO  - HikariPool-1 - Shutdown initiated...
2025-12-15 19:03:09 [[SpringApplicationShutdownHook]] INFO  - HikariPool-1 - Shutdown completed.
2025-12-15 19:16:19 [[Test worker]] INFO  - Starting FeaturesCsvDtoTest using Java 25.0.1 with PID 39032 (started by fuyutotoda in C:\Users\fuyutotoda\Local_Works\SMCC\app-batch\app-batch\springboot)
2025-12-15 19:16:19 [[Test worker]] INFO  - No active profile set, falling back to 1 default profile: "default"
2025-12-15 19:16:22 [[Test worker]] INFO  - HikariPool-1 - Starting...
2025-12-15 19:16:23 [[Test worker]] INFO  - HikariPool-1 - Added connection org.postgresql.jdbc.PgConnection@333398f
2025-12-15 19:16:23 [[Test worker]] INFO  - HikariPool-1 - Start completed.
2025-12-15 19:16:29 [[Test worker]] INFO  - Started FeaturesCsvDtoTest in 10.129 seconds (process running for 13.231)
2025-12-15 19:16:31 [[SpringApplicationShutdownHook]] INFO  - HikariPool-1 - Shutdown initiated...
2025-12-15 19:16:31 [[SpringApplicationShutdownHook]] INFO  - HikariPool-1 - Shutdown completed.
2025-12-15 19:18:12 [[Test worker]] INFO  - Starting FeaturesCsvDtoTest using Java 25.0.1 with PID 44224 (started by fuyutotoda in C:\Users\fuyutotoda\Local_Works\SMCC\app-batch\app-batch\springboot)
2025-12-15 19:18:12 [[Test worker]] INFO  - No active profile set, falling back to 1 default profile: "default"
2025-12-15 19:18:14 [[Test worker]] INFO  - HikariPool-1 - Starting...
2025-12-15 19:18:14 [[Test worker]] INFO  - HikariPool-1 - Added connection org.postgresql.jdbc.PgConnection@5b0902b4
2025-12-15 19:18:14 [[Test worker]] INFO  - HikariPool-1 - Start completed.
2025-12-15 19:18:18 [[Test worker]] INFO  - Started FeaturesCsvDtoTest in 7.444 seconds (process running for 10.26)
2025-12-15 19:18:20 [[SpringApplicationShutdownHook]] INFO  - HikariPool-1 - Shutdown initiated...
2025-12-15 19:18:20 [[SpringApplicationShutdownHook]] INFO  - HikariPool-1 - Shutdown completed.
2025-12-15 19:36:05 [[Test worker]] INFO  - Starting FeaturesCsvDtoTest using Java 25.0.1 with PID 36100 (started by fuyutotoda in C:\Users\fuyutotoda\Local_Works\SMCC\app-batch\app-batch\springboot)
2025-12-15 19:36:05 [[Test worker]] INFO  - No active profile set, falling back to 1 default profile: "default"
2025-12-15 19:36:08 [[Test worker]] INFO  - HikariPool-1 - Starting...
2025-12-15 19:36:08 [[Test worker]] INFO  - HikariPool-1 - Added connection org.postgresql.jdbc.PgConnection@22d477c2
2025-12-15 19:36:08 [[Test worker]] INFO  - HikariPool-1 - Start completed.
2025-12-15 19:36:15 [[Test worker]] INFO  - Started FeaturesCsvDtoTest in 10.668 seconds (process running for 13.401)
2025-12-15 19:36:17 [[SpringApplicationShutdownHook]] INFO  - HikariPool-1 - Shutdown initiated...
2025-12-15 19:36:17 [[SpringApplicationShutdownHook]] INFO  - HikariPool-1 - Shutdown completed.
2025-12-15 19:40:17 [[Test worker]] INFO  - Starting FeaturesCsvDtoTest using Java 25.0.1 with PID 39216 (started by fuyutotoda in C:\Users\fuyutotoda\Local_Works\SMCC\app-batch\app-batch\springboot)
2025-12-15 19:40:17 [[Test worker]] INFO  - No active profile set, falling back to 1 default profile: "default"
2025-12-15 19:40:20 [[Test worker]] INFO  - HikariPool-1 - Starting...
2025-12-15 19:40:21 [[Test worker]] INFO  - HikariPool-1 - Added connection org.postgresql.jdbc.PgConnection@22d477c2
2025-12-15 19:40:21 [[Test worker]] INFO  - HikariPool-1 - Start completed.
2025-12-15 19:40:28 [[Test worker]] INFO  - Started FeaturesCsvDtoTest in 11.852 seconds (process running for 18.43)
2025-12-15 19:40:30 [[SpringApplicationShutdownHook]] INFO  - HikariPool-1 - Shutdown initiated...
2025-12-15 19:40:30 [[SpringApplicationShutdownHook]] INFO  - HikariPool-1 - Shutdown completed.
2025-12-15 20:55:19 [[Test worker]] INFO  - Starting FeaturesCsvDtoTest using Java 25.0.1 with PID 44004 (started by fuyutotoda in C:\Users\fuyutotoda\Local_Works\SMCC\app-batch\app-batch\springboot)
2025-12-15 20:55:19 [[Test worker]] INFO  - No active profile set, falling back to 1 default profile: "default"
2025-12-15 20:55:22 [[Test worker]] INFO  - HikariPool-1 - Starting...
2025-12-15 20:55:23 [[Test worker]] INFO  - HikariPool-1 - Added connection org.postgresql.jdbc.PgConnection@44d7e24
2025-12-15 20:55:23 [[Test worker]] INFO  - HikariPool-1 - Start completed.
2025-12-15 20:55:29 [[Test worker]] INFO  - Started FeaturesCsvDtoTest in 10.67 seconds (process running for 14.56)
2025-12-15 20:55:29 [[Test worker]] WARN  - Caught exception while invoking 'beforeTestMethod' callback on TestExecutionListener [org.springframework.test.context.jdbc.SqlScriptsTestExecutionListener] for test method [public void jp.co.shinsoubatch.playGround.FeaturesCsvDtoTest.writeCsvContainsNullWithAutoQuote() throws java.lang.Exception] and test instance [jp.co.shinsoubatch.playGround.FeaturesCsvDtoTest@516037be]
java.lang.IllegalArgumentException: @SQL execution phase BEFORE_TEST_CLASS cannot be used on methods
	at org.springframework.util.Assert.isTrue(Assert.java:135)
	at org.springframework.test.context.jdbc.SqlScriptsTestExecutionListener.executeSqlScripts(SqlScriptsTestExecutionListener.java:301)
	at org.springframework.test.context.jdbc.SqlScriptsTestExecutionListener.lambda$executeSqlScripts$4(SqlScriptsTestExecutionListener.java:285)
	at java.base/java.lang.Iterable.forEach(Iterable.java:75)
	at org.springframework.test.context.jdbc.SqlScriptsTestExecutionListener.executeSqlScripts(SqlScriptsTestExecutionListener.java:285)
	at org.springframework.test.context.jdbc.SqlScriptsTestExecutionListener.executeSqlScripts(SqlScriptsTestExecutionListener.java:229)
	at org.springframework.test.context.jdbc.SqlScriptsTestExecutionListener.beforeTestMethod(SqlScriptsTestExecutionListener.java:175)
	at org.springframework.test.context.TestContextManager.beforeTestMethod(TestContextManager.java:320)
	at org.springframework.test.context.junit.jupiter.SpringExtension.beforeEach(SpringExtension.java:236)
	at org.junit.jupiter.engine.descriptor.TestMethodTestDescriptor.lambda$invokeBeforeEachCallbacks$2(TestMethodTestDescriptor.java:165)
	at org.junit.jupiter.engine.descriptor.TestMethodTestDescriptor.lambda$invokeBeforeMethodsOrCallbacksUntilExceptionOccurs$6(TestMethodTestDescriptor.java:201)
	at org.junit.platform.engine.support.hierarchical.ThrowableCollector.execute(ThrowableCollector.java:73)
	at org.junit.jupiter.engine.descriptor.TestMethodTestDescriptor.invokeBeforeMethodsOrCallbacksUntilExceptionOccurs(TestMethodTestDescriptor.java:201)
	at org.junit.jupiter.engine.descriptor.TestMethodTestDescriptor.invokeBeforeEachCallbacks(TestMethodTestDescriptor.java:164)
	at org.junit.jupiter.engine.descriptor.TestMethodTestDescriptor.execute(TestMethodTestDescriptor.java:131)
	at org.junit.jupiter.engine.descriptor.TestMethodTestDescriptor.execute(TestMethodTestDescriptor.java:69)
	at org.junit.platform.engine.support.hierarchical.NodeTestTask.lambda$executeRecursively$6(NodeTestTask.java:156)
	at org.junit.platform.engine.support.hierarchical.ThrowableCollector.execute(ThrowableCollector.java:73)
	at org.junit.platform.engine.support.hierarchical.NodeTestTask.lambda$executeRecursively$8(NodeTestTask.java:146)
	at org.junit.platform.engine.support.hierarchical.Node.around(Node.java:137)
	at org.junit.platform.engine.support.hierarchical.NodeTestTask.lambda$executeRecursively$9(NodeTestTask.java:144)
	at org.junit.platform.engine.support.hierarchical.ThrowableCollector.execute(ThrowableCollector.java:73)
	at org.junit.platform.engine.support.hierarchical.NodeTestTask.executeRecursively(NodeTestTask.java:143)
	at org.junit.platform.engine.support.hierarchical.NodeTestTask.execute(NodeTestTask.java:100)
	at java.base/java.util.ArrayList.forEach(ArrayList.java:1604)
	at org.junit.platform.engine.support.hierarchical.SameThreadHierarchicalTestExecutorService.invokeAll(SameThreadHierarchicalTestExecutorService.java:41)
	at org.junit.platform.engine.support.hierarchical.NodeTestTask.lambda$executeRecursively$6(NodeTestTask.java:160)
	at org.junit.platform.engine.support.hierarchical.ThrowableCollector.execute(ThrowableCollector.java:73)
	at org.junit.platform.engine.support.hierarchical.NodeTestTask.lambda$executeRecursively$8(NodeTestTask.java:146)
	at org.junit.platform.engine.support.hierarchical.Node.around(Node.java:137)
	at org.junit.platform.engine.support.hierarchical.NodeTestTask.lambda$executeRecursively$9(NodeTestTask.java:144)
	at org.junit.platform.engine.support.hierarchical.ThrowableCollector.execute(ThrowableCollector.java:73)
	at org.junit.platform.engine.support.hierarchical.NodeTestTask.executeRecursively(NodeTestTask.java:143)
	at org.junit.platform.engine.support.hierarchical.NodeTestTask.execute(NodeTestTask.java:100)
	at java.base/java.util.ArrayList.forEach(ArrayList.java:1604)
	at org.junit.platform.engine.support.hierarchical.SameThreadHierarchicalTestExecutorService.invokeAll(SameThreadHierarchicalTestExecutorService.java:41)
	at org.junit.platform.engine.support.hierarchical.NodeTestTask.lambda$executeRecursively$6(NodeTestTask.java:160)
	at org.junit.platform.engine.support.hierarchical.ThrowableCollector.execute(ThrowableCollector.java:73)
	at org.junit.platform.engine.support.hierarchical.NodeTestTask.lambda$executeRecursively$8(NodeTestTask.java:146)
	at org.junit.platform.engine.support.hierarchical.Node.around(Node.java:137)
	at org.junit.platform.engine.support.hierarchical.NodeTestTask.lambda$executeRecursively$9(NodeTestTask.java:144)
	at org.junit.platform.engine.support.hierarchical.ThrowableCollector.execute(ThrowableCollector.java:73)
	at org.junit.platform.engine.support.hierarchical.NodeTestTask.executeRecursively(NodeTestTask.java:143)
	at org.junit.platform.engine.support.hierarchical.NodeTestTask.execute(NodeTestTask.java:100)
	at org.junit.platform.engine.support.hierarchical.SameThreadHierarchicalTestExecutorService.submit(SameThreadHierarchicalTestExecutorService.java:35)
	at org.junit.platform.engine.support.hierarchical.HierarchicalTestExecutor.execute(HierarchicalTestExecutor.java:57)
	at org.junit.platform.engine.support.hierarchical.HierarchicalTestEngine.execute(HierarchicalTestEngine.java:54)
	at org.junit.platform.launcher.core.EngineExecutionOrchestrator.execute(EngineExecutionOrchestrator.java:201)
	at org.junit.platform.launcher.core.EngineExecutionOrchestrator.execute(EngineExecutionOrchestrator.java:170)
	at org.junit.platform.launcher.core.EngineExecutionOrchestrator.execute(EngineExecutionOrchestrator.java:94)
	at org.junit.platform.launcher.core.EngineExecutionOrchestrator.lambda$execute$0(EngineExecutionOrchestrator.java:59)
	at org.junit.platform.launcher.core.EngineExecutionOrchestrator.withInterceptedStreams(EngineExecutionOrchestrator.java:142)
	at org.junit.platform.launcher.core.EngineExecutionOrchestrator.execute(EngineExecutionOrchestrator.java:58)
	at org.junit.platform.launcher.core.DefaultLauncher.execute(DefaultLauncher.java:103)
	at org.junit.platform.launcher.core.DefaultLauncher.execute(DefaultLauncher.java:85)
	at org.junit.platform.launcher.core.DelegatingLauncher.execute(DelegatingLauncher.java:47)
	at org.junit.platform.launcher.core.InterceptingLauncher.lambda$execute$1(InterceptingLauncher.java:39)
	at org.junit.platform.launcher.core.ClasspathAlignmentCheckingLauncherInterceptor.intercept(ClasspathAlignmentCheckingLauncherInterceptor.java:25)
	at org.junit.platform.launcher.core.InterceptingLauncher.execute(InterceptingLauncher.java:38)
	at org.junit.platform.launcher.core.DelegatingLauncher.execute(DelegatingLauncher.java:47)
	at org.gradle.api.internal.tasks.testing.junitplatform.JUnitPlatformTestClassProcessor$CollectAllTestClassesExecutor.processAllTestClasses(JUnitPlatformTestClassProcessor.java:135)
	at org.gradle.api.internal.tasks.testing.junitplatform.JUnitPlatformTestClassProcessor$CollectAllTestClassesExecutor.access$000(JUnitPlatformTestClassProcessor.java:110)
	at org.gradle.api.internal.tasks.testing.junitplatform.JUnitPlatformTestClassProcessor.stop(JUnitPlatformTestClassProcessor.java:104)
	at org.gradle.api.internal.tasks.testing.SuiteTestClassProcessor.stop(SuiteTestClassProcessor.java:64)
	at java.base/jdk.internal.reflect.DirectMethodHandleAccessor.invoke(DirectMethodHandleAccessor.java:104)
	at java.base/java.lang.reflect.Method.invoke(Method.java:565)
	at org.gradle.internal.dispatch.MethodInvocation.invokeOn(MethodInvocation.java:77)
	at org.gradle.internal.dispatch.ReflectionDispatch.dispatch(ReflectionDispatch.java:28)
	at org.gradle.internal.dispatch.ReflectionDispatch.dispatch(ReflectionDispatch.java:19)
	at org.gradle.internal.dispatch.ContextClassLoaderDispatch.dispatch(ContextClassLoaderDispatch.java:33)
	at org.gradle.internal.dispatch.ProxyDispatchAdapter$DispatchingInvocationHandler.invoke(ProxyDispatchAdapter.java:88)
	at jdk.proxy1/jdk.proxy1.$Proxy4.stop(Unknown Source)
	at org.gradle.api.internal.tasks.testing.worker.TestWorker$3.run(TestWorker.java:194)
	at org.gradle.api.internal.tasks.testing.worker.TestWorker.executeAndMaintainThreadName(TestWorker.java:126)
	at org.gradle.api.internal.tasks.testing.worker.TestWorker.execute(TestWorker.java:103)
	at org.gradle.api.internal.tasks.testing.worker.TestWorker.execute(TestWorker.java:63)
	at org.gradle.process.internal.worker.child.ActionExecutionWorker.execute(ActionExecutionWorker.java:56)
	at org.gradle.process.internal.worker.child.SystemApplicationClassLoaderWorker.call(SystemApplicationClassLoaderWorker.java:122)
	at org.gradle.process.internal.worker.child.SystemApplicationClassLoaderWorker.call(SystemApplicationClassLoaderWorker.java:72)
	at worker.org.gradle.process.internal.worker.GradleWorkerMain.run(GradleWorkerMain.java:69)
	at worker.org.gradle.process.internal.worker.GradleWorkerMain.main(GradleWorkerMain.java:74)
2025-12-15 20:55:31 [[Test worker]] WARN  - Caught exception while invoking 'afterTestMethod' callback on TestExecutionListener [org.springframework.test.context.jdbc.SqlScriptsTestExecutionListener] for test method [public void jp.co.shinsoubatch.playGround.FeaturesCsvDtoTest.writeCsvContainsNullWithAutoQuote() throws java.lang.Exception] and test instance [jp.co.shinsoubatch.playGround.FeaturesCsvDtoTest@516037be]
java.lang.IllegalArgumentException: @SQL execution phase BEFORE_TEST_CLASS cannot be used on methods
	at org.springframework.util.Assert.isTrue(Assert.java:135)
	at org.springframework.test.context.jdbc.SqlScriptsTestExecutionListener.executeSqlScripts(SqlScriptsTestExecutionListener.java:301)
	at org.springframework.test.context.jdbc.SqlScriptsTestExecutionListener.lambda$executeSqlScripts$4(SqlScriptsTestExecutionListener.java:285)
	at java.base/java.lang.Iterable.forEach(Iterable.java:75)
	at org.springframework.test.context.jdbc.SqlScriptsTestExecutionListener.executeSqlScripts(SqlScriptsTestExecutionListener.java:285)
	at org.springframework.test.context.jdbc.SqlScriptsTestExecutionListener.executeSqlScripts(SqlScriptsTestExecutionListener.java:229)
	at org.springframework.test.context.jdbc.SqlScriptsTestExecutionListener.afterTestMethod(SqlScriptsTestExecutionListener.java:184)
	at org.springframework.test.context.TestContextManager.afterTestMethod(TestContextManager.java:488)
	at org.springframework.test.context.junit.jupiter.SpringExtension.afterEach(SpringExtension.java:274)
	at org.junit.jupiter.engine.descriptor.TestMethodTestDescriptor.lambda$invokeAfterEachCallbacks$12(TestMethodTestDescriptor.java:259)
	at org.junit.jupiter.engine.descriptor.TestMethodTestDescriptor.lambda$invokeAllAfterMethodsOrCallbacks$13(TestMethodTestDescriptor.java:275)
	at org.junit.platform.engine.support.hierarchical.ThrowableCollector.execute(ThrowableCollector.java:73)
	at org.junit.jupiter.engine.descriptor.TestMethodTestDescriptor.lambda$invokeAllAfterMethodsOrCallbacks$14(TestMethodTestDescriptor.java:275)
	at org.junit.platform.commons.util.CollectionUtils.forEachInReverseOrder(CollectionUtils.java:239)
	at org.junit.jupiter.engine.descriptor.TestMethodTestDescriptor.invokeAllAfterMethodsOrCallbacks(TestMethodTestDescriptor.java:274)
	at org.junit.jupiter.engine.descriptor.TestMethodTestDescriptor.invokeAfterEachCallbacks(TestMethodTestDescriptor.java:258)
	at org.junit.jupiter.engine.descriptor.TestMethodTestDescriptor.execute(TestMethodTestDescriptor.java:143)
	at org.junit.jupiter.engine.descriptor.TestMethodTestDescriptor.execute(TestMethodTestDescriptor.java:69)
	at org.junit.platform.engine.support.hierarchical.NodeTestTask.lambda$executeRecursively$6(NodeTestTask.java:156)
	at org.junit.platform.engine.support.hierarchical.ThrowableCollector.execute(ThrowableCollector.java:73)
	at org.junit.platform.engine.support.hierarchical.NodeTestTask.lambda$executeRecursively$8(NodeTestTask.java:146)
	at org.junit.platform.engine.support.hierarchical.Node.around(Node.java:137)
	at org.junit.platform.engine.support.hierarchical.NodeTestTask.lambda$executeRecursively$9(NodeTestTask.java:144)
	at org.junit.platform.engine.support.hierarchical.ThrowableCollector.execute(ThrowableCollector.java:73)
	at org.junit.platform.engine.support.hierarchical.NodeTestTask.executeRecursively(NodeTestTask.java:143)
	at org.junit.platform.engine.support.hierarchical.NodeTestTask.execute(NodeTestTask.java:100)
	at java.base/java.util.ArrayList.forEach(ArrayList.java:1604)
	at org.junit.platform.engine.support.hierarchical.SameThreadHierarchicalTestExecutorService.invokeAll(SameThreadHierarchicalTestExecutorService.java:41)
	at org.junit.platform.engine.support.hierarchical.NodeTestTask.lambda$executeRecursively$6(NodeTestTask.java:160)
	at org.junit.platform.engine.support.hierarchical.ThrowableCollector.execute(ThrowableCollector.java:73)
	at org.junit.platform.engine.support.hierarchical.NodeTestTask.lambda$executeRecursively$8(NodeTestTask.java:146)
	at org.junit.platform.engine.support.hierarchical.Node.around(Node.java:137)
	at org.junit.platform.engine.support.hierarchical.NodeTestTask.lambda$executeRecursively$9(NodeTestTask.java:144)
	at org.junit.platform.engine.support.hierarchical.ThrowableCollector.execute(ThrowableCollector.java:73)
	at org.junit.platform.engine.support.hierarchical.NodeTestTask.executeRecursively(NodeTestTask.java:143)
	at org.junit.platform.engine.support.hierarchical.NodeTestTask.execute(NodeTestTask.java:100)
	at java.base/java.util.ArrayList.forEach(ArrayList.java:1604)
	at org.junit.platform.engine.support.hierarchical.SameThreadHierarchicalTestExecutorService.invokeAll(SameThreadHierarchicalTestExecutorService.java:41)
	at org.junit.platform.engine.support.hierarchical.NodeTestTask.lambda$executeRecursively$6(NodeTestTask.java:160)
	at org.junit.platform.engine.support.hierarchical.ThrowableCollector.execute(ThrowableCollector.java:73)
	at org.junit.platform.engine.support.hierarchical.NodeTestTask.lambda$executeRecursively$8(NodeTestTask.java:146)
	at org.junit.platform.engine.support.hierarchical.Node.around(Node.java:137)
	at org.junit.platform.engine.support.hierarchical.NodeTestTask.lambda$executeRecursively$9(NodeTestTask.java:144)
	at org.junit.platform.engine.support.hierarchical.ThrowableCollector.execute(ThrowableCollector.java:73)
	at org.junit.platform.engine.support.hierarchical.NodeTestTask.executeRecursively(NodeTestTask.java:143)
	at org.junit.platform.engine.support.hierarchical.NodeTestTask.execute(NodeTestTask.java:100)
	at org.junit.platform.engine.support.hierarchical.SameThreadHierarchicalTestExecutorService.submit(SameThreadHierarchicalTestExecutorService.java:35)
	at org.junit.platform.engine.support.hierarchical.HierarchicalTestExecutor.execute(HierarchicalTestExecutor.java:57)
	at org.junit.platform.engine.support.hierarchical.HierarchicalTestEngine.execute(HierarchicalTestEngine.java:54)
	at org.junit.platform.launcher.core.EngineExecutionOrchestrator.execute(EngineExecutionOrchestrator.java:201)
	at org.junit.platform.launcher.core.EngineExecutionOrchestrator.execute(EngineExecutionOrchestrator.java:170)
	at org.junit.platform.launcher.core.EngineExecutionOrchestrator.execute(EngineExecutionOrchestrator.java:94)
	at org.junit.platform.launcher.core.EngineExecutionOrchestrator.lambda$execute$0(EngineExecutionOrchestrator.java:59)
	at org.junit.platform.launcher.core.EngineExecutionOrchestrator.withInterceptedStreams(EngineExecutionOrchestrator.java:142)
	at org.junit.platform.launcher.core.EngineExecutionOrchestrator.execute(EngineExecutionOrchestrator.java:58)
	at org.junit.platform.launcher.core.DefaultLauncher.execute(DefaultLauncher.java:103)
	at org.junit.platform.launcher.core.DefaultLauncher.execute(DefaultLauncher.java:85)
	at org.junit.platform.launcher.core.DelegatingLauncher.execute(DelegatingLauncher.java:47)
	at org.junit.platform.launcher.core.InterceptingLauncher.lambda$execute$1(InterceptingLauncher.java:39)
	at org.junit.platform.launcher.core.ClasspathAlignmentCheckingLauncherInterceptor.intercept(ClasspathAlignmentCheckingLauncherInterceptor.java:25)
	at org.junit.platform.launcher.core.InterceptingLauncher.execute(InterceptingLauncher.java:38)
	at org.junit.platform.launcher.core.DelegatingLauncher.execute(DelegatingLauncher.java:47)
	at org.gradle.api.internal.tasks.testing.junitplatform.JUnitPlatformTestClassProcessor$CollectAllTestClassesExecutor.processAllTestClasses(JUnitPlatformTestClassProcessor.java:135)
	at org.gradle.api.internal.tasks.testing.junitplatform.JUnitPlatformTestClassProcessor$CollectAllTestClassesExecutor.access$000(JUnitPlatformTestClassProcessor.java:110)
	at org.gradle.api.internal.tasks.testing.junitplatform.JUnitPlatformTestClassProcessor.stop(JUnitPlatformTestClassProcessor.java:104)
	at org.gradle.api.internal.tasks.testing.SuiteTestClassProcessor.stop(SuiteTestClassProcessor.java:64)
	at java.base/jdk.internal.reflect.DirectMethodHandleAccessor.invoke(DirectMethodHandleAccessor.java:104)
	at java.base/java.lang.reflect.Method.invoke(Method.java:565)
	at org.gradle.internal.dispatch.MethodInvocation.invokeOn(MethodInvocation.java:77)
	at org.gradle.internal.dispatch.ReflectionDispatch.dispatch(ReflectionDispatch.java:28)
	at org.gradle.internal.dispatch.ReflectionDispatch.dispatch(ReflectionDispatch.java:19)
	at org.gradle.internal.dispatch.ContextClassLoaderDispatch.dispatch(ContextClassLoaderDispatch.java:33)
	at org.gradle.internal.dispatch.ProxyDispatchAdapter$DispatchingInvocationHandler.invoke(ProxyDispatchAdapter.java:88)
	at jdk.proxy1/jdk.proxy1.$Proxy4.stop(Unknown Source)
	at org.gradle.api.internal.tasks.testing.worker.TestWorker$3.run(TestWorker.java:194)
	at org.gradle.api.internal.tasks.testing.worker.TestWorker.executeAndMaintainThreadName(TestWorker.java:126)
	at org.gradle.api.internal.tasks.testing.worker.TestWorker.execute(TestWorker.java:103)
	at org.gradle.api.internal.tasks.testing.worker.TestWorker.execute(TestWorker.java:63)
	at org.gradle.process.internal.worker.child.ActionExecutionWorker.execute(ActionExecutionWorker.java:56)
	at org.gradle.process.internal.worker.child.SystemApplicationClassLoaderWorker.call(SystemApplicationClassLoaderWorker.java:122)
	at org.gradle.process.internal.worker.child.SystemApplicationClassLoaderWorker.call(SystemApplicationClassLoaderWorker.java:72)
	at worker.org.gradle.process.internal.worker.GradleWorkerMain.run(GradleWorkerMain.java:69)
	at worker.org.gradle.process.internal.worker.GradleWorkerMain.main(GradleWorkerMain.java:74)
2025-12-15 20:55:32 [[SpringApplicationShutdownHook]] INFO  - HikariPool-1 - Shutdown initiated...
2025-12-15 20:55:32 [[SpringApplicationShutdownHook]] INFO  - HikariPool-1 - Shutdown completed.
2025-12-15 20:56:49 [[Test worker]] INFO  - Starting FeaturesCsvDtoTest using Java 25.0.1 with PID 16520 (started by fuyutotoda in C:\Users\fuyutotoda\Local_Works\SMCC\app-batch\app-batch\springboot)
2025-12-15 20:56:49 [[Test worker]] INFO  - No active profile set, falling back to 1 default profile: "default"
2025-12-15 20:56:54 [[Test worker]] INFO  - HikariPool-1 - Starting...
2025-12-15 20:56:54 [[Test worker]] INFO  - HikariPool-1 - Added connection org.postgresql.jdbc.PgConnection@8c0a23f
2025-12-15 20:56:54 [[Test worker]] INFO  - HikariPool-1 - Start completed.
2025-12-15 20:57:01 [[Test worker]] INFO  - Started FeaturesCsvDtoTest in 14.397 seconds (process running for 19.729)
2025-12-15 20:57:01 [[Test worker]] WARN  - Caught exception while invoking 'beforeTestMethod' callback on TestExecutionListener [org.springframework.test.context.jdbc.SqlScriptsTestExecutionListener] for test method [public void jp.co.shinsoubatch.playGround.FeaturesCsvDtoTest.writeCsvContainsNullWithAutoQuote() throws java.lang.Exception] and test instance [jp.co.shinsoubatch.playGround.FeaturesCsvDtoTest@699bb304]
org.springframework.jdbc.datasource.init.ScriptStatementFailedException: Failed to execute SQL script statement #1 of class path resource [playGround/features_writer_demo.sql]: INSERT INTO local.features(feature_id, title, title2, icon_type, priority, start_date, end_date, is_deleted, created_at, updated_at, created_by, updated_by) VALUES ('oyOKTWEeHaFANh1WJ1FJlfAV7UikSerWI', '通常レコード', 'タイトル2', 'アイコンタイプ', 1, '2025-12-15 17:03:00', '2025-12-15 17:03:00', true, '2025-12-15 17:03:00', '2025-12-15 17:03:00', 'BATCH003', 'BATCH003'), ('QRKyHx6pWCk0P3UEkaM4i6FOdio6MWoGE', 'priority(数値)がnull', 'タイトル2', 'アイコンタイプ', null, '2025-12-15 17:03:00', '2025-12-15 17:03:00', true, '2025-12-15 17:03:00', '2025-12-15 17:03:00', 'BATCH003', 'BATCH003'), ('Zji3k2A4HbdE4fslY46WPxun2qXCFEDxf', 'title2,icon_type (文字列) がnull', null, null, 1, '2025-12-15 17:03:00', '2025-12-15 17:03:00', true, '2025-12-15 17:03:00', '2025-12-15 17:03:00', 'BATCH003', 'BATCH003') 
	at org.springframework.jdbc.datasource.init.ScriptUtils.executeSqlScript(ScriptUtils.java:293)
	at org.springframework.jdbc.datasource.init.ResourceDatabasePopulator.populate(ResourceDatabasePopulator.java:254)
	at org.springframework.jdbc.datasource.init.DatabasePopulatorUtils.execute(DatabasePopulatorUtils.java:54)
	at org.springframework.jdbc.datasource.init.ResourceDatabasePopulator.execute(ResourceDatabasePopulator.java:269)
	at org.springframework.test.context.jdbc.SqlScriptsTestExecutionListener.lambda$executeSqlScripts$9(SqlScriptsTestExecutionListener.java:373)
	at org.springframework.transaction.support.TransactionOperations.lambda$executeWithoutResult$0(TransactionOperations.java:68)
	at org.springframework.transaction.support.TransactionTemplate.execute(TransactionTemplate.java:140)
	at org.springframework.transaction.support.TransactionOperations.executeWithoutResult(TransactionOperations.java:67)
	at org.springframework.test.context.jdbc.SqlScriptsTestExecutionListener.executeSqlScripts(SqlScriptsTestExecutionListener.java:373)
	at org.springframework.test.context.jdbc.SqlScriptsTestExecutionListener.lambda$executeSqlScripts$4(SqlScriptsTestExecutionListener.java:285)
	at java.base/java.lang.Iterable.forEach(Iterable.java:75)
	at org.springframework.test.context.jdbc.SqlScriptsTestExecutionListener.executeSqlScripts(SqlScriptsTestExecutionListener.java:285)
	at org.springframework.test.context.jdbc.SqlScriptsTestExecutionListener.executeSqlScripts(SqlScriptsTestExecutionListener.java:229)
	at org.springframework.test.context.jdbc.SqlScriptsTestExecutionListener.beforeTestMethod(SqlScriptsTestExecutionListener.java:175)
	at org.springframework.test.context.TestContextManager.beforeTestMethod(TestContextManager.java:320)
	at org.springframework.test.context.junit.jupiter.SpringExtension.beforeEach(SpringExtension.java:236)
	at org.junit.jupiter.engine.descriptor.TestMethodTestDescriptor.lambda$invokeBeforeEachCallbacks$2(TestMethodTestDescriptor.java:165)
	at org.junit.jupiter.engine.descriptor.TestMethodTestDescriptor.lambda$invokeBeforeMethodsOrCallbacksUntilExceptionOccurs$6(TestMethodTestDescriptor.java:201)
	at org.junit.platform.engine.support.hierarchical.ThrowableCollector.execute(ThrowableCollector.java:73)
	at org.junit.jupiter.engine.descriptor.TestMethodTestDescriptor.invokeBeforeMethodsOrCallbacksUntilExceptionOccurs(TestMethodTestDescriptor.java:201)
	at org.junit.jupiter.engine.descriptor.TestMethodTestDescriptor.invokeBeforeEachCallbacks(TestMethodTestDescriptor.java:164)
	at org.junit.jupiter.engine.descriptor.TestMethodTestDescriptor.execute(TestMethodTestDescriptor.java:131)
	at org.junit.jupiter.engine.descriptor.TestMethodTestDescriptor.execute(TestMethodTestDescriptor.java:69)
	at org.junit.platform.engine.support.hierarchical.NodeTestTask.lambda$executeRecursively$6(NodeTestTask.java:156)
	at org.junit.platform.engine.support.hierarchical.ThrowableCollector.execute(ThrowableCollector.java:73)
	at org.junit.platform.engine.support.hierarchical.NodeTestTask.lambda$executeRecursively$8(NodeTestTask.java:146)
	at org.junit.platform.engine.support.hierarchical.Node.around(Node.java:137)
	at org.junit.platform.engine.support.hierarchical.NodeTestTask.lambda$executeRecursively$9(NodeTestTask.java:144)
	at org.junit.platform.engine.support.hierarchical.ThrowableCollector.execute(ThrowableCollector.java:73)
	at org.junit.platform.engine.support.hierarchical.NodeTestTask.executeRecursively(NodeTestTask.java:143)
	at org.junit.platform.engine.support.hierarchical.NodeTestTask.execute(NodeTestTask.java:100)
	at java.base/java.util.ArrayList.forEach(ArrayList.java:1604)
	at org.junit.platform.engine.support.hierarchical.SameThreadHierarchicalTestExecutorService.invokeAll(SameThreadHierarchicalTestExecutorService.java:41)
	at org.junit.platform.engine.support.hierarchical.NodeTestTask.lambda$executeRecursively$6(NodeTestTask.java:160)
	at org.junit.platform.engine.support.hierarchical.ThrowableCollector.execute(ThrowableCollector.java:73)
	at org.junit.platform.engine.support.hierarchical.NodeTestTask.lambda$executeRecursively$8(NodeTestTask.java:146)
	at org.junit.platform.engine.support.hierarchical.Node.around(Node.java:137)
	at org.junit.platform.engine.support.hierarchical.NodeTestTask.lambda$executeRecursively$9(NodeTestTask.java:144)
	at org.junit.platform.engine.support.hierarchical.ThrowableCollector.execute(ThrowableCollector.java:73)
	at org.junit.platform.engine.support.hierarchical.NodeTestTask.executeRecursively(NodeTestTask.java:143)
	at org.junit.platform.engine.support.hierarchical.NodeTestTask.execute(NodeTestTask.java:100)
	at java.base/java.util.ArrayList.forEach(ArrayList.java:1604)
	at org.junit.platform.engine.support.hierarchical.SameThreadHierarchicalTestExecutorService.invokeAll(SameThreadHierarchicalTestExecutorService.java:41)
	at org.junit.platform.engine.support.hierarchical.NodeTestTask.lambda$executeRecursively$6(NodeTestTask.java:160)
	at org.junit.platform.engine.support.hierarchical.ThrowableCollector.execute(ThrowableCollector.java:73)
	at org.junit.platform.engine.support.hierarchical.NodeTestTask.lambda$executeRecursively$8(NodeTestTask.java:146)
	at org.junit.platform.engine.support.hierarchical.Node.around(Node.java:137)
	at org.junit.platform.engine.support.hierarchical.NodeTestTask.lambda$executeRecursively$9(NodeTestTask.java:144)
	at org.junit.platform.engine.support.hierarchical.ThrowableCollector.execute(ThrowableCollector.java:73)
	at org.junit.platform.engine.support.hierarchical.NodeTestTask.executeRecursively(NodeTestTask.java:143)
	at org.junit.platform.engine.support.hierarchical.NodeTestTask.execute(NodeTestTask.java:100)
	at org.junit.platform.engine.support.hierarchical.SameThreadHierarchicalTestExecutorService.submit(SameThreadHierarchicalTestExecutorService.java:35)
	at org.junit.platform.engine.support.hierarchical.HierarchicalTestExecutor.execute(HierarchicalTestExecutor.java:57)
	at org.junit.platform.engine.support.hierarchical.HierarchicalTestEngine.execute(HierarchicalTestEngine.java:54)
	at org.junit.platform.launcher.core.EngineExecutionOrchestrator.execute(EngineExecutionOrchestrator.java:201)
	at org.junit.platform.launcher.core.EngineExecutionOrchestrator.execute(EngineExecutionOrchestrator.java:170)
	at org.junit.platform.launcher.core.EngineExecutionOrchestrator.execute(EngineExecutionOrchestrator.java:94)
	at org.junit.platform.launcher.core.EngineExecutionOrchestrator.lambda$execute$0(EngineExecutionOrchestrator.java:59)
	at org.junit.platform.launcher.core.EngineExecutionOrchestrator.withInterceptedStreams(EngineExecutionOrchestrator.java:142)
	at org.junit.platform.launcher.core.EngineExecutionOrchestrator.execute(EngineExecutionOrchestrator.java:58)
	at org.junit.platform.launcher.core.DefaultLauncher.execute(DefaultLauncher.java:103)
	at org.junit.platform.launcher.core.DefaultLauncher.execute(DefaultLauncher.java:85)
	at org.junit.platform.launcher.core.DelegatingLauncher.execute(DelegatingLauncher.java:47)
	at org.junit.platform.launcher.core.InterceptingLauncher.lambda$execute$1(InterceptingLauncher.java:39)
	at org.junit.platform.launcher.core.ClasspathAlignmentCheckingLauncherInterceptor.intercept(ClasspathAlignmentCheckingLauncherInterceptor.java:25)
	at org.junit.platform.launcher.core.InterceptingLauncher.execute(InterceptingLauncher.java:38)
	at org.junit.platform.launcher.core.DelegatingLauncher.execute(DelegatingLauncher.java:47)
	at org.gradle.api.internal.tasks.testing.junitplatform.JUnitPlatformTestClassProcessor$CollectAllTestClassesExecutor.processAllTestClasses(JUnitPlatformTestClassProcessor.java:135)
	at org.gradle.api.internal.tasks.testing.junitplatform.JUnitPlatformTestClassProcessor$CollectAllTestClassesExecutor.access$000(JUnitPlatformTestClassProcessor.java:110)
	at org.gradle.api.internal.tasks.testing.junitplatform.JUnitPlatformTestClassProcessor.stop(JUnitPlatformTestClassProcessor.java:104)
	at org.gradle.api.internal.tasks.testing.SuiteTestClassProcessor.stop(SuiteTestClassProcessor.java:64)
	at java.base/jdk.internal.reflect.DirectMethodHandleAccessor.invoke(DirectMethodHandleAccessor.java:104)
	at java.base/java.lang.reflect.Method.invoke(Method.java:565)
	at org.gradle.internal.dispatch.MethodInvocation.invokeOn(MethodInvocation.java:77)
	at org.gradle.internal.dispatch.ReflectionDispatch.dispatch(ReflectionDispatch.java:28)
	at org.gradle.internal.dispatch.ReflectionDispatch.dispatch(ReflectionDispatch.java:19)
	at org.gradle.internal.dispatch.ContextClassLoaderDispatch.dispatch(ContextClassLoaderDispatch.java:33)
	at org.gradle.internal.dispatch.ProxyDispatchAdapter$DispatchingInvocationHandler.invoke(ProxyDispatchAdapter.java:88)
	at jdk.proxy1/jdk.proxy1.$Proxy4.stop(Unknown Source)
	at org.gradle.api.internal.tasks.testing.worker.TestWorker$3.run(TestWorker.java:194)
	at org.gradle.api.internal.tasks.testing.worker.TestWorker.executeAndMaintainThreadName(TestWorker.java:126)
	at org.gradle.api.internal.tasks.testing.worker.TestWorker.execute(TestWorker.java:103)
	at org.gradle.api.internal.tasks.testing.worker.TestWorker.execute(TestWorker.java:63)
	at org.gradle.process.internal.worker.child.ActionExecutionWorker.execute(ActionExecutionWorker.java:56)
	at org.gradle.process.internal.worker.child.SystemApplicationClassLoaderWorker.call(SystemApplicationClassLoaderWorker.java:122)
	at org.gradle.process.internal.worker.child.SystemApplicationClassLoaderWorker.call(SystemApplicationClassLoaderWorker.java:72)
	at worker.org.gradle.process.internal.worker.GradleWorkerMain.run(GradleWorkerMain.java:69)
	at worker.org.gradle.process.internal.worker.GradleWorkerMain.main(GradleWorkerMain.java:74)
Caused by: org.postgresql.util.PSQLException: ERROR: 値は型character(3)としては長すぎます
	at org.postgresql.core.v3.QueryExecutorImpl.receiveErrorResponse(QueryExecutorImpl.java:2736)
	at org.postgresql.core.v3.QueryExecutorImpl.processResults(QueryExecutorImpl.java:2421)
	at org.postgresql.core.v3.QueryExecutorImpl.execute(QueryExecutorImpl.java:372)
	at org.postgresql.jdbc.PgStatement.executeInternal(PgStatement.java:525)
	at org.postgresql.jdbc.PgStatement.execute(PgStatement.java:435)
	at org.postgresql.jdbc.PgStatement.executeWithFlags(PgStatement.java:357)
	at org.postgresql.jdbc.PgStatement.executeCachedSql(PgStatement.java:342)
	at org.postgresql.jdbc.PgStatement.executeWithFlags(PgStatement.java:318)
	at org.postgresql.jdbc.PgStatement.execute(PgStatement.java:313)
	at com.zaxxer.hikari.pool.ProxyStatement.execute(ProxyStatement.java:95)
	at com.zaxxer.hikari.pool.HikariProxyStatement.execute(HikariProxyStatement.java)
	at org.springframework.jdbc.datasource.init.ScriptUtils.executeSqlScript(ScriptUtils.java:261)
	... 87 common frames omitted
2025-12-15 20:57:05 [[SpringApplicationShutdownHook]] INFO  - HikariPool-1 - Shutdown initiated...
2025-12-15 20:57:05 [[SpringApplicationShutdownHook]] INFO  - HikariPool-1 - Shutdown completed.
2025-12-15 21:00:06 [[Test worker]] INFO  - Starting AwsPastDataDeleteVmissionMembersTaskletTest using Java 25.0.1 with PID 43108 (started by fuyutotoda in C:\Users\fuyutotoda\Local_Works\SMCC\app-batch\app-batch\springboot)
2025-12-15 21:00:06 [[Test worker]] INFO  - The following 1 profile is active: "test-past-data-delete"
2025-12-15 21:00:09 [[Test worker]] INFO  - HikariPool-1 - Starting...
2025-12-15 21:00:10 [[Test worker]] INFO  - HikariPool-1 - Added connection org.postgresql.jdbc.PgConnection@3313d477
2025-12-15 21:00:10 [[Test worker]] INFO  - HikariPool-1 - Start completed.
2025-12-15 21:00:16 [[Test worker]] INFO  - Started AwsPastDataDeleteVmissionMembersTaskletTest in 11.673 seconds (process running for 16.062)
2025-12-15 21:00:20 [[Test worker]] INFO  - [BATCH005 - Vミッション配布削除] - [AwsPastDataDeleteVmissionMembersTasklet.java(81)] --- jobを開始します。
2025-12-15 21:00:20 [[Test worker]] INFO  - [BATCH005 - Vミッション配布削除] - [AwsPastDataDeleteVmissionMembersTasklet.java(89)] --- 削除対象: vmission_members 削除対象の年月: 202508
2025-12-15 21:00:20 [[Test worker]] INFO  - [BATCH005 - Vミッション配布削除] - [AwsPastDataDeleteVmissionMembersTasklet.java(97)] --- 削除対象の件数の取得開始
2025-12-15 21:00:20 [[Test worker]] INFO  - [BATCH005 - Vミッション配布削除] - [AwsPastDataDeleteVmissionMembersTasklet.java(99)] --- 削除対象の件数: 6
2025-12-15 21:00:20 [[Test worker]] INFO  - [BATCH005 - Vミッション配布削除] - [AwsPastDataDeleteVmissionMembersTasklet.java(122)] --- 削除処理を実行します
2025-12-15 21:00:20 [[Test worker]] INFO  - [BATCH005 - Vミッション配布削除] - [AwsPastDataDeleteVmissionMembersTasklet.java(163)] --- 削除要求: 3, 実際に削除した件数: 3
2025-12-15 21:00:20 [[Test worker]] INFO  - [BATCH005 - Vミッション配布削除] - [AwsPastDataDeleteVmissionMembersTasklet.java(163)] --- 削除要求: 3, 実際に削除した件数: 3
2025-12-15 21:00:21 [[Test worker]] INFO  - [BATCH005 - Vミッション配布削除] - [AwsPastDataDeleteVmissionMembersTasklet.java(129)] --- 削除処理を実行しました。 削除件数: {0}
2025-12-15 21:00:21 [[SpringApplicationShutdownHook]] INFO  - HikariPool-1 - Shutdown initiated...
2025-12-15 21:00:21 [[SpringApplicationShutdownHook]] INFO  - HikariPool-1 - Shutdown completed.
2025-12-15 21:01:51 [[Test worker]] INFO  - Starting FeaturesCsvDtoTest using Java 25.0.1 with PID 2472 (started by fuyutotoda in C:\Users\fuyutotoda\Local_Works\SMCC\app-batch\app-batch\springboot)
2025-12-15 21:01:51 [[Test worker]] INFO  - No active profile set, falling back to 1 default profile: "default"
2025-12-15 21:01:54 [[Test worker]] INFO  - HikariPool-1 - Starting...
2025-12-15 21:01:54 [[Test worker]] INFO  - HikariPool-1 - Added connection org.postgresql.jdbc.PgConnection@5a4dda2
2025-12-15 21:01:54 [[Test worker]] INFO  - HikariPool-1 - Start completed.
2025-12-15 21:02:00 [[Test worker]] INFO  - Started FeaturesCsvDtoTest in 9.285 seconds (process running for 12.555)
2025-12-15 21:02:00 [[Test worker]] WARN  - Caught exception while invoking 'beforeTestMethod' callback on TestExecutionListener [org.springframework.test.context.jdbc.SqlScriptsTestExecutionListener] for test method [public void jp.co.shinsoubatch.playGround.FeaturesCsvDtoTest.writeCsvContainsNullWithAutoQuote() throws java.lang.Exception] and test instance [jp.co.shinsoubatch.playGround.FeaturesCsvDtoTest@2f4545c6]
org.springframework.jdbc.datasource.init.ScriptStatementFailedException: Failed to execute SQL script statement #1 of class path resource [playGround/features_writer_demo.sql]: INSERT INTO local.features(feature_id, title, title2, icon_type, priority, start_date, end_date, is_deleted, created_at, updated_at, created_by, updated_by) VALUES ('oyOKTWEeHaFANh1WJ1FJlfAV7UikSerWI', '通常レコード', 'タイトル2', '001', 1, '2025-12-15 17:03:00', '2025-12-15 17:03:00', true, '2025-12-15 17:03:00', '2025-12-15 17:03:00', 'BATCH003', 'BATCH003'), ('QRKyHx6pWCk0P3UEkaM4i6FOdio6MWoGE', 'priority(数値)がnull', 'タイトル2', '001', null, '2025-12-15 17:03:00', '2025-12-15 17:03:00', true, '2025-12-15 17:03:00', '2025-12-15 17:03:00', 'BATCH003', 'BATCH003'), ('Zji3k2A4HbdE4fslY46WPxun2qXCFEDxf', 'title2,icon_type (文字列) がnull', null, null, 1, '2025-12-15 17:03:00', '2025-12-15 17:03:00', true, '2025-12-15 17:03:00', '2025-12-15 17:03:00', 'BATCH003', 'BATCH003') 
	at org.springframework.jdbc.datasource.init.ScriptUtils.executeSqlScript(ScriptUtils.java:293)
	at org.springframework.jdbc.datasource.init.ResourceDatabasePopulator.populate(ResourceDatabasePopulator.java:254)
	at org.springframework.jdbc.datasource.init.DatabasePopulatorUtils.execute(DatabasePopulatorUtils.java:54)
	at org.springframework.jdbc.datasource.init.ResourceDatabasePopulator.execute(ResourceDatabasePopulator.java:269)
	at org.springframework.test.context.jdbc.SqlScriptsTestExecutionListener.lambda$executeSqlScripts$9(SqlScriptsTestExecutionListener.java:373)
	at org.springframework.transaction.support.TransactionOperations.lambda$executeWithoutResult$0(TransactionOperations.java:68)
	at org.springframework.transaction.support.TransactionTemplate.execute(TransactionTemplate.java:140)
	at org.springframework.transaction.support.TransactionOperations.executeWithoutResult(TransactionOperations.java:67)
	at org.springframework.test.context.jdbc.SqlScriptsTestExecutionListener.executeSqlScripts(SqlScriptsTestExecutionListener.java:373)
	at org.springframework.test.context.jdbc.SqlScriptsTestExecutionListener.lambda$executeSqlScripts$4(SqlScriptsTestExecutionListener.java:285)
	at java.base/java.lang.Iterable.forEach(Iterable.java:75)
	at org.springframework.test.context.jdbc.SqlScriptsTestExecutionListener.executeSqlScripts(SqlScriptsTestExecutionListener.java:285)
	at org.springframework.test.context.jdbc.SqlScriptsTestExecutionListener.executeSqlScripts(SqlScriptsTestExecutionListener.java:229)
	at org.springframework.test.context.jdbc.SqlScriptsTestExecutionListener.beforeTestMethod(SqlScriptsTestExecutionListener.java:175)
	at org.springframework.test.context.TestContextManager.beforeTestMethod(TestContextManager.java:320)
	at org.springframework.test.context.junit.jupiter.SpringExtension.beforeEach(SpringExtension.java:236)
	at org.junit.jupiter.engine.descriptor.TestMethodTestDescriptor.lambda$invokeBeforeEachCallbacks$2(TestMethodTestDescriptor.java:165)
	at org.junit.jupiter.engine.descriptor.TestMethodTestDescriptor.lambda$invokeBeforeMethodsOrCallbacksUntilExceptionOccurs$6(TestMethodTestDescriptor.java:201)
	at org.junit.platform.engine.support.hierarchical.ThrowableCollector.execute(ThrowableCollector.java:73)
	at org.junit.jupiter.engine.descriptor.TestMethodTestDescriptor.invokeBeforeMethodsOrCallbacksUntilExceptionOccurs(TestMethodTestDescriptor.java:201)
	at org.junit.jupiter.engine.descriptor.TestMethodTestDescriptor.invokeBeforeEachCallbacks(TestMethodTestDescriptor.java:164)
	at org.junit.jupiter.engine.descriptor.TestMethodTestDescriptor.execute(TestMethodTestDescriptor.java:131)
	at org.junit.jupiter.engine.descriptor.TestMethodTestDescriptor.execute(TestMethodTestDescriptor.java:69)
	at org.junit.platform.engine.support.hierarchical.NodeTestTask.lambda$executeRecursively$6(NodeTestTask.java:156)
	at org.junit.platform.engine.support.hierarchical.ThrowableCollector.execute(ThrowableCollector.java:73)
	at org.junit.platform.engine.support.hierarchical.NodeTestTask.lambda$executeRecursively$8(NodeTestTask.java:146)
	at org.junit.platform.engine.support.hierarchical.Node.around(Node.java:137)
	at org.junit.platform.engine.support.hierarchical.NodeTestTask.lambda$executeRecursively$9(NodeTestTask.java:144)
	at org.junit.platform.engine.support.hierarchical.ThrowableCollector.execute(ThrowableCollector.java:73)
	at org.junit.platform.engine.support.hierarchical.NodeTestTask.executeRecursively(NodeTestTask.java:143)
	at org.junit.platform.engine.support.hierarchical.NodeTestTask.execute(NodeTestTask.java:100)
	at java.base/java.util.ArrayList.forEach(ArrayList.java:1604)
	at org.junit.platform.engine.support.hierarchical.SameThreadHierarchicalTestExecutorService.invokeAll(SameThreadHierarchicalTestExecutorService.java:41)
	at org.junit.platform.engine.support.hierarchical.NodeTestTask.lambda$executeRecursively$6(NodeTestTask.java:160)
	at org.junit.platform.engine.support.hierarchical.ThrowableCollector.execute(ThrowableCollector.java:73)
	at org.junit.platform.engine.support.hierarchical.NodeTestTask.lambda$executeRecursively$8(NodeTestTask.java:146)
	at org.junit.platform.engine.support.hierarchical.Node.around(Node.java:137)
	at org.junit.platform.engine.support.hierarchical.NodeTestTask.lambda$executeRecursively$9(NodeTestTask.java:144)
	at org.junit.platform.engine.support.hierarchical.ThrowableCollector.execute(ThrowableCollector.java:73)
	at org.junit.platform.engine.support.hierarchical.NodeTestTask.executeRecursively(NodeTestTask.java:143)
	at org.junit.platform.engine.support.hierarchical.NodeTestTask.execute(NodeTestTask.java:100)
	at java.base/java.util.ArrayList.forEach(ArrayList.java:1604)
	at org.junit.platform.engine.support.hierarchical.SameThreadHierarchicalTestExecutorService.invokeAll(SameThreadHierarchicalTestExecutorService.java:41)
	at org.junit.platform.engine.support.hierarchical.NodeTestTask.lambda$executeRecursively$6(NodeTestTask.java:160)
	at org.junit.platform.engine.support.hierarchical.ThrowableCollector.execute(ThrowableCollector.java:73)
	at org.junit.platform.engine.support.hierarchical.NodeTestTask.lambda$executeRecursively$8(NodeTestTask.java:146)
	at org.junit.platform.engine.support.hierarchical.Node.around(Node.java:137)
	at org.junit.platform.engine.support.hierarchical.NodeTestTask.lambda$executeRecursively$9(NodeTestTask.java:144)
	at org.junit.platform.engine.support.hierarchical.ThrowableCollector.execute(ThrowableCollector.java:73)
	at org.junit.platform.engine.support.hierarchical.NodeTestTask.executeRecursively(NodeTestTask.java:143)
	at org.junit.platform.engine.support.hierarchical.NodeTestTask.execute(NodeTestTask.java:100)
	at org.junit.platform.engine.support.hierarchical.SameThreadHierarchicalTestExecutorService.submit(SameThreadHierarchicalTestExecutorService.java:35)
	at org.junit.platform.engine.support.hierarchical.HierarchicalTestExecutor.execute(HierarchicalTestExecutor.java:57)
	at org.junit.platform.engine.support.hierarchical.HierarchicalTestEngine.execute(HierarchicalTestEngine.java:54)
	at org.junit.platform.launcher.core.EngineExecutionOrchestrator.execute(EngineExecutionOrchestrator.java:201)
	at org.junit.platform.launcher.core.EngineExecutionOrchestrator.execute(EngineExecutionOrchestrator.java:170)
	at org.junit.platform.launcher.core.EngineExecutionOrchestrator.execute(EngineExecutionOrchestrator.java:94)
	at org.junit.platform.launcher.core.EngineExecutionOrchestrator.lambda$execute$0(EngineExecutionOrchestrator.java:59)
	at org.junit.platform.launcher.core.EngineExecutionOrchestrator.withInterceptedStreams(EngineExecutionOrchestrator.java:142)
	at org.junit.platform.launcher.core.EngineExecutionOrchestrator.execute(EngineExecutionOrchestrator.java:58)
	at org.junit.platform.launcher.core.DefaultLauncher.execute(DefaultLauncher.java:103)
	at org.junit.platform.launcher.core.DefaultLauncher.execute(DefaultLauncher.java:85)
	at org.junit.platform.launcher.core.DelegatingLauncher.execute(DelegatingLauncher.java:47)
	at org.junit.platform.launcher.core.InterceptingLauncher.lambda$execute$1(InterceptingLauncher.java:39)
	at org.junit.platform.launcher.core.ClasspathAlignmentCheckingLauncherInterceptor.intercept(ClasspathAlignmentCheckingLauncherInterceptor.java:25)
	at org.junit.platform.launcher.core.InterceptingLauncher.execute(InterceptingLauncher.java:38)
	at org.junit.platform.launcher.core.DelegatingLauncher.execute(DelegatingLauncher.java:47)
	at org.gradle.api.internal.tasks.testing.junitplatform.JUnitPlatformTestClassProcessor$CollectAllTestClassesExecutor.processAllTestClasses(JUnitPlatformTestClassProcessor.java:135)
	at org.gradle.api.internal.tasks.testing.junitplatform.JUnitPlatformTestClassProcessor$CollectAllTestClassesExecutor.access$000(JUnitPlatformTestClassProcessor.java:110)
	at org.gradle.api.internal.tasks.testing.junitplatform.JUnitPlatformTestClassProcessor.stop(JUnitPlatformTestClassProcessor.java:104)
	at org.gradle.api.internal.tasks.testing.SuiteTestClassProcessor.stop(SuiteTestClassProcessor.java:64)
	at java.base/jdk.internal.reflect.DirectMethodHandleAccessor.invoke(DirectMethodHandleAccessor.java:104)
	at java.base/java.lang.reflect.Method.invoke(Method.java:565)
	at org.gradle.internal.dispatch.MethodInvocation.invokeOn(MethodInvocation.java:77)
	at org.gradle.internal.dispatch.ReflectionDispatch.dispatch(ReflectionDispatch.java:28)
	at org.gradle.internal.dispatch.ReflectionDispatch.dispatch(ReflectionDispatch.java:19)
	at org.gradle.internal.dispatch.ContextClassLoaderDispatch.dispatch(ContextClassLoaderDispatch.java:33)
	at org.gradle.internal.dispatch.ProxyDispatchAdapter$DispatchingInvocationHandler.invoke(ProxyDispatchAdapter.java:88)
	at jdk.proxy1/jdk.proxy1.$Proxy4.stop(Unknown Source)
	at org.gradle.api.internal.tasks.testing.worker.TestWorker$3.run(TestWorker.java:194)
	at org.gradle.api.internal.tasks.testing.worker.TestWorker.executeAndMaintainThreadName(TestWorker.java:126)
	at org.gradle.api.internal.tasks.testing.worker.TestWorker.execute(TestWorker.java:103)
	at org.gradle.api.internal.tasks.testing.worker.TestWorker.execute(TestWorker.java:63)
	at org.gradle.process.internal.worker.child.ActionExecutionWorker.execute(ActionExecutionWorker.java:56)
	at org.gradle.process.internal.worker.child.SystemApplicationClassLoaderWorker.call(SystemApplicationClassLoaderWorker.java:122)
	at org.gradle.process.internal.worker.child.SystemApplicationClassLoaderWorker.call(SystemApplicationClassLoaderWorker.java:72)
	at worker.org.gradle.process.internal.worker.GradleWorkerMain.run(GradleWorkerMain.java:69)
	at worker.org.gradle.process.internal.worker.GradleWorkerMain.main(GradleWorkerMain.java:74)
Caused by: org.postgresql.util.PSQLException: ERROR: リレーション"features"の列"icon_type"のNULL値が非NULL制約に違反しています
  詳細: 失敗した行は(Zji3k2A4HbdE4fslY46WPxun2qXCFEDxf, title2,icon_type (文字列) がnull, null, null, 1, 2025-12-15 17:03:00+09, 2025-12-15 17:03:00+09, t, 2025-12-15 17:03:00+09, 2025-12-15 17:03:00+09, BATCH003, BATCH003)を含みます
	at org.postgresql.core.v3.QueryExecutorImpl.receiveErrorResponse(QueryExecutorImpl.java:2736)
	at org.postgresql.core.v3.QueryExecutorImpl.processResults(QueryExecutorImpl.java:2421)
	at org.postgresql.core.v3.QueryExecutorImpl.execute(QueryExecutorImpl.java:372)
	at org.postgresql.jdbc.PgStatement.executeInternal(PgStatement.java:525)
	at org.postgresql.jdbc.PgStatement.execute(PgStatement.java:435)
	at org.postgresql.jdbc.PgStatement.executeWithFlags(PgStatement.java:357)
	at org.postgresql.jdbc.PgStatement.executeCachedSql(PgStatement.java:342)
	at org.postgresql.jdbc.PgStatement.executeWithFlags(PgStatement.java:318)
	at org.postgresql.jdbc.PgStatement.execute(PgStatement.java:313)
	at com.zaxxer.hikari.pool.ProxyStatement.execute(ProxyStatement.java:95)
	at com.zaxxer.hikari.pool.HikariProxyStatement.execute(HikariProxyStatement.java)
	at org.springframework.jdbc.datasource.init.ScriptUtils.executeSqlScript(ScriptUtils.java:261)
	... 87 common frames omitted
2025-12-15 21:02:03 [[SpringApplicationShutdownHook]] INFO  - HikariPool-1 - Shutdown initiated...
2025-12-15 21:02:03 [[SpringApplicationShutdownHook]] INFO  - HikariPool-1 - Shutdown completed.
2025-12-15 21:14:30 [[Test worker]] INFO  - Starting FeaturesCsvDtoTest using Java 25.0.1 with PID 44872 (started by fuyutotoda in C:\Users\fuyutotoda\Local_Works\SMCC\app-batch\app-batch\springboot)
2025-12-15 21:14:30 [[Test worker]] INFO  - No active profile set, falling back to 1 default profile: "default"
2025-12-15 21:14:32 [[Test worker]] INFO  - HikariPool-1 - Starting...
2025-12-15 21:14:33 [[Test worker]] INFO  - HikariPool-1 - Added connection org.postgresql.jdbc.PgConnection@44d7e24
2025-12-15 21:14:33 [[Test worker]] INFO  - HikariPool-1 - Start completed.
2025-12-15 21:14:37 [[Test worker]] INFO  - Started FeaturesCsvDtoTest in 8.169 seconds (process running for 11.054)
2025-12-15 21:14:39 [[SpringApplicationShutdownHook]] INFO  - HikariPool-1 - Shutdown initiated...
2025-12-15 21:14:40 [[SpringApplicationShutdownHook]] INFO  - HikariPool-1 - Shutdown completed.
2025-12-15 21:30:42 [[Test worker]] INFO  - Starting FeaturesCsvDtoTest using Java 25.0.1 with PID 42868 (started by fuyutotoda in C:\Users\fuyutotoda\Local_Works\SMCC\app-batch\app-batch\springboot)
2025-12-15 21:30:42 [[Test worker]] INFO  - No active profile set, falling back to 1 default profile: "default"
2025-12-15 21:30:45 [[Test worker]] INFO  - HikariPool-1 - Starting...
2025-12-15 21:30:45 [[Test worker]] INFO  - HikariPool-1 - Added connection org.postgresql.jdbc.PgConnection@8c0a23f
2025-12-15 21:30:45 [[Test worker]] INFO  - HikariPool-1 - Start completed.
2025-12-15 21:30:50 [[Test worker]] INFO  - Started FeaturesCsvDtoTest in 9.109 seconds (process running for 12.207)
2025-12-15 21:30:52 [[SpringApplicationShutdownHook]] INFO  - HikariPool-1 - Shutdown initiated...
2025-12-15 21:30:52 [[SpringApplicationShutdownHook]] INFO  - HikariPool-1 - Shutdown completed.
2025-12-15 21:36:31 [[Test worker]] INFO  - Starting FeaturesCsvDtoTest using Java 25.0.1 with PID 40896 (started by fuyutotoda in C:\Users\fuyutotoda\Local_Works\SMCC\app-batch\app-batch\springboot)
2025-12-15 21:36:31 [[Test worker]] INFO  - No active profile set, falling back to 1 default profile: "default"
2025-12-15 21:36:34 [[Test worker]] INFO  - HikariPool-1 - Starting...
2025-12-15 21:36:34 [[Test worker]] INFO  - HikariPool-1 - Added connection org.postgresql.jdbc.PgConnection@8c0a23f
2025-12-15 21:36:34 [[Test worker]] INFO  - HikariPool-1 - Start completed.
2025-12-15 21:36:38 [[Test worker]] INFO  - Started FeaturesCsvDtoTest in 8.342 seconds (process running for 11.84)
2025-12-15 21:36:41 [[SpringApplicationShutdownHook]] INFO  - HikariPool-1 - Shutdown initiated...
2025-12-15 21:36:41 [[SpringApplicationShutdownHook]] INFO  - HikariPool-1 - Shutdown completed.
2025-12-15 21:44:37 [[Test worker]] INFO  - Starting FeaturesCsvDtoTest using Java 25.0.1 with PID 44364 (started by fuyutotoda in C:\Users\fuyutotoda\Local_Works\SMCC\app-batch\app-batch\springboot)
2025-12-15 21:44:37 [[Test worker]] INFO  - No active profile set, falling back to 1 default profile: "default"
2025-12-15 21:44:40 [[Test worker]] INFO  - HikariPool-1 - Starting...
2025-12-15 21:44:40 [[Test worker]] INFO  - HikariPool-1 - Added connection org.postgresql.jdbc.PgConnection@44d7e24
2025-12-15 21:44:40 [[Test worker]] INFO  - HikariPool-1 - Start completed.
2025-12-15 21:44:47 [[Test worker]] INFO  - Started FeaturesCsvDtoTest in 10.687 seconds (process running for 14.558)
2025-12-15 21:44:49 [[SpringApplicationShutdownHook]] INFO  - HikariPool-1 - Shutdown initiated...
2025-12-15 21:44:49 [[SpringApplicationShutdownHook]] INFO  - HikariPool-1 - Shutdown completed.
2025-12-15 21:55:56 [[Test worker]] INFO  - Starting FeaturesCsvDtoTest using Java 25.0.1 with PID 35760 (started by fuyutotoda in C:\Users\fuyutotoda\Local_Works\SMCC\app-batch\app-batch\springboot)
2025-12-15 21:55:56 [[Test worker]] INFO  - No active profile set, falling back to 1 default profile: "default"
2025-12-15 21:56:00 [[Test worker]] INFO  - HikariPool-1 - Starting...
2025-12-15 21:56:01 [[Test worker]] INFO  - HikariPool-1 - Added connection org.postgresql.jdbc.PgConnection@251c8145
2025-12-15 21:56:01 [[Test worker]] INFO  - HikariPool-1 - Start completed.
2025-12-15 21:56:07 [[Test worker]] INFO  - Started FeaturesCsvDtoTest in 13.075 seconds (process running for 21.683)
2025-12-15 21:56:09 [[SpringApplicationShutdownHook]] INFO  - HikariPool-1 - Shutdown initiated...
2025-12-15 21:56:09 [[SpringApplicationShutdownHook]] INFO  - HikariPool-1 - Shutdown completed.
2025-12-15 22:13:28 [[Test worker]] INFO  - Starting FeaturesCsvDtoTest using Java 25.0.1 with PID 44280 (started by fuyutotoda in C:\Users\fuyutotoda\Local_Works\SMCC\app-batch\app-batch\springboot)
2025-12-15 22:13:28 [[Test worker]] INFO  - No active profile set, falling back to 1 default profile: "default"
2025-12-15 22:13:30 [[Test worker]] INFO  - HikariPool-1 - Starting...
2025-12-15 22:13:31 [[Test worker]] INFO  - HikariPool-1 - Added connection org.postgresql.jdbc.PgConnection@250d440
2025-12-15 22:13:31 [[Test worker]] INFO  - HikariPool-1 - Start completed.
2025-12-15 22:13:36 [[Test worker]] INFO  - Started FeaturesCsvDtoTest in 9.956 seconds (process running for 13.607)
2025-12-15 22:13:40 [[SpringApplicationShutdownHook]] INFO  - HikariPool-1 - Shutdown initiated...
2025-12-15 22:13:40 [[SpringApplicationShutdownHook]] INFO  - HikariPool-1 - Shutdown completed.
